{"/Volumes/Sree/Learn/react/react-frontend-template/src/App.tsx": {"path":"/Volumes/Sree/Learn/react/react-frontend-template/src/App.tsx","statementMap":{"0":{"start":{"line":9,"column":26},"end":{"line":9,"column":63}},"1":{"start":{"line":10,"column":25},"end":{"line":10,"column":60}},"2":{"start":{"line":12,"column":2},"end":{"line":17,"column":null}},"3":{"start":{"line":14,"column":4},"end":{"line":14,"column":null}},"4":{"start":{"line":15,"column":4},"end":{"line":15,"column":null}},"5":{"start":{"line":16,"column":4},"end":{"line":16,"column":null}},"6":{"start":{"line":19,"column":8},"end":{"line":20,"column":null}},"7":{"start":{"line":20,"column":4},"end":{"line":20,"column":null}},"8":{"start":{"line":23,"column":8},"end":{"line":25,"column":null}},"9":{"start":{"line":24,"column":4},"end":{"line":24,"column":null}},"10":{"start":{"line":25,"column":4},"end":{"line":25,"column":null}},"11":{"start":{"line":28,"column":2},"end":{"line":32,"column":null}},"12":{"start":{"line":29,"column":4},"end":{"line":32,"column":null}},"13":{"start":{"line":36,"column":2},"end":{"line":72,"column":null}}},"fnMap":{"0":{"name":"App","decl":{"start":{"line":8,"column":9},"end":{"line":8,"column":15}},"loc":{"start":{"line":8,"column":15},"end":{"line":72,"column":null}},"line":8},"1":{"name":"(anonymous_1)","decl":{"start":{"line":12,"column":2},"end":{"line":12,"column":18}},"loc":{"start":{"line":12,"column":18},"end":{"line":17,"column":7}},"line":12},"2":{"name":"(anonymous_2)","decl":{"start":{"line":19,"column":8},"end":{"line":19,"column":35}},"loc":{"start":{"line":19,"column":35},"end":{"line":20,"column":null}},"line":19},"3":{"name":"(anonymous_3)","decl":{"start":{"line":23,"column":8},"end":{"line":23,"column":29}},"loc":{"start":{"line":23,"column":29},"end":{"line":25,"column":null}},"line":23}},"branchMap":{"0":{"loc":{"start":{"line":28,"column":2},"end":{"line":32,"column":null}},"type":"if","locations":[{"start":{"line":28,"column":2},"end":{"line":32,"column":null}},{"start":{},"end":{}}],"line":28},"1":{"loc":{"start":{"line":43,"column":14},"end":{"line":46,"column":null}},"type":"cond-expr","locations":[{"start":{"line":44,"column":16},"end":{"line":46,"column":17}},{"start":{"line":46,"column":16},"end":{"line":46,"column":null}}],"line":43},"2":{"loc":{"start":{"line":53,"column":14},"end":{"line":56,"column":null}},"type":"cond-expr","locations":[{"start":{"line":54,"column":16},"end":{"line":56,"column":17}},{"start":{"line":56,"column":16},"end":{"line":56,"column":null}}],"line":53},"3":{"loc":{"start":{"line":63,"column":14},"end":{"line":66,"column":null}},"type":"cond-expr","locations":[{"start":{"line":64,"column":16},"end":{"line":66,"column":17}},{"start":{"line":66,"column":16},"end":{"line":66,"column":null}}],"line":63}},"s":{"0":0,"1":0,"2":0,"3":0,"4":0,"5":0,"6":0,"7":0,"8":0,"9":0,"10":0,"11":0,"12":0,"13":0},"f":{"0":0,"1":0,"2":0,"3":0},"b":{"0":[0,0],"1":[0,0],"2":[0,0],"3":[0,0]},"meta":{"lastBranch":4,"lastFunction":4,"lastStatement":14,"seen":{"f:8:9:8:15":0,"s:9:26:9:63":0,"s:10:25:10:60":1,"s:12:2:17:Infinity":2,"f:12:2:12:18":1,"s:14:4:14:Infinity":3,"s:15:4:15:Infinity":4,"s:16:4:16:Infinity":5,"s:19:8:20:Infinity":6,"f:19:8:19:35":2,"s:20:4:20:Infinity":7,"s:23:8:25:Infinity":8,"f:23:8:23:29":3,"s:24:4:24:Infinity":9,"s:25:4:25:Infinity":10,"b:28:2:32:Infinity:undefined:undefined:undefined:undefined":0,"s:28:2:32:Infinity":11,"s:29:4:32:Infinity":12,"s:36:2:72:Infinity":13,"b:44:16:46:17:46:16:46:Infinity":1,"b:54:16:56:17:56:16:56:Infinity":2,"b:64:16:66:17:66:16:66:Infinity":3}}}
,"/Volumes/Sree/Learn/react/react-frontend-template/src/main.tsx": {"path":"/Volumes/Sree/Learn/react/react-frontend-template/src/main.tsx","statementMap":{"0":{"start":{"line":8,"column":0},"end":{"line":10,"column":null}},"1":{"start":{"line":12,"column":20},"end":{"line":12,"column":51}},"2":{"start":{"line":13,"column":0},"end":{"line":13,"column":null}},"3":{"start":{"line":13,"column":18},"end":{"line":13,"column":null}},"4":{"start":{"line":15,"column":0},"end":{"line":19,"column":null}}},"fnMap":{},"branchMap":{"0":{"loc":{"start":{"line":13,"column":0},"end":{"line":13,"column":null}},"type":"if","locations":[{"start":{"line":13,"column":0},"end":{"line":13,"column":null}},{"start":{},"end":{}}],"line":13}},"s":{"0":0,"1":0,"2":0,"3":0,"4":0},"f":{},"b":{"0":[0,0]},"meta":{"lastBranch":1,"lastFunction":0,"lastStatement":5,"seen":{"s:8:0:10:Infinity":0,"s:12:20:12:51":1,"b:13:0:13:Infinity:undefined:undefined:undefined:undefined":0,"s:13:0:13:Infinity":2,"s:13:18:13:Infinity":3,"s:15:0:19:Infinity":4}}}
,"/Volumes/Sree/Learn/react/react-frontend-template/src/components/Dashboard.tsx": {"path":"/Volumes/Sree/Learn/react/react-frontend-template/src/components/Dashboard.tsx","statementMap":{"0":{"start":{"line":26,"column":6},"end":{"line":818,"column":null}},"1":{"start":{"line":27,"column":24},"end":{"line":27,"column":75}},"2":{"start":{"line":28,"column":22},"end":{"line":28,"column":52}},"3":{"start":{"line":31,"column":18},"end":{"line":31,"column":60}},"4":{"start":{"line":32,"column":25},"end":{"line":32,"column":59}},"5":{"start":{"line":35,"column":28},"end":{"line":35,"column":65}},"6":{"start":{"line":36,"column":26},"end":{"line":36,"column":58}},"7":{"start":{"line":37,"column":29},"end":{"line":37,"column":64}},"8":{"start":{"line":38,"column":29},"end":{"line":38,"column":64}},"9":{"start":{"line":39,"column":30},"end":{"line":39,"column":69}},"10":{"start":{"line":40,"column":29},"end":{"line":40,"column":81}},"11":{"start":{"line":41,"column":25},"end":{"line":41,"column":56}},"12":{"start":{"line":42,"column":31},"end":{"line":42,"column":68}},"13":{"start":{"line":43,"column":27},"end":{"line":43,"column":60}},"14":{"start":{"line":44,"column":28},"end":{"line":44,"column":82}},"15":{"start":{"line":45,"column":26},"end":{"line":45,"column":77}},"16":{"start":{"line":46,"column":27},"end":{"line":46,"column":60}},"17":{"start":{"line":49,"column":26},"end":{"line":49,"column":75}},"18":{"start":{"line":50,"column":26},"end":{"line":50,"column":58}},"19":{"start":{"line":51,"column":32},"end":{"line":51,"column":70}},"20":{"start":{"line":52,"column":29},"end":{"line":52,"column":84}},"21":{"start":{"line":53,"column":27},"end":{"line":53,"column":79}},"22":{"start":{"line":54,"column":28},"end":{"line":54,"column":62}},"23":{"start":{"line":55,"column":27},"end":{"line":55,"column":63}},"24":{"start":{"line":58,"column":18},"end":{"line":58,"column":56}},"25":{"start":{"line":59,"column":23},"end":{"line":59,"column":52}},"26":{"start":{"line":60,"column":23},"end":{"line":60,"column":63}},"27":{"start":{"line":62,"column":4},"end":{"line":64,"column":null}},"28":{"start":{"line":63,"column":8},"end":{"line":63,"column":null}},"29":{"start":{"line":66,"column":29},"end":{"line":83,"column":null}},"30":{"start":{"line":67,"column":8},"end":{"line":83,"column":null}},"31":{"start":{"line":68,"column":12},"end":{"line":68,"column":null}},"32":{"start":{"line":69,"column":33},"end":{"line":69,"column":79}},"33":{"start":{"line":71,"column":12},"end":{"line":77,"column":null}},"34":{"start":{"line":72,"column":16},"end":{"line":72,"column":null}},"35":{"start":{"line":74,"column":16},"end":{"line":77,"column":null}},"36":{"start":{"line":75,"column":20},"end":{"line":75,"column":null}},"37":{"start":{"line":77,"column":20},"end":{"line":77,"column":null}},"38":{"start":{"line":81,"column":12},"end":{"line":81,"column":null}},"39":{"start":{"line":83,"column":12},"end":{"line":83,"column":null}},"40":{"start":{"line":87,"column":23},"end":{"line":94,"column":null}},"41":{"start":{"line":88,"column":8},"end":{"line":94,"column":null}},"42":{"start":{"line":89,"column":29},"end":{"line":89,"column":59}},"43":{"start":{"line":90,"column":12},"end":{"line":91,"column":null}},"44":{"start":{"line":91,"column":16},"end":{"line":91,"column":null}},"45":{"start":{"line":94,"column":12},"end":{"line":94,"column":null}},"46":{"start":{"line":98,"column":23},"end":{"line":105,"column":null}},"47":{"start":{"line":99,"column":8},"end":{"line":105,"column":null}},"48":{"start":{"line":100,"column":29},"end":{"line":100,"column":59}},"49":{"start":{"line":101,"column":12},"end":{"line":102,"column":null}},"50":{"start":{"line":102,"column":16},"end":{"line":102,"column":null}},"51":{"start":{"line":105,"column":12},"end":{"line":105,"column":null}},"52":{"start":{"line":110,"column":26},"end":{"line":132,"column":null}},"53":{"start":{"line":111,"column":8},"end":{"line":111,"column":null}},"54":{"start":{"line":112,"column":8},"end":{"line":132,"column":null}},"55":{"start":{"line":113,"column":12},"end":{"line":113,"column":null}},"56":{"start":{"line":114,"column":12},"end":{"line":122,"column":null}},"57":{"start":{"line":123,"column":12},"end":{"line":123,"column":null}},"58":{"start":{"line":124,"column":12},"end":{"line":124,"column":null}},"59":{"start":{"line":125,"column":12},"end":{"line":125,"column":null}},"60":{"start":{"line":126,"column":12},"end":{"line":126,"column":null}},"61":{"start":{"line":127,"column":12},"end":{"line":127,"column":null}},"62":{"start":{"line":128,"column":12},"end":{"line":128,"column":null}},"63":{"start":{"line":130,"column":12},"end":{"line":130,"column":null}},"64":{"start":{"line":132,"column":12},"end":{"line":132,"column":null}},"65":{"start":{"line":136,"column":29},"end":{"line":141,"column":null}},"66":{"start":{"line":137,"column":8},"end":{"line":141,"column":null}},"67":{"start":{"line":138,"column":12},"end":{"line":138,"column":null}},"68":{"start":{"line":139,"column":12},"end":{"line":139,"column":null}},"69":{"start":{"line":141,"column":12},"end":{"line":141,"column":null}},"70":{"start":{"line":145,"column":35},"end":{"line":154,"column":null}},"71":{"start":{"line":146,"column":39},"end":{"line":146,"column":null}},"72":{"start":{"line":147,"column":8},"end":{"line":154,"column":null}},"73":{"start":{"line":148,"column":12},"end":{"line":151,"column":null}},"74":{"start":{"line":152,"column":12},"end":{"line":152,"column":null}},"75":{"start":{"line":154,"column":12},"end":{"line":154,"column":null}},"76":{"start":{"line":158,"column":10},"end":{"line":164,"column":null}},"77":{"start":{"line":159,"column":8},"end":{"line":159,"column":null}},"78":{"start":{"line":160,"column":8},"end":{"line":160,"column":null}},"79":{"start":{"line":161,"column":8},"end":{"line":161,"column":null}},"80":{"start":{"line":162,"column":8},"end":{"line":162,"column":null}},"81":{"start":{"line":163,"column":8},"end":{"line":163,"column":null}},"82":{"start":{"line":164,"column":8},"end":{"line":164,"column":null}},"83":{"start":{"line":167,"column":10},"end":{"line":168,"column":null}},"84":{"start":{"line":168,"column":8},"end":{"line":168,"column":null}},"85":{"start":{"line":171,"column":29},"end":{"line":192,"column":null}},"86":{"start":{"line":172,"column":8},"end":{"line":172,"column":null}},"87":{"start":{"line":173,"column":8},"end":{"line":173,"column":null}},"88":{"start":{"line":173,"column":28},"end":{"line":173,"column":null}},"89":{"start":{"line":175,"column":8},"end":{"line":192,"column":null}},"90":{"start":{"line":176,"column":12},"end":{"line":176,"column":null}},"91":{"start":{"line":177,"column":12},"end":{"line":186,"column":null}},"92":{"start":{"line":187,"column":12},"end":{"line":187,"column":null}},"93":{"start":{"line":188,"column":12},"end":{"line":188,"column":null}},"94":{"start":{"line":190,"column":12},"end":{"line":190,"column":null}},"95":{"start":{"line":192,"column":12},"end":{"line":192,"column":null}},"96":{"start":{"line":197,"column":29},"end":{"line":212,"column":null}},"97":{"start":{"line":198,"column":8},"end":{"line":200,"column":null}},"98":{"start":{"line":199,"column":12},"end":{"line":199,"column":null}},"99":{"start":{"line":200,"column":12},"end":{"line":200,"column":null}},"100":{"start":{"line":202,"column":8},"end":{"line":204,"column":null}},"101":{"start":{"line":203,"column":12},"end":{"line":203,"column":null}},"102":{"start":{"line":204,"column":12},"end":{"line":204,"column":null}},"103":{"start":{"line":206,"column":8},"end":{"line":206,"column":null}},"104":{"start":{"line":206,"column":84},"end":{"line":206,"column":null}},"105":{"start":{"line":208,"column":8},"end":{"line":212,"column":null}},"106":{"start":{"line":209,"column":12},"end":{"line":209,"column":null}},"107":{"start":{"line":210,"column":12},"end":{"line":210,"column":null}},"108":{"start":{"line":212,"column":12},"end":{"line":212,"column":null}},"109":{"start":{"line":216,"column":30},"end":{"line":239,"column":null}},"110":{"start":{"line":217,"column":8},"end":{"line":217,"column":null}},"111":{"start":{"line":218,"column":8},"end":{"line":218,"column":null}},"112":{"start":{"line":219,"column":8},"end":{"line":239,"column":null}},"113":{"start":{"line":220,"column":12},"end":{"line":220,"column":null}},"114":{"start":{"line":221,"column":12},"end":{"line":229,"column":null}},"115":{"start":{"line":230,"column":12},"end":{"line":230,"column":null}},"116":{"start":{"line":231,"column":12},"end":{"line":231,"column":null}},"117":{"start":{"line":232,"column":12},"end":{"line":232,"column":null}},"118":{"start":{"line":233,"column":12},"end":{"line":233,"column":null}},"119":{"start":{"line":234,"column":12},"end":{"line":234,"column":null}},"120":{"start":{"line":236,"column":12},"end":{"line":236,"column":null}},"121":{"start":{"line":237,"column":12},"end":{"line":237,"column":null}},"122":{"start":{"line":239,"column":12},"end":{"line":239,"column":null}},"123":{"start":{"line":243,"column":35},"end":{"line":254,"column":null}},"124":{"start":{"line":244,"column":8},"end":{"line":244,"column":null}},"125":{"start":{"line":244,"column":41},"end":{"line":244,"column":null}},"126":{"start":{"line":246,"column":8},"end":{"line":254,"column":null}},"127":{"start":{"line":247,"column":12},"end":{"line":251,"column":null}},"128":{"start":{"line":252,"column":12},"end":{"line":252,"column":null}},"129":{"start":{"line":254,"column":12},"end":{"line":254,"column":null}},"130":{"start":{"line":258,"column":10},"end":{"line":260,"column":null}},"131":{"start":{"line":259,"column":8},"end":{"line":259,"column":null}},"132":{"start":{"line":260,"column":8},"end":{"line":260,"column":null}},"133":{"start":{"line":263,"column":4},"end":{"line":267,"column":null}},"134":{"start":{"line":264,"column":8},"end":{"line":267,"column":null}},"135":{"start":{"line":271,"column":4},"end":{"line":818,"column":null}},"136":{"start":{"line":299,"column":55},"end":{"line":299,"column":79}},"137":{"start":{"line":310,"column":59},"end":{"line":310,"column":71}},"138":{"start":{"line":328,"column":57},"end":{"line":328,"column":null}},"139":{"start":{"line":335,"column":57},"end":{"line":335,"column":86}},"140":{"start":{"line":351,"column":48},"end":{"line":351,"column":null}},"141":{"start":{"line":352,"column":48},"end":{"line":352,"column":null}},"142":{"start":{"line":369,"column":65},"end":{"line":369,"column":null}},"143":{"start":{"line":379,"column":65},"end":{"line":379,"column":97}},"144":{"start":{"line":390,"column":65},"end":{"line":390,"column":100}},"145":{"start":{"line":403,"column":52},"end":{"line":403,"column":null}},"146":{"start":{"line":404,"column":52},"end":{"line":404,"column":null}},"147":{"start":{"line":437,"column":48},"end":{"line":438,"column":107}},"148":{"start":{"line":439,"column":64},"end":{"line":439,"column":null}},"149":{"start":{"line":440,"column":44},"end":{"line":440,"column":null}},"150":{"start":{"line":457,"column":56},"end":{"line":458,"column":115}},"151":{"start":{"line":459,"column":72},"end":{"line":459,"column":null}},"152":{"start":{"line":460,"column":52},"end":{"line":460,"column":null}},"153":{"start":{"line":463,"column":49},"end":{"line":522,"column":null}},"154":{"start":{"line":481,"column":76},"end":{"line":481,"column":104}},"155":{"start":{"line":512,"column":76},"end":{"line":512,"column":98}},"156":{"start":{"line":552,"column":61},"end":{"line":552,"column":92}},"157":{"start":{"line":563,"column":61},"end":{"line":563,"column":null}},"158":{"start":{"line":573,"column":65},"end":{"line":573,"column":115}},"159":{"start":{"line":585,"column":65},"end":{"line":585,"column":111}},"160":{"start":{"line":600,"column":61},"end":{"line":600,"column":null}},"161":{"start":{"line":627,"column":53},"end":{"line":627,"column":null}},"162":{"start":{"line":632,"column":32},"end":{"line":633,"column":102}},"163":{"start":{"line":652,"column":44},"end":{"line":653,"column":114}},"164":{"start":{"line":656,"column":40},"end":{"line":810,"column":null}},"165":{"start":{"line":670,"column":85},"end":{"line":670,"column":117}},"166":{"start":{"line":679,"column":85},"end":{"line":679,"column":null}},"167":{"start":{"line":688,"column":89},"end":{"line":688,"column":140}},"168":{"start":{"line":700,"column":89},"end":{"line":700,"column":136}},"169":{"start":{"line":713,"column":89},"end":{"line":713,"column":null}},"170":{"start":{"line":740,"column":71},"end":{"line":740,"column":99}},"171":{"start":{"line":775,"column":83},"end":{"line":775,"column":104}},"172":{"start":{"line":784,"column":83},"end":{"line":784,"column":108}}},"fnMap":{"0":{"name":"(anonymous_0)","decl":{"start":{"line":26,"column":6},"end":{"line":26,"column":19}},"loc":{"start":{"line":26,"column":52},"end":{"line":818,"column":null}},"line":26},"1":{"name":"(anonymous_1)","decl":{"start":{"line":62,"column":4},"end":{"line":62,"column":20}},"loc":{"start":{"line":62,"column":20},"end":{"line":64,"column":9}},"line":62},"2":{"name":"(anonymous_2)","decl":{"start":{"line":66,"column":29},"end":{"line":66,"column":41}},"loc":{"start":{"line":66,"column":41},"end":{"line":83,"column":null}},"line":66},"3":{"name":"(anonymous_3)","decl":{"start":{"line":87,"column":23},"end":{"line":87,"column":35}},"loc":{"start":{"line":87,"column":35},"end":{"line":94,"column":null}},"line":87},"4":{"name":"(anonymous_4)","decl":{"start":{"line":98,"column":23},"end":{"line":98,"column":35}},"loc":{"start":{"line":98,"column":35},"end":{"line":105,"column":null}},"line":98},"5":{"name":"(anonymous_5)","decl":{"start":{"line":110,"column":26},"end":{"line":110,"column":33}},"loc":{"start":{"line":110,"column":56},"end":{"line":132,"column":null}},"line":110},"6":{"name":"(anonymous_6)","decl":{"start":{"line":136,"column":29},"end":{"line":136,"column":36}},"loc":{"start":{"line":136,"column":51},"end":{"line":141,"column":null}},"line":136},"7":{"name":"(anonymous_7)","decl":{"start":{"line":145,"column":35},"end":{"line":145,"column":42}},"loc":{"start":{"line":145,"column":67},"end":{"line":154,"column":null}},"line":145},"8":{"name":"(anonymous_8)","decl":{"start":{"line":158,"column":10},"end":{"line":158,"column":29}},"loc":{"start":{"line":158,"column":54},"end":{"line":164,"column":null}},"line":158},"9":{"name":"(anonymous_9)","decl":{"start":{"line":167,"column":10},"end":{"line":167,"column":35}},"loc":{"start":{"line":167,"column":35},"end":{"line":168,"column":null}},"line":167},"10":{"name":"(anonymous_10)","decl":{"start":{"line":171,"column":29},"end":{"line":171,"column":36}},"loc":{"start":{"line":171,"column":59},"end":{"line":192,"column":null}},"line":171},"11":{"name":"(anonymous_11)","decl":{"start":{"line":197,"column":29},"end":{"line":197,"column":36}},"loc":{"start":{"line":197,"column":57},"end":{"line":212,"column":null}},"line":197},"12":{"name":"(anonymous_12)","decl":{"start":{"line":216,"column":30},"end":{"line":216,"column":37}},"loc":{"start":{"line":216,"column":60},"end":{"line":239,"column":null}},"line":216},"13":{"name":"(anonymous_13)","decl":{"start":{"line":243,"column":35},"end":{"line":243,"column":42}},"loc":{"start":{"line":243,"column":63},"end":{"line":254,"column":null}},"line":243},"14":{"name":"(anonymous_14)","decl":{"start":{"line":258,"column":10},"end":{"line":258,"column":36}},"loc":{"start":{"line":258,"column":36},"end":{"line":260,"column":null}},"line":258},"15":{"name":"(anonymous_15)","decl":{"start":{"line":299,"column":40},"end":{"line":299,"column":55}},"loc":{"start":{"line":299,"column":55},"end":{"line":299,"column":79}},"line":299},"16":{"name":"(anonymous_16)","decl":{"start":{"line":310,"column":47},"end":{"line":310,"column":54}},"loc":{"start":{"line":310,"column":59},"end":{"line":310,"column":71}},"line":310},"17":{"name":"(anonymous_17)","decl":{"start":{"line":328,"column":40},"end":{"line":328,"column":51}},"loc":{"start":{"line":328,"column":57},"end":{"line":328,"column":null}},"line":328},"18":{"name":"(anonymous_18)","decl":{"start":{"line":335,"column":40},"end":{"line":335,"column":51}},"loc":{"start":{"line":335,"column":57},"end":{"line":335,"column":86}},"line":335},"19":{"name":"(anonymous_19)","decl":{"start":{"line":350,"column":44},"end":{"line":350,"column":59}},"loc":{"start":{"line":350,"column":59},"end":{"line":352,"column":null}},"line":350},"20":{"name":"(anonymous_20)","decl":{"start":{"line":369,"column":48},"end":{"line":369,"column":59}},"loc":{"start":{"line":369,"column":65},"end":{"line":369,"column":null}},"line":369},"21":{"name":"(anonymous_21)","decl":{"start":{"line":379,"column":48},"end":{"line":379,"column":59}},"loc":{"start":{"line":379,"column":65},"end":{"line":379,"column":97}},"line":379},"22":{"name":"(anonymous_22)","decl":{"start":{"line":390,"column":48},"end":{"line":390,"column":59}},"loc":{"start":{"line":390,"column":65},"end":{"line":390,"column":100}},"line":390},"23":{"name":"(anonymous_23)","decl":{"start":{"line":402,"column":48},"end":{"line":402,"column":63}},"loc":{"start":{"line":402,"column":63},"end":{"line":404,"column":null}},"line":402},"24":{"name":"(anonymous_24)","decl":{"start":{"line":435,"column":41},"end":{"line":435,"column":48}},"loc":{"start":{"line":435,"column":56},"end":{"line":441,"column":43}},"line":435},"25":{"name":"(anonymous_25)","decl":{"start":{"line":455,"column":49},"end":{"line":455,"column":56}},"loc":{"start":{"line":455,"column":64},"end":{"line":461,"column":null}},"line":455},"26":{"name":"(anonymous_26)","decl":{"start":{"line":462,"column":49},"end":{"line":462,"column":54}},"loc":{"start":{"line":463,"column":49},"end":{"line":522,"column":null}},"line":463},"27":{"name":"(anonymous_27)","decl":{"start":{"line":481,"column":61},"end":{"line":481,"column":76}},"loc":{"start":{"line":481,"column":76},"end":{"line":481,"column":104}},"line":481},"28":{"name":"(anonymous_28)","decl":{"start":{"line":512,"column":61},"end":{"line":512,"column":76}},"loc":{"start":{"line":512,"column":76},"end":{"line":512,"column":98}},"line":512},"29":{"name":"(anonymous_29)","decl":{"start":{"line":552,"column":44},"end":{"line":552,"column":55}},"loc":{"start":{"line":552,"column":61},"end":{"line":552,"column":92}},"line":552},"30":{"name":"(anonymous_30)","decl":{"start":{"line":563,"column":44},"end":{"line":563,"column":55}},"loc":{"start":{"line":563,"column":61},"end":{"line":563,"column":null}},"line":563},"31":{"name":"(anonymous_31)","decl":{"start":{"line":573,"column":48},"end":{"line":573,"column":59}},"loc":{"start":{"line":573,"column":65},"end":{"line":573,"column":115}},"line":573},"32":{"name":"(anonymous_32)","decl":{"start":{"line":585,"column":48},"end":{"line":585,"column":59}},"loc":{"start":{"line":585,"column":65},"end":{"line":585,"column":111}},"line":585},"33":{"name":"(anonymous_33)","decl":{"start":{"line":600,"column":44},"end":{"line":600,"column":55}},"loc":{"start":{"line":600,"column":61},"end":{"line":600,"column":null}},"line":600},"34":{"name":"(anonymous_34)","decl":{"start":{"line":627,"column":36},"end":{"line":627,"column":47}},"loc":{"start":{"line":627,"column":53},"end":{"line":627,"column":null}},"line":627},"35":{"name":"(anonymous_35)","decl":{"start":{"line":631,"column":35},"end":{"line":631,"column":42}},"loc":{"start":{"line":632,"column":32},"end":{"line":633,"column":102}},"line":632},"36":{"name":"(anonymous_36)","decl":{"start":{"line":651,"column":41},"end":{"line":651,"column":48}},"loc":{"start":{"line":652,"column":44},"end":{"line":653,"column":114}},"line":652},"37":{"name":"(anonymous_37)","decl":{"start":{"line":655,"column":41},"end":{"line":655,"column":46}},"loc":{"start":{"line":656,"column":40},"end":{"line":810,"column":null}},"line":656},"38":{"name":"(anonymous_38)","decl":{"start":{"line":670,"column":68},"end":{"line":670,"column":79}},"loc":{"start":{"line":670,"column":85},"end":{"line":670,"column":117}},"line":670},"39":{"name":"(anonymous_39)","decl":{"start":{"line":679,"column":68},"end":{"line":679,"column":79}},"loc":{"start":{"line":679,"column":85},"end":{"line":679,"column":null}},"line":679},"40":{"name":"(anonymous_40)","decl":{"start":{"line":688,"column":72},"end":{"line":688,"column":83}},"loc":{"start":{"line":688,"column":89},"end":{"line":688,"column":140}},"line":688},"41":{"name":"(anonymous_41)","decl":{"start":{"line":700,"column":72},"end":{"line":700,"column":83}},"loc":{"start":{"line":700,"column":89},"end":{"line":700,"column":136}},"line":700},"42":{"name":"(anonymous_42)","decl":{"start":{"line":713,"column":72},"end":{"line":713,"column":83}},"loc":{"start":{"line":713,"column":89},"end":{"line":713,"column":null}},"line":713},"43":{"name":"(anonymous_43)","decl":{"start":{"line":740,"column":56},"end":{"line":740,"column":71}},"loc":{"start":{"line":740,"column":71},"end":{"line":740,"column":99}},"line":740},"44":{"name":"(anonymous_44)","decl":{"start":{"line":775,"column":68},"end":{"line":775,"column":83}},"loc":{"start":{"line":775,"column":83},"end":{"line":775,"column":104}},"line":775},"45":{"name":"(anonymous_45)","decl":{"start":{"line":784,"column":68},"end":{"line":784,"column":83}},"loc":{"start":{"line":784,"column":83},"end":{"line":784,"column":108}},"line":784}},"branchMap":{"0":{"loc":{"start":{"line":71,"column":12},"end":{"line":77,"column":null}},"type":"if","locations":[{"start":{"line":71,"column":12},"end":{"line":77,"column":null}},{"start":{},"end":{}}],"line":71},"1":{"loc":{"start":{"line":74,"column":16},"end":{"line":77,"column":null}},"type":"if","locations":[{"start":{"line":74,"column":16},"end":{"line":77,"column":null}},{"start":{"line":76,"column":23},"end":{"line":77,"column":null}}],"line":74},"2":{"loc":{"start":{"line":90,"column":12},"end":{"line":91,"column":null}},"type":"if","locations":[{"start":{"line":90,"column":12},"end":{"line":91,"column":null}},{"start":{},"end":{}}],"line":90},"3":{"loc":{"start":{"line":90,"column":16},"end":{"line":90,"column":53}},"type":"binary-expr","locations":[{"start":{"line":90,"column":16},"end":{"line":90,"column":33}},{"start":{"line":90,"column":33},"end":{"line":90,"column":53}}],"line":90},"4":{"loc":{"start":{"line":101,"column":12},"end":{"line":102,"column":null}},"type":"if","locations":[{"start":{"line":101,"column":12},"end":{"line":102,"column":null}},{"start":{},"end":{}}],"line":101},"5":{"loc":{"start":{"line":101,"column":16},"end":{"line":101,"column":53}},"type":"binary-expr","locations":[{"start":{"line":101,"column":16},"end":{"line":101,"column":33}},{"start":{"line":101,"column":33},"end":{"line":101,"column":53}}],"line":101},"6":{"loc":{"start":{"line":118,"column":35},"end":{"line":118,"column":null}},"type":"binary-expr","locations":[{"start":{"line":118,"column":35},"end":{"line":118,"column":53}},{"start":{"line":118,"column":53},"end":{"line":118,"column":null}}],"line":118},"7":{"loc":{"start":{"line":146,"column":39},"end":{"line":146,"column":null}},"type":"cond-expr","locations":[{"start":{"line":146,"column":69},"end":{"line":146,"column":81}},{"start":{"line":146,"column":81},"end":{"line":146,"column":null}}],"line":146},"8":{"loc":{"start":{"line":161,"column":31},"end":{"line":161,"column":54}},"type":"binary-expr","locations":[{"start":{"line":161,"column":31},"end":{"line":161,"column":51}},{"start":{"line":161,"column":51},"end":{"line":161,"column":54}}],"line":161},"9":{"loc":{"start":{"line":162,"column":28},"end":{"line":162,"column":54}},"type":"binary-expr","locations":[{"start":{"line":162,"column":28},"end":{"line":162,"column":45}},{"start":{"line":162,"column":45},"end":{"line":162,"column":54}}],"line":162},"10":{"loc":{"start":{"line":163,"column":26},"end":{"line":163,"column":51}},"type":"binary-expr","locations":[{"start":{"line":163,"column":26},"end":{"line":163,"column":41}},{"start":{"line":163,"column":41},"end":{"line":163,"column":51}}],"line":163},"11":{"loc":{"start":{"line":164,"column":27},"end":{"line":164,"column":85}},"type":"cond-expr","locations":[{"start":{"line":164,"column":48},"end":{"line":164,"column":79}},{"start":{"line":164,"column":82},"end":{"line":164,"column":85}}],"line":164},"12":{"loc":{"start":{"line":173,"column":8},"end":{"line":173,"column":null}},"type":"if","locations":[{"start":{"line":173,"column":8},"end":{"line":173,"column":null}},{"start":{},"end":{}}],"line":173},"13":{"loc":{"start":{"line":184,"column":35},"end":{"line":184,"column":null}},"type":"binary-expr","locations":[{"start":{"line":184,"column":35},"end":{"line":184,"column":54}},{"start":{"line":184,"column":54},"end":{"line":184,"column":null}}],"line":184},"14":{"loc":{"start":{"line":198,"column":8},"end":{"line":200,"column":null}},"type":"if","locations":[{"start":{"line":198,"column":8},"end":{"line":200,"column":null}},{"start":{},"end":{}}],"line":198},"15":{"loc":{"start":{"line":202,"column":8},"end":{"line":204,"column":null}},"type":"if","locations":[{"start":{"line":202,"column":8},"end":{"line":204,"column":null}},{"start":{},"end":{}}],"line":202},"16":{"loc":{"start":{"line":206,"column":8},"end":{"line":206,"column":null}},"type":"if","locations":[{"start":{"line":206,"column":8},"end":{"line":206,"column":null}},{"start":{},"end":{}}],"line":206},"17":{"loc":{"start":{"line":237,"column":32},"end":{"line":237,"column":106}},"type":"binary-expr","locations":[{"start":{"line":237,"column":32},"end":{"line":237,"column":54}},{"start":{"line":237,"column":54},"end":{"line":237,"column":106}}],"line":237},"18":{"loc":{"start":{"line":244,"column":8},"end":{"line":244,"column":null}},"type":"if","locations":[{"start":{"line":244,"column":8},"end":{"line":244,"column":null}},{"start":{},"end":{}}],"line":244},"19":{"loc":{"start":{"line":263,"column":4},"end":{"line":267,"column":null}},"type":"if","locations":[{"start":{"line":263,"column":4},"end":{"line":267,"column":null}},{"start":{},"end":{}}],"line":263},"20":{"loc":{"start":{"line":277,"column":29},"end":{"line":277,"column":null}},"type":"cond-expr","locations":[{"start":{"line":277,"column":61},"end":{"line":277,"column":86}},{"start":{"line":277,"column":86},"end":{"line":277,"column":null}}],"line":277},"21":{"loc":{"start":{"line":280,"column":126},"end":{"line":280,"column":178}},"type":"binary-expr","locations":[{"start":{"line":280,"column":126},"end":{"line":280,"column":152}},{"start":{"line":280,"column":152},"end":{"line":280,"column":178}}],"line":280},"22":{"loc":{"start":{"line":291,"column":17},"end":{"line":812,"column":null}},"type":"cond-expr","locations":[{"start":{"line":293,"column":20},"end":{"line":531,"column":21}},{"start":{"line":531,"column":20},"end":{"line":812,"column":null}}],"line":291},"23":{"loc":{"start":{"line":345,"column":29},"end":{"line":416,"column":null}},"type":"binary-expr","locations":[{"start":{"line":345,"column":29},"end":{"line":345,"column":null}},{"start":{"line":346,"column":32},"end":{"line":416,"column":null}}],"line":345},"24":{"loc":{"start":{"line":394,"column":41},"end":{"line":397,"column":null}},"type":"binary-expr","locations":[{"start":{"line":394,"column":41},"end":{"line":394,"column":null}},{"start":{"line":395,"column":44},"end":{"line":397,"column":null}}],"line":394},"25":{"loc":{"start":{"line":415,"column":49},"end":{"line":415,"column":null}},"type":"cond-expr","locations":[{"start":{"line":415,"column":69},"end":{"line":415,"column":85}},{"start":{"line":415,"column":85},"end":{"line":415,"column":null}}],"line":415},"26":{"loc":{"start":{"line":434,"column":37},"end":{"line":522,"column":null}},"type":"cond-expr","locations":[{"start":{"line":442,"column":44},"end":{"line":454,"column":null}},{"start":{"line":454,"column":44},"end":{"line":522,"column":null}}],"line":434},"27":{"loc":{"start":{"line":437,"column":48},"end":{"line":438,"column":107}},"type":"binary-expr","locations":[{"start":{"line":437,"column":48},"end":{"line":437,"column":112}},{"start":{"line":438,"column":48},"end":{"line":438,"column":107}}],"line":437},"28":{"loc":{"start":{"line":439,"column":64},"end":{"line":439,"column":null}},"type":"binary-expr","locations":[{"start":{"line":439,"column":64},"end":{"line":439,"column":88}},{"start":{"line":439,"column":88},"end":{"line":439,"column":null}}],"line":439},"29":{"loc":{"start":{"line":440,"column":51},"end":{"line":440,"column":null}},"type":"binary-expr","locations":[{"start":{"line":440,"column":51},"end":{"line":440,"column":68}},{"start":{"line":440,"column":68},"end":{"line":440,"column":null}}],"line":440},"30":{"loc":{"start":{"line":457,"column":56},"end":{"line":458,"column":115}},"type":"binary-expr","locations":[{"start":{"line":457,"column":56},"end":{"line":457,"column":120}},{"start":{"line":458,"column":56},"end":{"line":458,"column":115}}],"line":457},"31":{"loc":{"start":{"line":459,"column":72},"end":{"line":459,"column":null}},"type":"binary-expr","locations":[{"start":{"line":459,"column":72},"end":{"line":459,"column":96}},{"start":{"line":459,"column":96},"end":{"line":459,"column":null}}],"line":459},"32":{"loc":{"start":{"line":460,"column":59},"end":{"line":460,"column":null}},"type":"binary-expr","locations":[{"start":{"line":460,"column":59},"end":{"line":460,"column":76}},{"start":{"line":460,"column":76},"end":{"line":460,"column":null}}],"line":460},"33":{"loc":{"start":{"line":466,"column":115},"end":{"line":466,"column":152}},"type":"binary-expr","locations":[{"start":{"line":466,"column":115},"end":{"line":466,"column":133}},{"start":{"line":466,"column":133},"end":{"line":466,"column":152}}],"line":466},"34":{"loc":{"start":{"line":472,"column":61},"end":{"line":474,"column":null}},"type":"cond-expr","locations":[{"start":{"line":473,"column":67},"end":{"line":473,"column":null}},{"start":{"line":474,"column":67},"end":{"line":474,"column":null}}],"line":472},"35":{"loc":{"start":{"line":484,"column":65},"end":{"line":486,"column":null}},"type":"cond-expr","locations":[{"start":{"line":485,"column":71},"end":{"line":485,"column":null}},{"start":{"line":486,"column":71},"end":{"line":486,"column":null}}],"line":484},"36":{"loc":{"start":{"line":488,"column":68},"end":{"line":488,"column":null}},"type":"cond-expr","locations":[{"start":{"line":488,"column":98},"end":{"line":488,"column":141}},{"start":{"line":488,"column":141},"end":{"line":488,"column":null}}],"line":488},"37":{"loc":{"start":{"line":488,"column":153},"end":{"line":488,"column":196}},"type":"cond-expr","locations":[{"start":{"line":488,"column":170},"end":{"line":488,"column":185}},{"start":{"line":488,"column":185},"end":{"line":488,"column":196}}],"line":488},"38":{"loc":{"start":{"line":491,"column":65},"end":{"line":493,"column":null}},"type":"cond-expr","locations":[{"start":{"line":492,"column":71},"end":{"line":492,"column":null}},{"start":{"line":493,"column":71},"end":{"line":493,"column":null}}],"line":491},"39":{"loc":{"start":{"line":496,"column":65},"end":{"line":496,"column":null}},"type":"cond-expr","locations":[{"start":{"line":496,"column":82},"end":{"line":496,"column":101}},{"start":{"line":496,"column":101},"end":{"line":496,"column":null}}],"line":496},"40":{"loc":{"start":{"line":498,"column":66},"end":{"line":498,"column":null}},"type":"cond-expr","locations":[{"start":{"line":498,"column":83},"end":{"line":498,"column":94}},{"start":{"line":498,"column":94},"end":{"line":498,"column":null}}],"line":498},"41":{"loc":{"start":{"line":500,"column":62},"end":{"line":503,"column":null}},"type":"binary-expr","locations":[{"start":{"line":500,"column":62},"end":{"line":500,"column":null}},{"start":{"line":501,"column":65},"end":{"line":503,"column":null}}],"line":500},"42":{"loc":{"start":{"line":508,"column":58},"end":{"line":508,"column":null}},"type":"cond-expr","locations":[{"start":{"line":508,"column":76},"end":{"line":508,"column":122}},{"start":{"line":508,"column":125},"end":{"line":508,"column":null}}],"line":508},"43":{"loc":{"start":{"line":513,"column":71},"end":{"line":513,"column":null}},"type":"binary-expr","locations":[{"start":{"line":513,"column":71},"end":{"line":513,"column":102}},{"start":{"line":513,"column":102},"end":{"line":513,"column":null}}],"line":513},"44":{"loc":{"start":{"line":515,"column":68},"end":{"line":515,"column":null}},"type":"cond-expr","locations":[{"start":{"line":515,"column":92},"end":{"line":515,"column":121}},{"start":{"line":515,"column":121},"end":{"line":515,"column":null}}],"line":515},"45":{"loc":{"start":{"line":609,"column":41},"end":{"line":609,"column":null}},"type":"cond-expr","locations":[{"start":{"line":609,"column":56},"end":{"line":609,"column":72}},{"start":{"line":609,"column":72},"end":{"line":609,"column":null}}],"line":609},"46":{"loc":{"start":{"line":631,"column":29},"end":{"line":812,"column":null}},"type":"cond-expr","locations":[{"start":{"line":635,"column":32},"end":{"line":649,"column":33}},{"start":{"line":649,"column":32},"end":{"line":812,"column":null}}],"line":631},"47":{"loc":{"start":{"line":632,"column":32},"end":{"line":633,"column":102}},"type":"binary-expr","locations":[{"start":{"line":632,"column":32},"end":{"line":632,"column":95}},{"start":{"line":633,"column":32},"end":{"line":633,"column":102}}],"line":632},"48":{"loc":{"start":{"line":642,"column":41},"end":{"line":642,"column":null}},"type":"cond-expr","locations":[{"start":{"line":642,"column":58},"end":{"line":642,"column":86}},{"start":{"line":642,"column":86},"end":{"line":642,"column":null}}],"line":642},"49":{"loc":{"start":{"line":645,"column":41},"end":{"line":645,"column":null}},"type":"cond-expr","locations":[{"start":{"line":645,"column":58},"end":{"line":645,"column":111}},{"start":{"line":645,"column":111},"end":{"line":645,"column":null}}],"line":645},"50":{"loc":{"start":{"line":652,"column":44},"end":{"line":653,"column":114}},"type":"binary-expr","locations":[{"start":{"line":652,"column":44},"end":{"line":652,"column":107}},{"start":{"line":653,"column":44},"end":{"line":653,"column":114}}],"line":652},"51":{"loc":{"start":{"line":658,"column":193},"end":{"line":658,"column":null}},"type":"cond-expr","locations":[{"start":{"line":658,"column":252},"end":{"line":658,"column":267}},{"start":{"line":658,"column":267},"end":{"line":658,"column":null}}],"line":658},"52":{"loc":{"start":{"line":658,"column":193},"end":{"line":658,"column":252}},"type":"binary-expr","locations":[{"start":{"line":658,"column":193},"end":{"line":658,"column":224}},{"start":{"line":658,"column":224},"end":{"line":658,"column":252}}],"line":658},"53":{"loc":{"start":{"line":660,"column":45},"end":{"line":804,"column":null}},"type":"cond-expr","locations":[{"start":{"line":661,"column":48},"end":{"line":738,"column":49}},{"start":{"line":738,"column":48},"end":{"line":804,"column":null}}],"line":660},"54":{"loc":{"start":{"line":723,"column":69},"end":{"line":723,"column":null}},"type":"cond-expr","locations":[{"start":{"line":723,"column":86},"end":{"line":723,"column":102}},{"start":{"line":723,"column":102},"end":{"line":723,"column":null}}],"line":723},"55":{"loc":{"start":{"line":742,"column":60},"end":{"line":744,"column":null}},"type":"cond-expr","locations":[{"start":{"line":743,"column":66},"end":{"line":743,"column":null}},{"start":{"line":744,"column":66},"end":{"line":744,"column":null}}],"line":742},"56":{"loc":{"start":{"line":747,"column":57},"end":{"line":750,"column":null}},"type":"binary-expr","locations":[{"start":{"line":747,"column":57},"end":{"line":747,"column":null}},{"start":{"line":748,"column":60},"end":{"line":750,"column":null}}],"line":747},"57":{"loc":{"start":{"line":757,"column":115},"end":{"line":757,"column":null}},"type":"cond-expr","locations":[{"start":{"line":757,"column":145},"end":{"line":757,"column":185}},{"start":{"line":757,"column":185},"end":{"line":757,"column":null}}],"line":757},"58":{"loc":{"start":{"line":762,"column":72},"end":{"line":764,"column":null}},"type":"cond-expr","locations":[{"start":{"line":762,"column":99},"end":{"line":762,"column":null}},{"start":{"line":763,"column":72},"end":{"line":764,"column":null}}],"line":762},"59":{"loc":{"start":{"line":763,"column":72},"end":{"line":764,"column":null}},"type":"cond-expr","locations":[{"start":{"line":763,"column":101},"end":{"line":763,"column":null}},{"start":{"line":764,"column":72},"end":{"line":764,"column":null}}],"line":763},"60":{"loc":{"start":{"line":794,"column":57},"end":{"line":797,"column":null}},"type":"binary-expr","locations":[{"start":{"line":794,"column":57},"end":{"line":794,"column":null}},{"start":{"line":795,"column":60},"end":{"line":797,"column":null}}],"line":794},"61":{"loc":{"start":{"line":795,"column":121},"end":{"line":795,"column":null}},"type":"cond-expr","locations":[{"start":{"line":795,"column":151},"end":{"line":795,"column":168}},{"start":{"line":795,"column":168},"end":{"line":795,"column":null}}],"line":795},"62":{"loc":{"start":{"line":799,"column":57},"end":{"line":804,"column":null}},"type":"binary-expr","locations":[{"start":{"line":799,"column":57},"end":{"line":799,"column":null}},{"start":{"line":800,"column":60},"end":{"line":804,"column":null}}],"line":799}},"s":{"0":1,"1":5,"2":5,"3":5,"4":5,"5":5,"6":5,"7":5,"8":5,"9":5,"10":5,"11":5,"12":5,"13":5,"14":5,"15":5,"16":5,"17":5,"18":5,"19":5,"20":5,"21":5,"22":5,"23":5,"24":5,"25":5,"26":5,"27":5,"28":3,"29":5,"30":3,"31":3,"32":3,"33":2,"34":2,"35":2,"36":1,"37":1,"38":0,"39":2,"40":5,"41":1,"42":1,"43":1,"44":1,"45":0,"46":5,"47":1,"48":1,"49":1,"50":1,"51":0,"52":5,"53":0,"54":0,"55":0,"56":0,"57":0,"58":0,"59":0,"60":0,"61":0,"62":0,"63":0,"64":0,"65":5,"66":0,"67":0,"68":0,"69":0,"70":5,"71":0,"72":0,"73":0,"74":0,"75":0,"76":5,"77":0,"78":0,"79":0,"80":0,"81":0,"82":0,"83":5,"84":0,"85":5,"86":0,"87":0,"88":0,"89":0,"90":0,"91":0,"92":0,"93":0,"94":0,"95":0,"96":5,"97":0,"98":0,"99":0,"100":0,"101":0,"102":0,"103":0,"104":0,"105":0,"106":0,"107":0,"108":0,"109":5,"110":0,"111":0,"112":0,"113":0,"114":0,"115":0,"116":0,"117":0,"118":0,"119":0,"120":0,"121":0,"122":0,"123":5,"124":0,"125":0,"126":0,"127":0,"128":0,"129":0,"130":5,"131":0,"132":0,"133":5,"134":3,"135":2,"136":0,"137":2,"138":0,"139":0,"140":0,"141":0,"142":0,"143":0,"144":0,"145":0,"146":0,"147":2,"148":2,"149":2,"150":2,"151":2,"152":2,"153":2,"154":0,"155":0,"156":0,"157":0,"158":0,"159":0,"160":0,"161":0,"162":1,"163":1,"164":1,"165":0,"166":0,"167":0,"168":0,"169":0,"170":0,"171":0,"172":0},"f":{"0":5,"1":3,"2":3,"3":1,"4":1,"5":0,"6":0,"7":0,"8":0,"9":0,"10":0,"11":0,"12":0,"13":0,"14":0,"15":0,"16":2,"17":0,"18":0,"19":0,"20":0,"21":0,"22":0,"23":0,"24":2,"25":2,"26":2,"27":0,"28":0,"29":0,"30":0,"31":0,"32":0,"33":0,"34":0,"35":1,"36":1,"37":1,"38":0,"39":0,"40":0,"41":0,"42":0,"43":0,"44":0,"45":0},"b":{"0":[2,0],"1":[1,1],"2":[1,0],"3":[1,1],"4":[1,0],"5":[1,1],"6":[0,0],"7":[0,0],"8":[0,0],"9":[0,0],"10":[0,0],"11":[0,0],"12":[0,0],"13":[0,0],"14":[0,0],"15":[0,0],"16":[0,0],"17":[0,0],"18":[0,0],"19":[3,2],"20":[1,1],"21":[5,0],"22":[1,1],"23":[1,0],"24":[0,0],"25":[0,0],"26":[0,1],"27":[2,0],"28":[2,0],"29":[2,2],"30":[2,0],"31":[2,0],"32":[2,2],"33":[2,0],"34":[1,1],"35":[1,1],"36":[1,1],"37":[1,0],"38":[1,1],"39":[1,1],"40":[1,1],"41":[2,1],"42":[0,2],"43":[2,1],"44":[1,1],"45":[0,1],"46":[0,1],"47":[1,0],"48":[0,0],"49":[0,0],"50":[1,0],"51":[0,1],"52":[1,0],"53":[0,1],"54":[0,0],"55":[0,1],"56":[1,0],"57":[0,1],"58":[1,0],"59":[0,0],"60":[1,1],"61":[0,1],"62":[1,0]},"meta":{"lastBranch":63,"lastFunction":46,"lastStatement":173,"seen":{"s:26:6:818:Infinity":0,"f:26:6:26:19":0,"s:27:24:27:75":1,"s:28:22:28:52":2,"s:31:18:31:60":3,"s:32:25:32:59":4,"s:35:28:35:65":5,"s:36:26:36:58":6,"s:37:29:37:64":7,"s:38:29:38:64":8,"s:39:30:39:69":9,"s:40:29:40:81":10,"s:41:25:41:56":11,"s:42:31:42:68":12,"s:43:27:43:60":13,"s:44:28:44:82":14,"s:45:26:45:77":15,"s:46:27:46:60":16,"s:49:26:49:75":17,"s:50:26:50:58":18,"s:51:32:51:70":19,"s:52:29:52:84":20,"s:53:27:53:79":21,"s:54:28:54:62":22,"s:55:27:55:63":23,"s:58:18:58:56":24,"s:59:23:59:52":25,"s:60:23:60:63":26,"s:62:4:64:Infinity":27,"f:62:4:62:20":1,"s:63:8:63:Infinity":28,"s:66:29:83:Infinity":29,"f:66:29:66:41":2,"s:67:8:83:Infinity":30,"s:68:12:68:Infinity":31,"s:69:33:69:79":32,"b:71:12:77:Infinity:undefined:undefined:undefined:undefined":0,"s:71:12:77:Infinity":33,"s:72:16:72:Infinity":34,"b:74:16:77:Infinity:76:23:77:Infinity":1,"s:74:16:77:Infinity":35,"s:75:20:75:Infinity":36,"s:77:20:77:Infinity":37,"s:81:12:81:Infinity":38,"s:83:12:83:Infinity":39,"s:87:23:94:Infinity":40,"f:87:23:87:35":3,"s:88:8:94:Infinity":41,"s:89:29:89:59":42,"b:90:12:91:Infinity:undefined:undefined:undefined:undefined":2,"s:90:12:91:Infinity":43,"b:90:16:90:33:90:33:90:53":3,"s:91:16:91:Infinity":44,"s:94:12:94:Infinity":45,"s:98:23:105:Infinity":46,"f:98:23:98:35":4,"s:99:8:105:Infinity":47,"s:100:29:100:59":48,"b:101:12:102:Infinity:undefined:undefined:undefined:undefined":4,"s:101:12:102:Infinity":49,"b:101:16:101:33:101:33:101:53":5,"s:102:16:102:Infinity":50,"s:105:12:105:Infinity":51,"s:110:26:132:Infinity":52,"f:110:26:110:33":5,"s:111:8:111:Infinity":53,"s:112:8:132:Infinity":54,"s:113:12:113:Infinity":55,"s:114:12:122:Infinity":56,"b:118:35:118:53:118:53:118:Infinity":6,"s:123:12:123:Infinity":57,"s:124:12:124:Infinity":58,"s:125:12:125:Infinity":59,"s:126:12:126:Infinity":60,"s:127:12:127:Infinity":61,"s:128:12:128:Infinity":62,"s:130:12:130:Infinity":63,"s:132:12:132:Infinity":64,"s:136:29:141:Infinity":65,"f:136:29:136:36":6,"s:137:8:141:Infinity":66,"s:138:12:138:Infinity":67,"s:139:12:139:Infinity":68,"s:141:12:141:Infinity":69,"s:145:35:154:Infinity":70,"f:145:35:145:42":7,"s:146:39:146:Infinity":71,"b:146:69:146:81:146:81:146:Infinity":7,"s:147:8:154:Infinity":72,"s:148:12:151:Infinity":73,"s:152:12:152:Infinity":74,"s:154:12:154:Infinity":75,"s:158:10:164:Infinity":76,"f:158:10:158:29":8,"s:159:8:159:Infinity":77,"s:160:8:160:Infinity":78,"s:161:8:161:Infinity":79,"b:161:31:161:51:161:51:161:54":8,"s:162:8:162:Infinity":80,"b:162:28:162:45:162:45:162:54":9,"s:163:8:163:Infinity":81,"b:163:26:163:41:163:41:163:51":10,"s:164:8:164:Infinity":82,"b:164:48:164:79:164:82:164:85":11,"s:167:10:168:Infinity":83,"f:167:10:167:35":9,"s:168:8:168:Infinity":84,"s:171:29:192:Infinity":85,"f:171:29:171:36":10,"s:172:8:172:Infinity":86,"b:173:8:173:Infinity:undefined:undefined:undefined:undefined":12,"s:173:8:173:Infinity":87,"s:173:28:173:Infinity":88,"s:175:8:192:Infinity":89,"s:176:12:176:Infinity":90,"s:177:12:186:Infinity":91,"b:184:35:184:54:184:54:184:Infinity":13,"s:187:12:187:Infinity":92,"s:188:12:188:Infinity":93,"s:190:12:190:Infinity":94,"s:192:12:192:Infinity":95,"s:197:29:212:Infinity":96,"f:197:29:197:36":11,"b:198:8:200:Infinity:undefined:undefined:undefined:undefined":14,"s:198:8:200:Infinity":97,"s:199:12:199:Infinity":98,"s:200:12:200:Infinity":99,"b:202:8:204:Infinity:undefined:undefined:undefined:undefined":15,"s:202:8:204:Infinity":100,"s:203:12:203:Infinity":101,"s:204:12:204:Infinity":102,"b:206:8:206:Infinity:undefined:undefined:undefined:undefined":16,"s:206:8:206:Infinity":103,"s:206:84:206:Infinity":104,"s:208:8:212:Infinity":105,"s:209:12:209:Infinity":106,"s:210:12:210:Infinity":107,"s:212:12:212:Infinity":108,"s:216:30:239:Infinity":109,"f:216:30:216:37":12,"s:217:8:217:Infinity":110,"s:218:8:218:Infinity":111,"s:219:8:239:Infinity":112,"s:220:12:220:Infinity":113,"s:221:12:229:Infinity":114,"s:230:12:230:Infinity":115,"s:231:12:231:Infinity":116,"s:232:12:232:Infinity":117,"s:233:12:233:Infinity":118,"s:234:12:234:Infinity":119,"s:236:12:236:Infinity":120,"s:237:12:237:Infinity":121,"b:237:32:237:54:237:54:237:106":17,"s:239:12:239:Infinity":122,"s:243:35:254:Infinity":123,"f:243:35:243:42":13,"b:244:8:244:Infinity:undefined:undefined:undefined:undefined":18,"s:244:8:244:Infinity":124,"s:244:41:244:Infinity":125,"s:246:8:254:Infinity":126,"s:247:12:251:Infinity":127,"s:252:12:252:Infinity":128,"s:254:12:254:Infinity":129,"s:258:10:260:Infinity":130,"f:258:10:258:36":14,"s:259:8:259:Infinity":131,"s:260:8:260:Infinity":132,"b:263:4:267:Infinity:undefined:undefined:undefined:undefined":19,"s:263:4:267:Infinity":133,"s:264:8:267:Infinity":134,"s:271:4:818:Infinity":135,"b:277:61:277:86:277:86:277:Infinity":20,"b:280:126:280:152:280:152:280:178":21,"b:293:20:531:21:531:20:812:Infinity":22,"f:299:40:299:55":15,"s:299:55:299:79":136,"f:310:47:310:54":16,"s:310:59:310:71":137,"f:328:40:328:51":17,"s:328:57:328:Infinity":138,"f:335:40:335:51":18,"s:335:57:335:86":139,"b:345:29:345:Infinity:346:32:416:Infinity":23,"f:350:44:350:59":19,"s:351:48:351:Infinity":140,"s:352:48:352:Infinity":141,"f:369:48:369:59":20,"s:369:65:369:Infinity":142,"f:379:48:379:59":21,"s:379:65:379:97":143,"f:390:48:390:59":22,"s:390:65:390:100":144,"b:394:41:394:Infinity:395:44:397:Infinity":24,"f:402:48:402:63":23,"s:403:52:403:Infinity":145,"s:404:52:404:Infinity":146,"b:415:69:415:85:415:85:415:Infinity":25,"b:442:44:454:Infinity:454:44:522:Infinity":26,"f:435:41:435:48":24,"s:437:48:438:107":147,"b:437:48:437:112:438:48:438:107":27,"s:439:64:439:Infinity":148,"b:439:64:439:88:439:88:439:Infinity":28,"s:440:44:440:Infinity":149,"b:440:51:440:68:440:68:440:Infinity":29,"f:455:49:455:56":25,"s:457:56:458:115":150,"b:457:56:457:120:458:56:458:115":30,"s:459:72:459:Infinity":151,"b:459:72:459:96:459:96:459:Infinity":31,"s:460:52:460:Infinity":152,"b:460:59:460:76:460:76:460:Infinity":32,"f:462:49:462:54":26,"s:463:49:522:Infinity":153,"b:466:115:466:133:466:133:466:152":33,"b:473:67:473:Infinity:474:67:474:Infinity":34,"f:481:61:481:76":27,"s:481:76:481:104":154,"b:485:71:485:Infinity:486:71:486:Infinity":35,"b:488:98:488:141:488:141:488:Infinity":36,"b:488:170:488:185:488:185:488:196":37,"b:492:71:492:Infinity:493:71:493:Infinity":38,"b:496:82:496:101:496:101:496:Infinity":39,"b:498:83:498:94:498:94:498:Infinity":40,"b:500:62:500:Infinity:501:65:503:Infinity":41,"b:508:76:508:122:508:125:508:Infinity":42,"f:512:61:512:76":28,"s:512:76:512:98":155,"b:513:71:513:102:513:102:513:Infinity":43,"b:515:92:515:121:515:121:515:Infinity":44,"f:552:44:552:55":29,"s:552:61:552:92":156,"f:563:44:563:55":30,"s:563:61:563:Infinity":157,"f:573:48:573:59":31,"s:573:65:573:115":158,"f:585:48:585:59":32,"s:585:65:585:111":159,"f:600:44:600:55":33,"s:600:61:600:Infinity":160,"b:609:56:609:72:609:72:609:Infinity":45,"f:627:36:627:47":34,"s:627:53:627:Infinity":161,"b:635:32:649:33:649:32:812:Infinity":46,"f:631:35:631:42":35,"s:632:32:633:102":162,"b:632:32:632:95:633:32:633:102":47,"b:642:58:642:86:642:86:642:Infinity":48,"b:645:58:645:111:645:111:645:Infinity":49,"f:651:41:651:48":36,"s:652:44:653:114":163,"b:652:44:652:107:653:44:653:114":50,"f:655:41:655:46":37,"s:656:40:810:Infinity":164,"b:658:252:658:267:658:267:658:Infinity":51,"b:658:193:658:224:658:224:658:252":52,"b:661:48:738:49:738:48:804:Infinity":53,"f:670:68:670:79":38,"s:670:85:670:117":165,"f:679:68:679:79":39,"s:679:85:679:Infinity":166,"f:688:72:688:83":40,"s:688:89:688:140":167,"f:700:72:700:83":41,"s:700:89:700:136":168,"f:713:72:713:83":42,"s:713:89:713:Infinity":169,"b:723:86:723:102:723:102:723:Infinity":54,"f:740:56:740:71":43,"s:740:71:740:99":170,"b:743:66:743:Infinity:744:66:744:Infinity":55,"b:747:57:747:Infinity:748:60:750:Infinity":56,"b:757:145:757:185:757:185:757:Infinity":57,"b:762:99:762:Infinity:763:72:764:Infinity":58,"b:763:101:763:Infinity:764:72:764:Infinity":59,"f:775:68:775:83":44,"s:775:83:775:104":171,"f:784:68:784:83":45,"s:784:83:784:108":172,"b:794:57:794:Infinity:795:60:797:Infinity":60,"b:795:151:795:168:795:168:795:Infinity":61,"b:799:57:799:Infinity:800:60:804:Infinity":62}}}
,"/Volumes/Sree/Learn/react/react-frontend-template/src/components/Login.tsx": {"path":"/Volumes/Sree/Learn/react/react-frontend-template/src/components/Login.tsx","statementMap":{"0":{"start":{"line":9,"column":6},"end":{"line":134,"column":null}},"1":{"start":{"line":10,"column":21},"end":{"line":10,"column":48}},"2":{"start":{"line":11,"column":21},"end":{"line":11,"column":48}},"3":{"start":{"line":12,"column":21},"end":{"line":12,"column":51}},"4":{"start":{"line":13,"column":18},"end":{"line":13,"column":59}},"5":{"start":{"line":14,"column":22},"end":{"line":14,"column":53}},"6":{"start":{"line":16,"column":25},"end":{"line":56,"column":null}},"7":{"start":{"line":17,"column":8},"end":{"line":17,"column":null}},"8":{"start":{"line":18,"column":8},"end":{"line":18,"column":null}},"9":{"start":{"line":19,"column":8},"end":{"line":19,"column":null}},"10":{"start":{"line":21,"column":8},"end":{"line":21,"column":null}},"11":{"start":{"line":23,"column":8},"end":{"line":56,"column":null}},"12":{"start":{"line":24,"column":12},"end":{"line":50,"column":null}},"13":{"start":{"line":25,"column":44},"end":{"line":27,"column":18}},"14":{"start":{"line":28,"column":16},"end":{"line":34,"column":null}},"15":{"start":{"line":29,"column":20},"end":{"line":29,"column":null}},"16":{"start":{"line":30,"column":36},"end":{"line":30,"column":null}},"17":{"start":{"line":31,"column":20},"end":{"line":31,"column":null}},"18":{"start":{"line":33,"column":20},"end":{"line":33,"column":null}},"19":{"start":{"line":34,"column":20},"end":{"line":34,"column":null}},"20":{"start":{"line":37,"column":50},"end":{"line":39,"column":18}},"21":{"start":{"line":41,"column":16},"end":{"line":50,"column":null}},"22":{"start":{"line":42,"column":36},"end":{"line":42,"column":null}},"23":{"start":{"line":43,"column":20},"end":{"line":46,"column":null}},"24":{"start":{"line":44,"column":24},"end":{"line":44,"column":null}},"25":{"start":{"line":46,"column":24},"end":{"line":46,"column":null}},"26":{"start":{"line":48,"column":27},"end":{"line":50,"column":null}},"27":{"start":{"line":49,"column":20},"end":{"line":49,"column":null}},"28":{"start":{"line":50,"column":20},"end":{"line":50,"column":null}},"29":{"start":{"line":54,"column":12},"end":{"line":54,"column":null}},"30":{"start":{"line":56,"column":12},"end":{"line":56,"column":null}},"31":{"start":{"line":60,"column":4},"end":{"line":134,"column":null}},"32":{"start":{"line":91,"column":49},"end":{"line":91,"column":null}},"33":{"start":{"line":101,"column":49},"end":{"line":101,"column":null}},"34":{"start":{"line":126,"column":43},"end":{"line":126,"column":65}}},"fnMap":{"0":{"name":"(anonymous_0)","decl":{"start":{"line":9,"column":6},"end":{"line":9,"column":37}},"loc":{"start":{"line":9,"column":60},"end":{"line":134,"column":null}},"line":9},"1":{"name":"(anonymous_1)","decl":{"start":{"line":16,"column":25},"end":{"line":16,"column":32}},"loc":{"start":{"line":16,"column":55},"end":{"line":56,"column":null}},"line":16},"2":{"name":"(anonymous_2)","decl":{"start":{"line":91,"column":32},"end":{"line":91,"column":43}},"loc":{"start":{"line":91,"column":49},"end":{"line":91,"column":null}},"line":91},"3":{"name":"(anonymous_3)","decl":{"start":{"line":101,"column":32},"end":{"line":101,"column":43}},"loc":{"start":{"line":101,"column":49},"end":{"line":101,"column":null}},"line":101},"4":{"name":"(anonymous_4)","decl":{"start":{"line":126,"column":28},"end":{"line":126,"column":43}},"loc":{"start":{"line":126,"column":43},"end":{"line":126,"column":65}},"line":126}},"branchMap":{"0":{"loc":{"start":{"line":24,"column":12},"end":{"line":50,"column":null}},"type":"if","locations":[{"start":{"line":24,"column":12},"end":{"line":50,"column":null}},{"start":{"line":36,"column":19},"end":{"line":50,"column":null}}],"line":24},"1":{"loc":{"start":{"line":28,"column":16},"end":{"line":34,"column":null}},"type":"if","locations":[{"start":{"line":28,"column":16},"end":{"line":34,"column":null}},{"start":{"line":32,"column":23},"end":{"line":34,"column":null}}],"line":28},"2":{"loc":{"start":{"line":31,"column":29},"end":{"line":31,"column":74}},"type":"binary-expr","locations":[{"start":{"line":31,"column":29},"end":{"line":31,"column":39}},{"start":{"line":31,"column":39},"end":{"line":31,"column":74}}],"line":31},"3":{"loc":{"start":{"line":41,"column":16},"end":{"line":50,"column":null}},"type":"if","locations":[{"start":{"line":41,"column":16},"end":{"line":50,"column":null}},{"start":{"line":48,"column":27},"end":{"line":50,"column":null}}],"line":41},"4":{"loc":{"start":{"line":43,"column":20},"end":{"line":46,"column":null}},"type":"if","locations":[{"start":{"line":43,"column":20},"end":{"line":46,"column":null}},{"start":{"line":45,"column":27},"end":{"line":46,"column":null}}],"line":43},"5":{"loc":{"start":{"line":48,"column":27},"end":{"line":50,"column":null}},"type":"if","locations":[{"start":{"line":48,"column":27},"end":{"line":50,"column":null}},{"start":{},"end":{}}],"line":48},"6":{"loc":{"start":{"line":65,"column":25},"end":{"line":65,"column":null}},"type":"cond-expr","locations":[{"start":{"line":65,"column":36},"end":{"line":65,"column":58}},{"start":{"line":65,"column":58},"end":{"line":65,"column":null}}],"line":65},"7":{"loc":{"start":{"line":69,"column":21},"end":{"line":81,"column":null}},"type":"binary-expr","locations":[{"start":{"line":69,"column":21},"end":{"line":69,"column":null}},{"start":{"line":70,"column":24},"end":{"line":81,"column":null}}],"line":69},"8":{"loc":{"start":{"line":110,"column":162},"end":{"line":110,"column":246}},"type":"cond-expr","locations":[{"start":{"line":110,"column":174},"end":{"line":110,"column":208}},{"start":{"line":110,"column":208},"end":{"line":110,"column":246}}],"line":110},"9":{"loc":{"start":{"line":112,"column":29},"end":{"line":118,"column":null}},"type":"cond-expr","locations":[{"start":{"line":113,"column":32},"end":{"line":118,"column":43}},{"start":{"line":118,"column":32},"end":{"line":118,"column":null}}],"line":112},"10":{"loc":{"start":{"line":118,"column":32},"end":{"line":118,"column":null}},"type":"cond-expr","locations":[{"start":{"line":118,"column":43},"end":{"line":118,"column":55}},{"start":{"line":118,"column":55},"end":{"line":118,"column":null}}],"line":118},"11":{"loc":{"start":{"line":129,"column":29},"end":{"line":129,"column":null}},"type":"cond-expr","locations":[{"start":{"line":129,"column":40},"end":{"line":129,"column":77}},{"start":{"line":129,"column":77},"end":{"line":129,"column":null}}],"line":129}},"s":{"0":1,"1":3,"2":3,"3":3,"4":3,"5":3,"6":3,"7":0,"8":0,"9":0,"10":0,"11":0,"12":0,"13":0,"14":0,"15":0,"16":0,"17":0,"18":0,"19":0,"20":0,"21":0,"22":0,"23":0,"24":0,"25":0,"26":0,"27":0,"28":0,"29":0,"30":0,"31":3,"32":0,"33":0,"34":1},"f":{"0":3,"1":0,"2":0,"3":0,"4":1},"b":{"0":[0,0],"1":[0,0],"2":[0,0],"3":[0,0],"4":[0,0],"5":[0,0],"6":[1,2],"7":[3,0],"8":[0,3],"9":[0,3],"10":[1,2],"11":[1,2]},"meta":{"lastBranch":12,"lastFunction":5,"lastStatement":35,"seen":{"s:9:6:134:Infinity":0,"f:9:6:9:37":0,"s:10:21:10:48":1,"s:11:21:11:48":2,"s:12:21:12:51":3,"s:13:18:13:59":4,"s:14:22:14:53":5,"s:16:25:56:Infinity":6,"f:16:25:16:32":1,"s:17:8:17:Infinity":7,"s:18:8:18:Infinity":8,"s:19:8:19:Infinity":9,"s:21:8:21:Infinity":10,"s:23:8:56:Infinity":11,"b:24:12:50:Infinity:36:19:50:Infinity":0,"s:24:12:50:Infinity":12,"s:25:44:27:18":13,"b:28:16:34:Infinity:32:23:34:Infinity":1,"s:28:16:34:Infinity":14,"s:29:20:29:Infinity":15,"s:30:36:30:Infinity":16,"s:31:20:31:Infinity":17,"b:31:29:31:39:31:39:31:74":2,"s:33:20:33:Infinity":18,"s:34:20:34:Infinity":19,"s:37:50:39:18":20,"b:41:16:50:Infinity:48:27:50:Infinity":3,"s:41:16:50:Infinity":21,"s:42:36:42:Infinity":22,"b:43:20:46:Infinity:45:27:46:Infinity":4,"s:43:20:46:Infinity":23,"s:44:24:44:Infinity":24,"s:46:24:46:Infinity":25,"b:48:27:50:Infinity:undefined:undefined:undefined:undefined":5,"s:48:27:50:Infinity":26,"s:49:20:49:Infinity":27,"s:50:20:50:Infinity":28,"s:54:12:54:Infinity":29,"s:56:12:56:Infinity":30,"s:60:4:134:Infinity":31,"b:65:36:65:58:65:58:65:Infinity":6,"b:69:21:69:Infinity:70:24:81:Infinity":7,"f:91:32:91:43":2,"s:91:49:91:Infinity":32,"f:101:32:101:43":3,"s:101:49:101:Infinity":33,"b:110:174:110:208:110:208:110:246":8,"b:113:32:118:43:118:32:118:Infinity":9,"b:118:43:118:55:118:55:118:Infinity":10,"f:126:28:126:43":4,"s:126:43:126:65":34,"b:129:40:129:77:129:77:129:Infinity":11}}}
,"/Volumes/Sree/Learn/react/react-frontend-template/src/components/Profile.tsx": {"path":"/Volumes/Sree/Learn/react/react-frontend-template/src/components/Profile.tsx","statementMap":{"0":{"start":{"line":18,"column":6},"end":{"line":479,"column":null}},"1":{"start":{"line":19,"column":24},"end":{"line":19,"column":75}},"2":{"start":{"line":20,"column":22},"end":{"line":20,"column":52}},"3":{"start":{"line":23,"column":29},"end":{"line":23,"column":67}},"4":{"start":{"line":24,"column":25},"end":{"line":24,"column":56}},"5":{"start":{"line":25,"column":30},"end":{"line":25,"column":69}},"6":{"start":{"line":28,"column":31},"end":{"line":28,"column":71}},"7":{"start":{"line":29,"column":28},"end":{"line":29,"column":62}},"8":{"start":{"line":30,"column":24},"end":{"line":30,"column":54}},"9":{"start":{"line":31,"column":28},"end":{"line":31,"column":62}},"10":{"start":{"line":32,"column":31},"end":{"line":32,"column":71}},"11":{"start":{"line":33,"column":26},"end":{"line":33,"column":75}},"12":{"start":{"line":34,"column":28},"end":{"line":34,"column":65}},"13":{"start":{"line":37,"column":30},"end":{"line":37,"column":69}},"14":{"start":{"line":38,"column":30},"end":{"line":38,"column":69}},"15":{"start":{"line":39,"column":29},"end":{"line":39,"column":64}},"16":{"start":{"line":40,"column":32},"end":{"line":40,"column":73}},"17":{"start":{"line":41,"column":24},"end":{"line":41,"column":71}},"18":{"start":{"line":43,"column":4},"end":{"line":45,"column":null}},"19":{"start":{"line":44,"column":8},"end":{"line":44,"column":null}},"20":{"start":{"line":47,"column":22},"end":{"line":58,"column":null}},"21":{"start":{"line":48,"column":8},"end":{"line":58,"column":null}},"22":{"start":{"line":49,"column":12},"end":{"line":49,"column":null}},"23":{"start":{"line":50,"column":29},"end":{"line":50,"column":75}},"24":{"start":{"line":51,"column":12},"end":{"line":53,"column":null}},"25":{"start":{"line":52,"column":16},"end":{"line":52,"column":null}},"26":{"start":{"line":53,"column":16},"end":{"line":53,"column":null}},"27":{"start":{"line":56,"column":12},"end":{"line":56,"column":null}},"28":{"start":{"line":58,"column":12},"end":{"line":58,"column":null}},"29":{"start":{"line":62,"column":32},"end":{"line":79,"column":null}},"30":{"start":{"line":63,"column":8},"end":{"line":63,"column":null}},"31":{"start":{"line":64,"column":8},"end":{"line":64,"column":null}},"32":{"start":{"line":64,"column":26},"end":{"line":64,"column":null}},"33":{"start":{"line":66,"column":8},"end":{"line":79,"column":null}},"34":{"start":{"line":67,"column":12},"end":{"line":67,"column":null}},"35":{"start":{"line":68,"column":29},"end":{"line":71,"column":14}},"36":{"start":{"line":72,"column":12},"end":{"line":74,"column":null}},"37":{"start":{"line":73,"column":16},"end":{"line":73,"column":null}},"38":{"start":{"line":74,"column":16},"end":{"line":74,"column":null}},"39":{"start":{"line":77,"column":12},"end":{"line":77,"column":null}},"40":{"start":{"line":79,"column":12},"end":{"line":79,"column":null}},"41":{"start":{"line":83,"column":33},"end":{"line":113,"column":null}},"42":{"start":{"line":84,"column":8},"end":{"line":84,"column":null}},"43":{"start":{"line":85,"column":8},"end":{"line":85,"column":null}},"44":{"start":{"line":86,"column":8},"end":{"line":86,"column":null}},"45":{"start":{"line":88,"column":8},"end":{"line":90,"column":null}},"46":{"start":{"line":89,"column":12},"end":{"line":89,"column":null}},"47":{"start":{"line":90,"column":12},"end":{"line":90,"column":null}},"48":{"start":{"line":93,"column":8},"end":{"line":113,"column":null}},"49":{"start":{"line":94,"column":12},"end":{"line":94,"column":null}},"50":{"start":{"line":95,"column":12},"end":{"line":100,"column":null}},"51":{"start":{"line":101,"column":12},"end":{"line":101,"column":null}},"52":{"start":{"line":102,"column":12},"end":{"line":102,"column":null}},"53":{"start":{"line":103,"column":12},"end":{"line":103,"column":null}},"54":{"start":{"line":104,"column":12},"end":{"line":104,"column":null}},"55":{"start":{"line":105,"column":12},"end":{"line":108,"column":null}},"56":{"start":{"line":106,"column":16},"end":{"line":106,"column":null}},"57":{"start":{"line":107,"column":16},"end":{"line":107,"column":null}},"58":{"start":{"line":110,"column":12},"end":{"line":110,"column":null}},"59":{"start":{"line":111,"column":12},"end":{"line":111,"column":null}},"60":{"start":{"line":113,"column":12},"end":{"line":113,"column":null}},"61":{"start":{"line":117,"column":32},"end":{"line":145,"column":null}},"62":{"start":{"line":118,"column":8},"end":{"line":118,"column":null}},"63":{"start":{"line":118,"column":26},"end":{"line":118,"column":null}},"64":{"start":{"line":120,"column":8},"end":{"line":121,"column":null}},"65":{"start":{"line":121,"column":12},"end":{"line":121,"column":null}},"66":{"start":{"line":124,"column":8},"end":{"line":145,"column":null}},"67":{"start":{"line":125,"column":12},"end":{"line":125,"column":null}},"68":{"start":{"line":128,"column":34},"end":{"line":128,"column":64}},"69":{"start":{"line":129,"column":12},"end":{"line":133,"column":null}},"70":{"start":{"line":131,"column":16},"end":{"line":133,"column":null}},"71":{"start":{"line":131,"column":62},"end":{"line":132,"column":75}},"72":{"start":{"line":137,"column":12},"end":{"line":137,"column":null}},"73":{"start":{"line":140,"column":12},"end":{"line":140,"column":null}},"74":{"start":{"line":142,"column":12},"end":{"line":142,"column":null}},"75":{"start":{"line":143,"column":12},"end":{"line":143,"column":null}},"76":{"start":{"line":145,"column":12},"end":{"line":145,"column":null}},"77":{"start":{"line":149,"column":43},"end":{"line":173,"column":null}},"78":{"start":{"line":150,"column":8},"end":{"line":150,"column":null}},"79":{"start":{"line":151,"column":8},"end":{"line":151,"column":null}},"80":{"start":{"line":151,"column":26},"end":{"line":151,"column":null}},"81":{"start":{"line":152,"column":8},"end":{"line":152,"column":null}},"82":{"start":{"line":154,"column":8},"end":{"line":173,"column":null}},"83":{"start":{"line":155,"column":12},"end":{"line":155,"column":null}},"84":{"start":{"line":157,"column":29},"end":{"line":162,"column":14}},"85":{"start":{"line":164,"column":12},"end":{"line":168,"column":null}},"86":{"start":{"line":166,"column":16},"end":{"line":166,"column":null}},"87":{"start":{"line":168,"column":16},"end":{"line":168,"column":null}},"88":{"start":{"line":171,"column":12},"end":{"line":171,"column":null}},"89":{"start":{"line":173,"column":12},"end":{"line":173,"column":null}},"90":{"start":{"line":177,"column":4},"end":{"line":181,"column":null}},"91":{"start":{"line":178,"column":8},"end":{"line":181,"column":null}},"92":{"start":{"line":185,"column":4},"end":{"line":479,"column":null}},"93":{"start":{"line":221,"column":51},"end":{"line":221,"column":76}},"94":{"start":{"line":237,"column":61},"end":{"line":237,"column":92}},"95":{"start":{"line":253,"column":48},"end":{"line":253,"column":null}},"96":{"start":{"line":254,"column":48},"end":{"line":254,"column":null}},"97":{"start":{"line":302,"column":51},"end":{"line":302,"column":78}},"98":{"start":{"line":318,"column":61},"end":{"line":318,"column":95}},"99":{"start":{"line":329,"column":65},"end":{"line":329,"column":95}},"100":{"start":{"line":339,"column":65},"end":{"line":339,"column":99}},"101":{"start":{"line":377,"column":48},"end":{"line":377,"column":null}},"102":{"start":{"line":378,"column":48},"end":{"line":378,"column":null}},"103":{"start":{"line":379,"column":48},"end":{"line":379,"column":null}},"104":{"start":{"line":380,"column":48},"end":{"line":380,"column":null}},"105":{"start":{"line":381,"column":48},"end":{"line":381,"column":null}},"106":{"start":{"line":382,"column":48},"end":{"line":382,"column":null}},"107":{"start":{"line":400,"column":55},"end":{"line":400,"column":82}},"108":{"start":{"line":433,"column":55},"end":{"line":433,"column":81}},"109":{"start":{"line":447,"column":65},"end":{"line":447,"column":100}},"110":{"start":{"line":463,"column":52},"end":{"line":463,"column":null}},"111":{"start":{"line":464,"column":52},"end":{"line":464,"column":null}},"112":{"start":{"line":465,"column":52},"end":{"line":465,"column":null}}},"fnMap":{"0":{"name":"(anonymous_0)","decl":{"start":{"line":18,"column":6},"end":{"line":18,"column":17}},"loc":{"start":{"line":18,"column":48},"end":{"line":479,"column":null}},"line":18},"1":{"name":"(anonymous_1)","decl":{"start":{"line":43,"column":4},"end":{"line":43,"column":20}},"loc":{"start":{"line":43,"column":20},"end":{"line":45,"column":9}},"line":43},"2":{"name":"(anonymous_2)","decl":{"start":{"line":47,"column":22},"end":{"line":47,"column":34}},"loc":{"start":{"line":47,"column":34},"end":{"line":58,"column":null}},"line":47},"3":{"name":"(anonymous_3)","decl":{"start":{"line":62,"column":32},"end":{"line":62,"column":39}},"loc":{"start":{"line":62,"column":62},"end":{"line":79,"column":null}},"line":62},"4":{"name":"(anonymous_4)","decl":{"start":{"line":83,"column":33},"end":{"line":83,"column":40}},"loc":{"start":{"line":83,"column":63},"end":{"line":113,"column":null}},"line":83},"5":{"name":"(anonymous_5)","decl":{"start":{"line":105,"column":12},"end":{"line":105,"column":29}},"loc":{"start":{"line":105,"column":29},"end":{"line":108,"column":20}},"line":105},"6":{"name":"(anonymous_6)","decl":{"start":{"line":117,"column":32},"end":{"line":117,"column":44}},"loc":{"start":{"line":117,"column":44},"end":{"line":145,"column":null}},"line":117},"7":{"name":"(anonymous_7)","decl":{"start":{"line":131,"column":58},"end":{"line":131,"column":62}},"loc":{"start":{"line":131,"column":62},"end":{"line":132,"column":75}},"line":131},"8":{"name":"(anonymous_8)","decl":{"start":{"line":149,"column":43},"end":{"line":149,"column":50}},"loc":{"start":{"line":149,"column":73},"end":{"line":173,"column":null}},"line":149},"9":{"name":"(anonymous_9)","decl":{"start":{"line":221,"column":36},"end":{"line":221,"column":51}},"loc":{"start":{"line":221,"column":51},"end":{"line":221,"column":76}},"line":221},"10":{"name":"(anonymous_10)","decl":{"start":{"line":237,"column":44},"end":{"line":237,"column":55}},"loc":{"start":{"line":237,"column":61},"end":{"line":237,"column":92}},"line":237},"11":{"name":"(anonymous_11)","decl":{"start":{"line":252,"column":44},"end":{"line":252,"column":59}},"loc":{"start":{"line":252,"column":59},"end":{"line":254,"column":null}},"line":252},"12":{"name":"(anonymous_12)","decl":{"start":{"line":302,"column":36},"end":{"line":302,"column":51}},"loc":{"start":{"line":302,"column":51},"end":{"line":302,"column":78}},"line":302},"13":{"name":"(anonymous_13)","decl":{"start":{"line":318,"column":44},"end":{"line":318,"column":55}},"loc":{"start":{"line":318,"column":61},"end":{"line":318,"column":95}},"line":318},"14":{"name":"(anonymous_14)","decl":{"start":{"line":329,"column":48},"end":{"line":329,"column":59}},"loc":{"start":{"line":329,"column":65},"end":{"line":329,"column":95}},"line":329},"15":{"name":"(anonymous_15)","decl":{"start":{"line":339,"column":48},"end":{"line":339,"column":59}},"loc":{"start":{"line":339,"column":65},"end":{"line":339,"column":99}},"line":339},"16":{"name":"(anonymous_16)","decl":{"start":{"line":376,"column":44},"end":{"line":376,"column":59}},"loc":{"start":{"line":376,"column":59},"end":{"line":382,"column":null}},"line":376},"17":{"name":"(anonymous_17)","decl":{"start":{"line":400,"column":40},"end":{"line":400,"column":55}},"loc":{"start":{"line":400,"column":55},"end":{"line":400,"column":82}},"line":400},"18":{"name":"(anonymous_18)","decl":{"start":{"line":433,"column":40},"end":{"line":433,"column":55}},"loc":{"start":{"line":433,"column":55},"end":{"line":433,"column":81}},"line":433},"19":{"name":"(anonymous_19)","decl":{"start":{"line":447,"column":48},"end":{"line":447,"column":59}},"loc":{"start":{"line":447,"column":65},"end":{"line":447,"column":100}},"line":447},"20":{"name":"(anonymous_20)","decl":{"start":{"line":462,"column":48},"end":{"line":462,"column":63}},"loc":{"start":{"line":462,"column":63},"end":{"line":465,"column":null}},"line":462}},"branchMap":{"0":{"loc":{"start":{"line":51,"column":12},"end":{"line":53,"column":null}},"type":"if","locations":[{"start":{"line":51,"column":12},"end":{"line":53,"column":null}},{"start":{},"end":{}}],"line":51},"1":{"loc":{"start":{"line":53,"column":32},"end":{"line":53,"column":62}},"type":"binary-expr","locations":[{"start":{"line":53,"column":32},"end":{"line":53,"column":59}},{"start":{"line":53,"column":59},"end":{"line":53,"column":62}}],"line":53},"2":{"loc":{"start":{"line":64,"column":8},"end":{"line":64,"column":null}},"type":"if","locations":[{"start":{"line":64,"column":8},"end":{"line":64,"column":null}},{"start":{},"end":{}}],"line":64},"3":{"loc":{"start":{"line":72,"column":12},"end":{"line":74,"column":null}},"type":"if","locations":[{"start":{"line":72,"column":12},"end":{"line":74,"column":null}},{"start":{},"end":{}}],"line":72},"4":{"loc":{"start":{"line":88,"column":8},"end":{"line":90,"column":null}},"type":"if","locations":[{"start":{"line":88,"column":8},"end":{"line":90,"column":null}},{"start":{},"end":{}}],"line":88},"5":{"loc":{"start":{"line":111,"column":29},"end":{"line":111,"column":116}},"type":"binary-expr","locations":[{"start":{"line":111,"column":29},"end":{"line":111,"column":51}},{"start":{"line":111,"column":51},"end":{"line":111,"column":116}}],"line":111},"6":{"loc":{"start":{"line":118,"column":8},"end":{"line":118,"column":null}},"type":"if","locations":[{"start":{"line":118,"column":8},"end":{"line":118,"column":null}},{"start":{},"end":{}}],"line":118},"7":{"loc":{"start":{"line":120,"column":8},"end":{"line":121,"column":null}},"type":"if","locations":[{"start":{"line":120,"column":8},"end":{"line":121,"column":null}},{"start":{},"end":{}}],"line":120},"8":{"loc":{"start":{"line":129,"column":12},"end":{"line":133,"column":null}},"type":"if","locations":[{"start":{"line":129,"column":12},"end":{"line":133,"column":null}},{"start":{},"end":{}}],"line":129},"9":{"loc":{"start":{"line":129,"column":16},"end":{"line":129,"column":63}},"type":"binary-expr","locations":[{"start":{"line":129,"column":16},"end":{"line":129,"column":38}},{"start":{"line":129,"column":38},"end":{"line":129,"column":63}}],"line":129},"10":{"loc":{"start":{"line":151,"column":8},"end":{"line":151,"column":null}},"type":"if","locations":[{"start":{"line":151,"column":8},"end":{"line":151,"column":null}},{"start":{},"end":{}}],"line":151},"11":{"loc":{"start":{"line":164,"column":12},"end":{"line":168,"column":null}},"type":"if","locations":[{"start":{"line":164,"column":12},"end":{"line":168,"column":null}},{"start":{"line":167,"column":19},"end":{"line":168,"column":null}}],"line":164},"12":{"loc":{"start":{"line":177,"column":4},"end":{"line":181,"column":null}},"type":"if","locations":[{"start":{"line":177,"column":4},"end":{"line":181,"column":null}},{"start":{},"end":{}}],"line":177},"13":{"loc":{"start":{"line":219,"column":29},"end":{"line":225,"column":null}},"type":"binary-expr","locations":[{"start":{"line":219,"column":29},"end":{"line":219,"column":null}},{"start":{"line":220,"column":32},"end":{"line":225,"column":null}}],"line":219},"14":{"loc":{"start":{"line":229,"column":29},"end":{"line":283,"column":null}},"type":"cond-expr","locations":[{"start":{"line":230,"column":32},"end":{"line":264,"column":33}},{"start":{"line":264,"column":32},"end":{"line":283,"column":null}}],"line":229},"15":{"loc":{"start":{"line":248,"column":45},"end":{"line":248,"column":null}},"type":"cond-expr","locations":[{"start":{"line":248,"column":65},"end":{"line":248,"column":87}},{"start":{"line":248,"column":87},"end":{"line":248,"column":null}}],"line":248},"16":{"loc":{"start":{"line":254,"column":64},"end":{"line":254,"column":93}},"type":"binary-expr","locations":[{"start":{"line":254,"column":64},"end":{"line":254,"column":90}},{"start":{"line":254,"column":90},"end":{"line":254,"column":93}}],"line":254},"17":{"loc":{"start":{"line":271,"column":97},"end":{"line":271,"column":137}},"type":"binary-expr","locations":[{"start":{"line":271,"column":97},"end":{"line":271,"column":123}},{"start":{"line":271,"column":123},"end":{"line":271,"column":137}}],"line":271},"18":{"loc":{"start":{"line":300,"column":29},"end":{"line":306,"column":null}},"type":"binary-expr","locations":[{"start":{"line":300,"column":29},"end":{"line":300,"column":null}},{"start":{"line":301,"column":32},"end":{"line":306,"column":null}}],"line":300},"19":{"loc":{"start":{"line":310,"column":29},"end":{"line":405,"column":null}},"type":"cond-expr","locations":[{"start":{"line":311,"column":32},"end":{"line":392,"column":33}},{"start":{"line":392,"column":32},"end":{"line":405,"column":null}}],"line":310},"20":{"loc":{"start":{"line":345,"column":37},"end":{"line":353,"column":null}},"type":"binary-expr","locations":[{"start":{"line":345,"column":37},"end":{"line":345,"column":null}},{"start":{"line":346,"column":40},"end":{"line":353,"column":null}}],"line":345},"21":{"loc":{"start":{"line":355,"column":37},"end":{"line":363,"column":null}},"type":"binary-expr","locations":[{"start":{"line":355,"column":37},"end":{"line":355,"column":null}},{"start":{"line":356,"column":40},"end":{"line":363,"column":null}}],"line":355},"22":{"loc":{"start":{"line":372,"column":45},"end":{"line":372,"column":null}},"type":"cond-expr","locations":[{"start":{"line":372,"column":66},"end":{"line":372,"column":82}},{"start":{"line":372,"column":82},"end":{"line":372,"column":null}}],"line":372},"23":{"loc":{"start":{"line":431,"column":33},"end":{"line":470,"column":null}},"type":"cond-expr","locations":[{"start":{"line":432,"column":36},"end":{"line":439,"column":37}},{"start":{"line":439,"column":36},"end":{"line":470,"column":null}}],"line":431},"24":{"loc":{"start":{"line":451,"column":41},"end":{"line":451,"column":null}},"type":"binary-expr","locations":[{"start":{"line":451,"column":41},"end":{"line":451,"column":56}},{"start":{"line":451,"column":56},"end":{"line":451,"column":null}}],"line":451},"25":{"loc":{"start":{"line":455,"column":58},"end":{"line":455,"column":null}},"type":"binary-expr","locations":[{"start":{"line":455,"column":58},"end":{"line":455,"column":81}},{"start":{"line":455,"column":81},"end":{"line":455,"column":null}}],"line":455},"26":{"loc":{"start":{"line":458,"column":49},"end":{"line":458,"column":null}},"type":"cond-expr","locations":[{"start":{"line":458,"column":92},"end":{"line":458,"column":110}},{"start":{"line":458,"column":110},"end":{"line":458,"column":null}}],"line":458},"27":{"loc":{"start":{"line":458,"column":49},"end":{"line":458,"column":92}},"type":"binary-expr","locations":[{"start":{"line":458,"column":49},"end":{"line":458,"column":72}},{"start":{"line":458,"column":72},"end":{"line":458,"column":92}}],"line":458}},"s":{"0":1,"1":7,"2":7,"3":7,"4":7,"5":7,"6":7,"7":7,"8":7,"9":7,"10":7,"11":7,"12":7,"13":7,"14":7,"15":7,"16":7,"17":7,"18":7,"19":3,"20":7,"21":3,"22":3,"23":3,"24":3,"25":3,"26":3,"27":0,"28":3,"29":7,"30":0,"31":0,"32":0,"33":0,"34":0,"35":0,"36":0,"37":0,"38":0,"39":0,"40":0,"41":7,"42":0,"43":0,"44":0,"45":0,"46":0,"47":0,"48":0,"49":0,"50":0,"51":0,"52":0,"53":0,"54":0,"55":0,"56":0,"57":0,"58":0,"59":0,"60":0,"61":7,"62":0,"63":0,"64":0,"65":0,"66":0,"67":0,"68":0,"69":0,"70":0,"71":0,"72":0,"73":0,"74":0,"75":0,"76":0,"77":7,"78":0,"79":0,"80":0,"81":0,"82":0,"83":0,"84":0,"85":0,"86":0,"87":0,"88":0,"89":0,"90":7,"91":3,"92":4,"93":0,"94":0,"95":0,"96":0,"97":0,"98":0,"99":0,"100":0,"101":0,"102":0,"103":0,"104":0,"105":0,"106":0,"107":0,"108":1,"109":0,"110":0,"111":0,"112":0},"f":{"0":7,"1":3,"2":3,"3":0,"4":0,"5":0,"6":0,"7":0,"8":0,"9":0,"10":0,"11":0,"12":0,"13":0,"14":0,"15":0,"16":0,"17":0,"18":1,"19":0,"20":0},"b":{"0":[3,0],"1":[3,0],"2":[0,0],"3":[0,0],"4":[0,0],"5":[0,0],"6":[0,0],"7":[0,0],"8":[0,0],"9":[0,0],"10":[0,0],"11":[0,0],"12":[3,4],"13":[4,4],"14":[0,4],"15":[0,0],"16":[0,0],"17":[4,0],"18":[7,4],"19":[0,4],"20":[0,0],"21":[0,0],"22":[0,0],"23":[3,1],"24":[1,0],"25":[1,1],"26":[0,1],"27":[1,1]},"meta":{"lastBranch":28,"lastFunction":21,"lastStatement":113,"seen":{"s:18:6:479:Infinity":0,"f:18:6:18:17":0,"s:19:24:19:75":1,"s:20:22:20:52":2,"s:23:29:23:67":3,"s:24:25:24:56":4,"s:25:30:25:69":5,"s:28:31:28:71":6,"s:29:28:29:62":7,"s:30:24:30:54":8,"s:31:28:31:62":9,"s:32:31:32:71":10,"s:33:26:33:75":11,"s:34:28:34:65":12,"s:37:30:37:69":13,"s:38:30:38:69":14,"s:39:29:39:64":15,"s:40:32:40:73":16,"s:41:24:41:71":17,"s:43:4:45:Infinity":18,"f:43:4:43:20":1,"s:44:8:44:Infinity":19,"s:47:22:58:Infinity":20,"f:47:22:47:34":2,"s:48:8:58:Infinity":21,"s:49:12:49:Infinity":22,"s:50:29:50:75":23,"b:51:12:53:Infinity:undefined:undefined:undefined:undefined":0,"s:51:12:53:Infinity":24,"s:52:16:52:Infinity":25,"s:53:16:53:Infinity":26,"b:53:32:53:59:53:59:53:62":1,"s:56:12:56:Infinity":27,"s:58:12:58:Infinity":28,"s:62:32:79:Infinity":29,"f:62:32:62:39":3,"s:63:8:63:Infinity":30,"b:64:8:64:Infinity:undefined:undefined:undefined:undefined":2,"s:64:8:64:Infinity":31,"s:64:26:64:Infinity":32,"s:66:8:79:Infinity":33,"s:67:12:67:Infinity":34,"s:68:29:71:14":35,"b:72:12:74:Infinity:undefined:undefined:undefined:undefined":3,"s:72:12:74:Infinity":36,"s:73:16:73:Infinity":37,"s:74:16:74:Infinity":38,"s:77:12:77:Infinity":39,"s:79:12:79:Infinity":40,"s:83:33:113:Infinity":41,"f:83:33:83:40":4,"s:84:8:84:Infinity":42,"s:85:8:85:Infinity":43,"s:86:8:86:Infinity":44,"b:88:8:90:Infinity:undefined:undefined:undefined:undefined":4,"s:88:8:90:Infinity":45,"s:89:12:89:Infinity":46,"s:90:12:90:Infinity":47,"s:93:8:113:Infinity":48,"s:94:12:94:Infinity":49,"s:95:12:100:Infinity":50,"s:101:12:101:Infinity":51,"s:102:12:102:Infinity":52,"s:103:12:103:Infinity":53,"s:104:12:104:Infinity":54,"s:105:12:108:Infinity":55,"f:105:12:105:29":5,"s:106:16:106:Infinity":56,"s:107:16:107:Infinity":57,"s:110:12:110:Infinity":58,"s:111:12:111:Infinity":59,"b:111:29:111:51:111:51:111:116":5,"s:113:12:113:Infinity":60,"s:117:32:145:Infinity":61,"f:117:32:117:44":6,"b:118:8:118:Infinity:undefined:undefined:undefined:undefined":6,"s:118:8:118:Infinity":62,"s:118:26:118:Infinity":63,"b:120:8:121:Infinity:undefined:undefined:undefined:undefined":7,"s:120:8:121:Infinity":64,"s:121:12:121:Infinity":65,"s:124:8:145:Infinity":66,"s:125:12:125:Infinity":67,"s:128:34:128:64":68,"b:129:12:133:Infinity:undefined:undefined:undefined:undefined":8,"s:129:12:133:Infinity":69,"b:129:16:129:38:129:38:129:63":9,"s:131:16:133:Infinity":70,"f:131:58:131:62":7,"s:131:62:132:75":71,"s:137:12:137:Infinity":72,"s:140:12:140:Infinity":73,"s:142:12:142:Infinity":74,"s:143:12:143:Infinity":75,"s:145:12:145:Infinity":76,"s:149:43:173:Infinity":77,"f:149:43:149:50":8,"s:150:8:150:Infinity":78,"b:151:8:151:Infinity:undefined:undefined:undefined:undefined":10,"s:151:8:151:Infinity":79,"s:151:26:151:Infinity":80,"s:152:8:152:Infinity":81,"s:154:8:173:Infinity":82,"s:155:12:155:Infinity":83,"s:157:29:162:14":84,"b:164:12:168:Infinity:167:19:168:Infinity":11,"s:164:12:168:Infinity":85,"s:166:16:166:Infinity":86,"s:168:16:168:Infinity":87,"s:171:12:171:Infinity":88,"s:173:12:173:Infinity":89,"b:177:4:181:Infinity:undefined:undefined:undefined:undefined":12,"s:177:4:181:Infinity":90,"s:178:8:181:Infinity":91,"s:185:4:479:Infinity":92,"b:219:29:219:Infinity:220:32:225:Infinity":13,"f:221:36:221:51":9,"s:221:51:221:76":93,"b:230:32:264:33:264:32:283:Infinity":14,"f:237:44:237:55":10,"s:237:61:237:92":94,"b:248:65:248:87:248:87:248:Infinity":15,"f:252:44:252:59":11,"s:253:48:253:Infinity":95,"s:254:48:254:Infinity":96,"b:254:64:254:90:254:90:254:93":16,"b:271:97:271:123:271:123:271:137":17,"b:300:29:300:Infinity:301:32:306:Infinity":18,"f:302:36:302:51":12,"s:302:51:302:78":97,"b:311:32:392:33:392:32:405:Infinity":19,"f:318:44:318:55":13,"s:318:61:318:95":98,"f:329:48:329:59":14,"s:329:65:329:95":99,"f:339:48:339:59":15,"s:339:65:339:99":100,"b:345:37:345:Infinity:346:40:353:Infinity":20,"b:355:37:355:Infinity:356:40:363:Infinity":21,"b:372:66:372:82:372:82:372:Infinity":22,"f:376:44:376:59":16,"s:377:48:377:Infinity":101,"s:378:48:378:Infinity":102,"s:379:48:379:Infinity":103,"s:380:48:380:Infinity":104,"s:381:48:381:Infinity":105,"s:382:48:382:Infinity":106,"f:400:40:400:55":17,"s:400:55:400:82":107,"b:432:36:439:37:439:36:470:Infinity":23,"f:433:40:433:55":18,"s:433:55:433:81":108,"f:447:48:447:59":19,"s:447:65:447:100":109,"b:451:41:451:56:451:56:451:Infinity":24,"b:455:58:455:81:455:81:455:Infinity":25,"b:458:92:458:110:458:110:458:Infinity":26,"b:458:49:458:72:458:72:458:92":27,"f:462:48:462:63":20,"s:463:52:463:Infinity":110,"s:464:52:464:Infinity":111,"s:465:52:465:Infinity":112}}}
,"/Volumes/Sree/Learn/react/react-frontend-template/src/lib/auth.ts": {"path":"/Volumes/Sree/Learn/react/react-frontend-template/src/lib/auth.ts","statementMap":{"0":{"start":{"line":3,"column":18},"end":{"line":3,"column":null}},"1":{"start":{"line":5,"column":20},"end":{"line":38,"column":null}},"2":{"start":{"line":7,"column":8},"end":{"line":7,"column":null}},"3":{"start":{"line":8,"column":8},"end":{"line":12,"column":null}},"4":{"start":{"line":15,"column":8},"end":{"line":15,"column":null}},"5":{"start":{"line":18,"column":8},"end":{"line":18,"column":null}},"6":{"start":{"line":19,"column":8},"end":{"line":23,"column":null}},"7":{"start":{"line":26,"column":8},"end":{"line":26,"column":null}},"8":{"start":{"line":29,"column":22},"end":{"line":29,"column":53}},"9":{"start":{"line":30,"column":8},"end":{"line":35,"column":null}},"10":{"start":{"line":31,"column":12},"end":{"line":35,"column":null}}},"fnMap":{"0":{"name":"(anonymous_0)","decl":{"start":{"line":6,"column":4},"end":{"line":6,"column":15}},"loc":{"start":{"line":6,"column":33},"end":{"line":12,"column":null}},"line":6},"1":{"name":"(anonymous_1)","decl":{"start":{"line":14,"column":4},"end":{"line":14,"column":20}},"loc":{"start":{"line":14,"column":20},"end":{"line":15,"column":null}},"line":14},"2":{"name":"(anonymous_2)","decl":{"start":{"line":17,"column":4},"end":{"line":17,"column":22}},"loc":{"start":{"line":17,"column":22},"end":{"line":23,"column":null}},"line":17},"3":{"name":"(anonymous_3)","decl":{"start":{"line":25,"column":4},"end":{"line":25,"column":27}},"loc":{"start":{"line":25,"column":27},"end":{"line":26,"column":null}},"line":25},"4":{"name":"(anonymous_4)","decl":{"start":{"line":28,"column":4},"end":{"line":28,"column":22}},"loc":{"start":{"line":28,"column":22},"end":{"line":35,"column":null}},"line":28}},"branchMap":{"0":{"loc":{"start":{"line":30,"column":8},"end":{"line":35,"column":null}},"type":"if","locations":[{"start":{"line":30,"column":8},"end":{"line":35,"column":null}},{"start":{},"end":{}}],"line":30}},"s":{"0":3,"1":3,"2":1,"3":1,"4":0,"5":1,"6":1,"7":2,"8":1,"9":1,"10":1},"f":{"0":1,"1":0,"2":1,"3":2,"4":1},"b":{"0":[1,0]},"meta":{"lastBranch":1,"lastFunction":5,"lastStatement":11,"seen":{"s:3:18:3:Infinity":0,"s:5:20:38:Infinity":1,"f:6:4:6:15":0,"s:7:8:7:Infinity":2,"s:8:8:12:Infinity":3,"f:14:4:14:20":1,"s:15:8:15:Infinity":4,"f:17:4:17:22":2,"s:18:8:18:Infinity":5,"s:19:8:23:Infinity":6,"f:25:4:25:27":3,"s:26:8:26:Infinity":7,"f:28:4:28:22":4,"s:29:22:29:53":8,"b:30:8:35:Infinity:undefined:undefined:undefined:undefined":0,"s:30:8:35:Infinity":9,"s:31:12:35:Infinity":10}}}
}
