{"/Volumes/Sree/Learn/react/react-frontend-template/src/App.tsx": {"path":"/Volumes/Sree/Learn/react/react-frontend-template/src/App.tsx","statementMap":{"0":{"start":{"line":9,"column":26},"end":{"line":9,"column":63}},"1":{"start":{"line":10,"column":25},"end":{"line":10,"column":60}},"2":{"start":{"line":12,"column":2},"end":{"line":17,"column":null}},"3":{"start":{"line":14,"column":4},"end":{"line":14,"column":null}},"4":{"start":{"line":15,"column":4},"end":{"line":15,"column":null}},"5":{"start":{"line":16,"column":4},"end":{"line":16,"column":null}},"6":{"start":{"line":19,"column":8},"end":{"line":20,"column":null}},"7":{"start":{"line":20,"column":4},"end":{"line":20,"column":null}},"8":{"start":{"line":23,"column":8},"end":{"line":25,"column":null}},"9":{"start":{"line":24,"column":4},"end":{"line":24,"column":null}},"10":{"start":{"line":25,"column":4},"end":{"line":25,"column":null}},"11":{"start":{"line":28,"column":2},"end":{"line":32,"column":null}},"12":{"start":{"line":29,"column":4},"end":{"line":32,"column":null}},"13":{"start":{"line":36,"column":2},"end":{"line":72,"column":null}}},"fnMap":{"0":{"name":"App","decl":{"start":{"line":8,"column":9},"end":{"line":8,"column":15}},"loc":{"start":{"line":8,"column":15},"end":{"line":72,"column":null}},"line":8},"1":{"name":"(anonymous_1)","decl":{"start":{"line":12,"column":2},"end":{"line":12,"column":18}},"loc":{"start":{"line":12,"column":18},"end":{"line":17,"column":7}},"line":12},"2":{"name":"(anonymous_2)","decl":{"start":{"line":19,"column":8},"end":{"line":19,"column":35}},"loc":{"start":{"line":19,"column":35},"end":{"line":20,"column":null}},"line":19},"3":{"name":"(anonymous_3)","decl":{"start":{"line":23,"column":8},"end":{"line":23,"column":29}},"loc":{"start":{"line":23,"column":29},"end":{"line":25,"column":null}},"line":23}},"branchMap":{"0":{"loc":{"start":{"line":28,"column":2},"end":{"line":32,"column":null}},"type":"if","locations":[{"start":{"line":28,"column":2},"end":{"line":32,"column":null}},{"start":{},"end":{}}],"line":28},"1":{"loc":{"start":{"line":43,"column":14},"end":{"line":46,"column":null}},"type":"cond-expr","locations":[{"start":{"line":44,"column":16},"end":{"line":46,"column":17}},{"start":{"line":46,"column":16},"end":{"line":46,"column":null}}],"line":43},"2":{"loc":{"start":{"line":53,"column":14},"end":{"line":56,"column":null}},"type":"cond-expr","locations":[{"start":{"line":54,"column":16},"end":{"line":56,"column":17}},{"start":{"line":56,"column":16},"end":{"line":56,"column":null}}],"line":53},"3":{"loc":{"start":{"line":63,"column":14},"end":{"line":66,"column":null}},"type":"cond-expr","locations":[{"start":{"line":64,"column":16},"end":{"line":66,"column":17}},{"start":{"line":66,"column":16},"end":{"line":66,"column":null}}],"line":63}},"s":{"0":15,"1":15,"2":15,"3":6,"4":6,"5":6,"6":15,"7":1,"8":15,"9":2,"10":2,"11":15,"12":6,"13":9},"f":{"0":15,"1":6,"2":1,"3":2},"b":{"0":[6,9],"1":[5,4],"2":[4,5],"3":[4,5]},"meta":{"lastBranch":4,"lastFunction":4,"lastStatement":14,"seen":{"f:8:9:8:15":0,"s:9:26:9:63":0,"s:10:25:10:60":1,"s:12:2:17:Infinity":2,"f:12:2:12:18":1,"s:14:4:14:Infinity":3,"s:15:4:15:Infinity":4,"s:16:4:16:Infinity":5,"s:19:8:20:Infinity":6,"f:19:8:19:35":2,"s:20:4:20:Infinity":7,"s:23:8:25:Infinity":8,"f:23:8:23:29":3,"s:24:4:24:Infinity":9,"s:25:4:25:Infinity":10,"b:28:2:32:Infinity:undefined:undefined:undefined:undefined":0,"s:28:2:32:Infinity":11,"s:29:4:32:Infinity":12,"s:36:2:72:Infinity":13,"b:44:16:46:17:46:16:46:Infinity":1,"b:54:16:56:17:56:16:56:Infinity":2,"b:64:16:66:17:66:16:66:Infinity":3}}}
,"/Volumes/Sree/Learn/react/react-frontend-template/src/main.tsx": {"path":"/Volumes/Sree/Learn/react/react-frontend-template/src/main.tsx","statementMap":{"0":{"start":{"line":8,"column":0},"end":{"line":10,"column":null}},"1":{"start":{"line":12,"column":20},"end":{"line":12,"column":51}},"2":{"start":{"line":13,"column":0},"end":{"line":13,"column":null}},"3":{"start":{"line":13,"column":18},"end":{"line":13,"column":null}},"4":{"start":{"line":15,"column":0},"end":{"line":19,"column":null}}},"fnMap":{},"branchMap":{"0":{"loc":{"start":{"line":13,"column":0},"end":{"line":13,"column":null}},"type":"if","locations":[{"start":{"line":13,"column":0},"end":{"line":13,"column":null}},{"start":{},"end":{}}],"line":13}},"s":{"0":0,"1":0,"2":0,"3":0,"4":0},"f":{},"b":{"0":[0,0]},"meta":{"lastBranch":1,"lastFunction":0,"lastStatement":5,"seen":{"s:8:0:10:Infinity":0,"s:12:20:12:51":1,"b:13:0:13:Infinity:undefined:undefined:undefined:undefined":0,"s:13:0:13:Infinity":2,"s:13:18:13:Infinity":3,"s:15:0:19:Infinity":4}}}
,"/Volumes/Sree/Learn/react/react-frontend-template/src/components/Dashboard.tsx": {"path":"/Volumes/Sree/Learn/react/react-frontend-template/src/components/Dashboard.tsx","statementMap":{"0":{"start":{"line":26,"column":6},"end":{"line":829,"column":null}},"1":{"start":{"line":27,"column":24},"end":{"line":27,"column":75}},"2":{"start":{"line":28,"column":22},"end":{"line":28,"column":52}},"3":{"start":{"line":31,"column":18},"end":{"line":31,"column":60}},"4":{"start":{"line":32,"column":25},"end":{"line":32,"column":59}},"5":{"start":{"line":35,"column":28},"end":{"line":35,"column":65}},"6":{"start":{"line":36,"column":26},"end":{"line":36,"column":58}},"7":{"start":{"line":37,"column":29},"end":{"line":37,"column":64}},"8":{"start":{"line":38,"column":29},"end":{"line":38,"column":64}},"9":{"start":{"line":39,"column":30},"end":{"line":39,"column":69}},"10":{"start":{"line":40,"column":29},"end":{"line":40,"column":81}},"11":{"start":{"line":41,"column":25},"end":{"line":41,"column":56}},"12":{"start":{"line":42,"column":31},"end":{"line":42,"column":68}},"13":{"start":{"line":43,"column":27},"end":{"line":43,"column":60}},"14":{"start":{"line":44,"column":28},"end":{"line":44,"column":82}},"15":{"start":{"line":45,"column":26},"end":{"line":45,"column":77}},"16":{"start":{"line":46,"column":27},"end":{"line":46,"column":60}},"17":{"start":{"line":49,"column":26},"end":{"line":49,"column":75}},"18":{"start":{"line":50,"column":26},"end":{"line":50,"column":58}},"19":{"start":{"line":51,"column":32},"end":{"line":51,"column":70}},"20":{"start":{"line":52,"column":29},"end":{"line":52,"column":84}},"21":{"start":{"line":53,"column":27},"end":{"line":53,"column":79}},"22":{"start":{"line":54,"column":28},"end":{"line":54,"column":62}},"23":{"start":{"line":55,"column":27},"end":{"line":55,"column":63}},"24":{"start":{"line":58,"column":18},"end":{"line":58,"column":56}},"25":{"start":{"line":59,"column":23},"end":{"line":59,"column":52}},"26":{"start":{"line":60,"column":23},"end":{"line":60,"column":63}},"27":{"start":{"line":62,"column":4},"end":{"line":64,"column":null}},"28":{"start":{"line":63,"column":8},"end":{"line":63,"column":null}},"29":{"start":{"line":66,"column":29},"end":{"line":83,"column":null}},"30":{"start":{"line":67,"column":8},"end":{"line":83,"column":null}},"31":{"start":{"line":68,"column":12},"end":{"line":68,"column":null}},"32":{"start":{"line":69,"column":33},"end":{"line":69,"column":79}},"33":{"start":{"line":71,"column":12},"end":{"line":77,"column":null}},"34":{"start":{"line":72,"column":16},"end":{"line":72,"column":null}},"35":{"start":{"line":74,"column":16},"end":{"line":77,"column":null}},"36":{"start":{"line":75,"column":20},"end":{"line":75,"column":null}},"37":{"start":{"line":77,"column":20},"end":{"line":77,"column":null}},"38":{"start":{"line":81,"column":12},"end":{"line":81,"column":null}},"39":{"start":{"line":83,"column":12},"end":{"line":83,"column":null}},"40":{"start":{"line":87,"column":23},"end":{"line":94,"column":null}},"41":{"start":{"line":88,"column":8},"end":{"line":94,"column":null}},"42":{"start":{"line":89,"column":29},"end":{"line":89,"column":59}},"43":{"start":{"line":90,"column":12},"end":{"line":91,"column":null}},"44":{"start":{"line":91,"column":16},"end":{"line":91,"column":null}},"45":{"start":{"line":94,"column":12},"end":{"line":94,"column":null}},"46":{"start":{"line":98,"column":23},"end":{"line":105,"column":null}},"47":{"start":{"line":99,"column":8},"end":{"line":105,"column":null}},"48":{"start":{"line":100,"column":29},"end":{"line":100,"column":59}},"49":{"start":{"line":101,"column":12},"end":{"line":102,"column":null}},"50":{"start":{"line":102,"column":16},"end":{"line":102,"column":null}},"51":{"start":{"line":105,"column":12},"end":{"line":105,"column":null}},"52":{"start":{"line":110,"column":26},"end":{"line":132,"column":null}},"53":{"start":{"line":111,"column":8},"end":{"line":111,"column":null}},"54":{"start":{"line":112,"column":8},"end":{"line":132,"column":null}},"55":{"start":{"line":113,"column":12},"end":{"line":113,"column":null}},"56":{"start":{"line":114,"column":12},"end":{"line":122,"column":null}},"57":{"start":{"line":123,"column":12},"end":{"line":123,"column":null}},"58":{"start":{"line":124,"column":12},"end":{"line":124,"column":null}},"59":{"start":{"line":125,"column":12},"end":{"line":125,"column":null}},"60":{"start":{"line":126,"column":12},"end":{"line":126,"column":null}},"61":{"start":{"line":127,"column":12},"end":{"line":127,"column":null}},"62":{"start":{"line":128,"column":12},"end":{"line":128,"column":null}},"63":{"start":{"line":130,"column":12},"end":{"line":130,"column":null}},"64":{"start":{"line":132,"column":12},"end":{"line":132,"column":null}},"65":{"start":{"line":136,"column":29},"end":{"line":141,"column":null}},"66":{"start":{"line":137,"column":8},"end":{"line":141,"column":null}},"67":{"start":{"line":138,"column":12},"end":{"line":138,"column":null}},"68":{"start":{"line":139,"column":12},"end":{"line":139,"column":null}},"69":{"start":{"line":141,"column":12},"end":{"line":141,"column":null}},"70":{"start":{"line":145,"column":35},"end":{"line":154,"column":null}},"71":{"start":{"line":146,"column":39},"end":{"line":146,"column":null}},"72":{"start":{"line":147,"column":8},"end":{"line":154,"column":null}},"73":{"start":{"line":148,"column":12},"end":{"line":151,"column":null}},"74":{"start":{"line":152,"column":12},"end":{"line":152,"column":null}},"75":{"start":{"line":154,"column":12},"end":{"line":154,"column":null}},"76":{"start":{"line":158,"column":10},"end":{"line":164,"column":null}},"77":{"start":{"line":159,"column":8},"end":{"line":159,"column":null}},"78":{"start":{"line":160,"column":8},"end":{"line":160,"column":null}},"79":{"start":{"line":161,"column":8},"end":{"line":161,"column":null}},"80":{"start":{"line":162,"column":8},"end":{"line":162,"column":null}},"81":{"start":{"line":163,"column":8},"end":{"line":163,"column":null}},"82":{"start":{"line":164,"column":8},"end":{"line":164,"column":null}},"83":{"start":{"line":167,"column":10},"end":{"line":168,"column":null}},"84":{"start":{"line":168,"column":8},"end":{"line":168,"column":null}},"85":{"start":{"line":171,"column":29},"end":{"line":192,"column":null}},"86":{"start":{"line":172,"column":8},"end":{"line":172,"column":null}},"87":{"start":{"line":173,"column":8},"end":{"line":173,"column":null}},"88":{"start":{"line":173,"column":28},"end":{"line":173,"column":null}},"89":{"start":{"line":175,"column":8},"end":{"line":192,"column":null}},"90":{"start":{"line":176,"column":12},"end":{"line":176,"column":null}},"91":{"start":{"line":177,"column":12},"end":{"line":186,"column":null}},"92":{"start":{"line":187,"column":12},"end":{"line":187,"column":null}},"93":{"start":{"line":188,"column":12},"end":{"line":188,"column":null}},"94":{"start":{"line":190,"column":12},"end":{"line":190,"column":null}},"95":{"start":{"line":192,"column":12},"end":{"line":192,"column":null}},"96":{"start":{"line":197,"column":29},"end":{"line":212,"column":null}},"97":{"start":{"line":198,"column":8},"end":{"line":200,"column":null}},"98":{"start":{"line":199,"column":12},"end":{"line":199,"column":null}},"99":{"start":{"line":200,"column":12},"end":{"line":200,"column":null}},"100":{"start":{"line":202,"column":8},"end":{"line":204,"column":null}},"101":{"start":{"line":203,"column":12},"end":{"line":203,"column":null}},"102":{"start":{"line":204,"column":12},"end":{"line":204,"column":null}},"103":{"start":{"line":206,"column":8},"end":{"line":206,"column":null}},"104":{"start":{"line":206,"column":84},"end":{"line":206,"column":null}},"105":{"start":{"line":208,"column":8},"end":{"line":212,"column":null}},"106":{"start":{"line":209,"column":12},"end":{"line":209,"column":null}},"107":{"start":{"line":210,"column":12},"end":{"line":210,"column":null}},"108":{"start":{"line":212,"column":12},"end":{"line":212,"column":null}},"109":{"start":{"line":216,"column":30},"end":{"line":239,"column":null}},"110":{"start":{"line":217,"column":8},"end":{"line":217,"column":null}},"111":{"start":{"line":218,"column":8},"end":{"line":218,"column":null}},"112":{"start":{"line":219,"column":8},"end":{"line":239,"column":null}},"113":{"start":{"line":220,"column":12},"end":{"line":220,"column":null}},"114":{"start":{"line":221,"column":12},"end":{"line":229,"column":null}},"115":{"start":{"line":230,"column":12},"end":{"line":230,"column":null}},"116":{"start":{"line":231,"column":12},"end":{"line":231,"column":null}},"117":{"start":{"line":232,"column":12},"end":{"line":232,"column":null}},"118":{"start":{"line":233,"column":12},"end":{"line":233,"column":null}},"119":{"start":{"line":234,"column":12},"end":{"line":234,"column":null}},"120":{"start":{"line":236,"column":12},"end":{"line":236,"column":null}},"121":{"start":{"line":237,"column":12},"end":{"line":237,"column":null}},"122":{"start":{"line":239,"column":12},"end":{"line":239,"column":null}},"123":{"start":{"line":243,"column":35},"end":{"line":254,"column":null}},"124":{"start":{"line":244,"column":8},"end":{"line":244,"column":null}},"125":{"start":{"line":244,"column":41},"end":{"line":244,"column":null}},"126":{"start":{"line":246,"column":8},"end":{"line":254,"column":null}},"127":{"start":{"line":247,"column":12},"end":{"line":251,"column":null}},"128":{"start":{"line":252,"column":12},"end":{"line":252,"column":null}},"129":{"start":{"line":254,"column":12},"end":{"line":254,"column":null}},"130":{"start":{"line":258,"column":10},"end":{"line":260,"column":null}},"131":{"start":{"line":259,"column":8},"end":{"line":259,"column":null}},"132":{"start":{"line":260,"column":8},"end":{"line":260,"column":null}},"133":{"start":{"line":263,"column":4},"end":{"line":267,"column":null}},"134":{"start":{"line":264,"column":8},"end":{"line":267,"column":null}},"135":{"start":{"line":271,"column":4},"end":{"line":829,"column":null}},"136":{"start":{"line":299,"column":55},"end":{"line":299,"column":79}},"137":{"start":{"line":310,"column":59},"end":{"line":310,"column":71}},"138":{"start":{"line":328,"column":57},"end":{"line":328,"column":null}},"139":{"start":{"line":335,"column":57},"end":{"line":335,"column":86}},"140":{"start":{"line":351,"column":48},"end":{"line":351,"column":null}},"141":{"start":{"line":352,"column":48},"end":{"line":352,"column":null}},"142":{"start":{"line":369,"column":65},"end":{"line":369,"column":null}},"143":{"start":{"line":380,"column":65},"end":{"line":380,"column":97}},"144":{"start":{"line":392,"column":65},"end":{"line":392,"column":100}},"145":{"start":{"line":405,"column":52},"end":{"line":405,"column":null}},"146":{"start":{"line":406,"column":52},"end":{"line":406,"column":null}},"147":{"start":{"line":439,"column":48},"end":{"line":440,"column":107}},"148":{"start":{"line":441,"column":64},"end":{"line":441,"column":null}},"149":{"start":{"line":442,"column":44},"end":{"line":442,"column":null}},"150":{"start":{"line":459,"column":56},"end":{"line":460,"column":115}},"151":{"start":{"line":461,"column":72},"end":{"line":461,"column":null}},"152":{"start":{"line":462,"column":52},"end":{"line":462,"column":null}},"153":{"start":{"line":465,"column":49},"end":{"line":524,"column":null}},"154":{"start":{"line":483,"column":76},"end":{"line":483,"column":104}},"155":{"start":{"line":514,"column":76},"end":{"line":514,"column":98}},"156":{"start":{"line":555,"column":61},"end":{"line":555,"column":92}},"157":{"start":{"line":567,"column":61},"end":{"line":567,"column":null}},"158":{"start":{"line":578,"column":65},"end":{"line":578,"column":115}},"159":{"start":{"line":591,"column":65},"end":{"line":591,"column":111}},"160":{"start":{"line":606,"column":61},"end":{"line":606,"column":null}},"161":{"start":{"line":633,"column":53},"end":{"line":633,"column":null}},"162":{"start":{"line":638,"column":32},"end":{"line":639,"column":102}},"163":{"start":{"line":658,"column":44},"end":{"line":659,"column":114}},"164":{"start":{"line":662,"column":40},"end":{"line":821,"column":null}},"165":{"start":{"line":677,"column":85},"end":{"line":677,"column":117}},"166":{"start":{"line":687,"column":85},"end":{"line":687,"column":null}},"167":{"start":{"line":697,"column":89},"end":{"line":697,"column":140}},"168":{"start":{"line":710,"column":89},"end":{"line":710,"column":136}},"169":{"start":{"line":724,"column":89},"end":{"line":724,"column":null}},"170":{"start":{"line":751,"column":71},"end":{"line":751,"column":99}},"171":{"start":{"line":786,"column":83},"end":{"line":786,"column":104}},"172":{"start":{"line":795,"column":83},"end":{"line":795,"column":108}}},"fnMap":{"0":{"name":"(anonymous_0)","decl":{"start":{"line":26,"column":6},"end":{"line":26,"column":19}},"loc":{"start":{"line":26,"column":52},"end":{"line":829,"column":null}},"line":26},"1":{"name":"(anonymous_1)","decl":{"start":{"line":62,"column":4},"end":{"line":62,"column":20}},"loc":{"start":{"line":62,"column":20},"end":{"line":64,"column":9}},"line":62},"2":{"name":"(anonymous_2)","decl":{"start":{"line":66,"column":29},"end":{"line":66,"column":41}},"loc":{"start":{"line":66,"column":41},"end":{"line":83,"column":null}},"line":66},"3":{"name":"(anonymous_3)","decl":{"start":{"line":87,"column":23},"end":{"line":87,"column":35}},"loc":{"start":{"line":87,"column":35},"end":{"line":94,"column":null}},"line":87},"4":{"name":"(anonymous_4)","decl":{"start":{"line":98,"column":23},"end":{"line":98,"column":35}},"loc":{"start":{"line":98,"column":35},"end":{"line":105,"column":null}},"line":98},"5":{"name":"(anonymous_5)","decl":{"start":{"line":110,"column":26},"end":{"line":110,"column":33}},"loc":{"start":{"line":110,"column":56},"end":{"line":132,"column":null}},"line":110},"6":{"name":"(anonymous_6)","decl":{"start":{"line":136,"column":29},"end":{"line":136,"column":36}},"loc":{"start":{"line":136,"column":51},"end":{"line":141,"column":null}},"line":136},"7":{"name":"(anonymous_7)","decl":{"start":{"line":145,"column":35},"end":{"line":145,"column":42}},"loc":{"start":{"line":145,"column":67},"end":{"line":154,"column":null}},"line":145},"8":{"name":"(anonymous_8)","decl":{"start":{"line":158,"column":10},"end":{"line":158,"column":29}},"loc":{"start":{"line":158,"column":54},"end":{"line":164,"column":null}},"line":158},"9":{"name":"(anonymous_9)","decl":{"start":{"line":167,"column":10},"end":{"line":167,"column":35}},"loc":{"start":{"line":167,"column":35},"end":{"line":168,"column":null}},"line":167},"10":{"name":"(anonymous_10)","decl":{"start":{"line":171,"column":29},"end":{"line":171,"column":36}},"loc":{"start":{"line":171,"column":59},"end":{"line":192,"column":null}},"line":171},"11":{"name":"(anonymous_11)","decl":{"start":{"line":197,"column":29},"end":{"line":197,"column":36}},"loc":{"start":{"line":197,"column":57},"end":{"line":212,"column":null}},"line":197},"12":{"name":"(anonymous_12)","decl":{"start":{"line":216,"column":30},"end":{"line":216,"column":37}},"loc":{"start":{"line":216,"column":60},"end":{"line":239,"column":null}},"line":216},"13":{"name":"(anonymous_13)","decl":{"start":{"line":243,"column":35},"end":{"line":243,"column":42}},"loc":{"start":{"line":243,"column":63},"end":{"line":254,"column":null}},"line":243},"14":{"name":"(anonymous_14)","decl":{"start":{"line":258,"column":10},"end":{"line":258,"column":36}},"loc":{"start":{"line":258,"column":36},"end":{"line":260,"column":null}},"line":258},"15":{"name":"(anonymous_15)","decl":{"start":{"line":299,"column":40},"end":{"line":299,"column":55}},"loc":{"start":{"line":299,"column":55},"end":{"line":299,"column":79}},"line":299},"16":{"name":"(anonymous_16)","decl":{"start":{"line":310,"column":47},"end":{"line":310,"column":54}},"loc":{"start":{"line":310,"column":59},"end":{"line":310,"column":71}},"line":310},"17":{"name":"(anonymous_17)","decl":{"start":{"line":328,"column":40},"end":{"line":328,"column":51}},"loc":{"start":{"line":328,"column":57},"end":{"line":328,"column":null}},"line":328},"18":{"name":"(anonymous_18)","decl":{"start":{"line":335,"column":40},"end":{"line":335,"column":51}},"loc":{"start":{"line":335,"column":57},"end":{"line":335,"column":86}},"line":335},"19":{"name":"(anonymous_19)","decl":{"start":{"line":350,"column":44},"end":{"line":350,"column":59}},"loc":{"start":{"line":350,"column":59},"end":{"line":352,"column":null}},"line":350},"20":{"name":"(anonymous_20)","decl":{"start":{"line":369,"column":48},"end":{"line":369,"column":59}},"loc":{"start":{"line":369,"column":65},"end":{"line":369,"column":null}},"line":369},"21":{"name":"(anonymous_21)","decl":{"start":{"line":380,"column":48},"end":{"line":380,"column":59}},"loc":{"start":{"line":380,"column":65},"end":{"line":380,"column":97}},"line":380},"22":{"name":"(anonymous_22)","decl":{"start":{"line":392,"column":48},"end":{"line":392,"column":59}},"loc":{"start":{"line":392,"column":65},"end":{"line":392,"column":100}},"line":392},"23":{"name":"(anonymous_23)","decl":{"start":{"line":404,"column":48},"end":{"line":404,"column":63}},"loc":{"start":{"line":404,"column":63},"end":{"line":406,"column":null}},"line":404},"24":{"name":"(anonymous_24)","decl":{"start":{"line":437,"column":41},"end":{"line":437,"column":48}},"loc":{"start":{"line":437,"column":56},"end":{"line":443,"column":43}},"line":437},"25":{"name":"(anonymous_25)","decl":{"start":{"line":457,"column":49},"end":{"line":457,"column":56}},"loc":{"start":{"line":457,"column":64},"end":{"line":463,"column":null}},"line":457},"26":{"name":"(anonymous_26)","decl":{"start":{"line":464,"column":49},"end":{"line":464,"column":54}},"loc":{"start":{"line":465,"column":49},"end":{"line":524,"column":null}},"line":465},"27":{"name":"(anonymous_27)","decl":{"start":{"line":483,"column":61},"end":{"line":483,"column":76}},"loc":{"start":{"line":483,"column":76},"end":{"line":483,"column":104}},"line":483},"28":{"name":"(anonymous_28)","decl":{"start":{"line":514,"column":61},"end":{"line":514,"column":76}},"loc":{"start":{"line":514,"column":76},"end":{"line":514,"column":98}},"line":514},"29":{"name":"(anonymous_29)","decl":{"start":{"line":555,"column":44},"end":{"line":555,"column":55}},"loc":{"start":{"line":555,"column":61},"end":{"line":555,"column":92}},"line":555},"30":{"name":"(anonymous_30)","decl":{"start":{"line":567,"column":44},"end":{"line":567,"column":55}},"loc":{"start":{"line":567,"column":61},"end":{"line":567,"column":null}},"line":567},"31":{"name":"(anonymous_31)","decl":{"start":{"line":578,"column":48},"end":{"line":578,"column":59}},"loc":{"start":{"line":578,"column":65},"end":{"line":578,"column":115}},"line":578},"32":{"name":"(anonymous_32)","decl":{"start":{"line":591,"column":48},"end":{"line":591,"column":59}},"loc":{"start":{"line":591,"column":65},"end":{"line":591,"column":111}},"line":591},"33":{"name":"(anonymous_33)","decl":{"start":{"line":606,"column":44},"end":{"line":606,"column":55}},"loc":{"start":{"line":606,"column":61},"end":{"line":606,"column":null}},"line":606},"34":{"name":"(anonymous_34)","decl":{"start":{"line":633,"column":36},"end":{"line":633,"column":47}},"loc":{"start":{"line":633,"column":53},"end":{"line":633,"column":null}},"line":633},"35":{"name":"(anonymous_35)","decl":{"start":{"line":637,"column":35},"end":{"line":637,"column":42}},"loc":{"start":{"line":638,"column":32},"end":{"line":639,"column":102}},"line":638},"36":{"name":"(anonymous_36)","decl":{"start":{"line":657,"column":41},"end":{"line":657,"column":48}},"loc":{"start":{"line":658,"column":44},"end":{"line":659,"column":114}},"line":658},"37":{"name":"(anonymous_37)","decl":{"start":{"line":661,"column":41},"end":{"line":661,"column":46}},"loc":{"start":{"line":662,"column":40},"end":{"line":821,"column":null}},"line":662},"38":{"name":"(anonymous_38)","decl":{"start":{"line":677,"column":68},"end":{"line":677,"column":79}},"loc":{"start":{"line":677,"column":85},"end":{"line":677,"column":117}},"line":677},"39":{"name":"(anonymous_39)","decl":{"start":{"line":687,"column":68},"end":{"line":687,"column":79}},"loc":{"start":{"line":687,"column":85},"end":{"line":687,"column":null}},"line":687},"40":{"name":"(anonymous_40)","decl":{"start":{"line":697,"column":72},"end":{"line":697,"column":83}},"loc":{"start":{"line":697,"column":89},"end":{"line":697,"column":140}},"line":697},"41":{"name":"(anonymous_41)","decl":{"start":{"line":710,"column":72},"end":{"line":710,"column":83}},"loc":{"start":{"line":710,"column":89},"end":{"line":710,"column":136}},"line":710},"42":{"name":"(anonymous_42)","decl":{"start":{"line":724,"column":72},"end":{"line":724,"column":83}},"loc":{"start":{"line":724,"column":89},"end":{"line":724,"column":null}},"line":724},"43":{"name":"(anonymous_43)","decl":{"start":{"line":751,"column":56},"end":{"line":751,"column":71}},"loc":{"start":{"line":751,"column":71},"end":{"line":751,"column":99}},"line":751},"44":{"name":"(anonymous_44)","decl":{"start":{"line":786,"column":68},"end":{"line":786,"column":83}},"loc":{"start":{"line":786,"column":83},"end":{"line":786,"column":104}},"line":786},"45":{"name":"(anonymous_45)","decl":{"start":{"line":795,"column":68},"end":{"line":795,"column":83}},"loc":{"start":{"line":795,"column":83},"end":{"line":795,"column":108}},"line":795}},"branchMap":{"0":{"loc":{"start":{"line":71,"column":12},"end":{"line":77,"column":null}},"type":"if","locations":[{"start":{"line":71,"column":12},"end":{"line":77,"column":null}},{"start":{},"end":{}}],"line":71},"1":{"loc":{"start":{"line":74,"column":16},"end":{"line":77,"column":null}},"type":"if","locations":[{"start":{"line":74,"column":16},"end":{"line":77,"column":null}},{"start":{"line":76,"column":23},"end":{"line":77,"column":null}}],"line":74},"2":{"loc":{"start":{"line":90,"column":12},"end":{"line":91,"column":null}},"type":"if","locations":[{"start":{"line":90,"column":12},"end":{"line":91,"column":null}},{"start":{},"end":{}}],"line":90},"3":{"loc":{"start":{"line":90,"column":16},"end":{"line":90,"column":53}},"type":"binary-expr","locations":[{"start":{"line":90,"column":16},"end":{"line":90,"column":33}},{"start":{"line":90,"column":33},"end":{"line":90,"column":53}}],"line":90},"4":{"loc":{"start":{"line":101,"column":12},"end":{"line":102,"column":null}},"type":"if","locations":[{"start":{"line":101,"column":12},"end":{"line":102,"column":null}},{"start":{},"end":{}}],"line":101},"5":{"loc":{"start":{"line":101,"column":16},"end":{"line":101,"column":53}},"type":"binary-expr","locations":[{"start":{"line":101,"column":16},"end":{"line":101,"column":33}},{"start":{"line":101,"column":33},"end":{"line":101,"column":53}}],"line":101},"6":{"loc":{"start":{"line":118,"column":35},"end":{"line":118,"column":null}},"type":"binary-expr","locations":[{"start":{"line":118,"column":35},"end":{"line":118,"column":53}},{"start":{"line":118,"column":53},"end":{"line":118,"column":null}}],"line":118},"7":{"loc":{"start":{"line":146,"column":39},"end":{"line":146,"column":null}},"type":"cond-expr","locations":[{"start":{"line":146,"column":69},"end":{"line":146,"column":81}},{"start":{"line":146,"column":81},"end":{"line":146,"column":null}}],"line":146},"8":{"loc":{"start":{"line":161,"column":31},"end":{"line":161,"column":54}},"type":"binary-expr","locations":[{"start":{"line":161,"column":31},"end":{"line":161,"column":51}},{"start":{"line":161,"column":51},"end":{"line":161,"column":54}}],"line":161},"9":{"loc":{"start":{"line":162,"column":28},"end":{"line":162,"column":54}},"type":"binary-expr","locations":[{"start":{"line":162,"column":28},"end":{"line":162,"column":45}},{"start":{"line":162,"column":45},"end":{"line":162,"column":54}}],"line":162},"10":{"loc":{"start":{"line":163,"column":26},"end":{"line":163,"column":51}},"type":"binary-expr","locations":[{"start":{"line":163,"column":26},"end":{"line":163,"column":41}},{"start":{"line":163,"column":41},"end":{"line":163,"column":51}}],"line":163},"11":{"loc":{"start":{"line":164,"column":27},"end":{"line":164,"column":85}},"type":"cond-expr","locations":[{"start":{"line":164,"column":48},"end":{"line":164,"column":79}},{"start":{"line":164,"column":82},"end":{"line":164,"column":85}}],"line":164},"12":{"loc":{"start":{"line":173,"column":8},"end":{"line":173,"column":null}},"type":"if","locations":[{"start":{"line":173,"column":8},"end":{"line":173,"column":null}},{"start":{},"end":{}}],"line":173},"13":{"loc":{"start":{"line":184,"column":35},"end":{"line":184,"column":null}},"type":"binary-expr","locations":[{"start":{"line":184,"column":35},"end":{"line":184,"column":54}},{"start":{"line":184,"column":54},"end":{"line":184,"column":null}}],"line":184},"14":{"loc":{"start":{"line":198,"column":8},"end":{"line":200,"column":null}},"type":"if","locations":[{"start":{"line":198,"column":8},"end":{"line":200,"column":null}},{"start":{},"end":{}}],"line":198},"15":{"loc":{"start":{"line":202,"column":8},"end":{"line":204,"column":null}},"type":"if","locations":[{"start":{"line":202,"column":8},"end":{"line":204,"column":null}},{"start":{},"end":{}}],"line":202},"16":{"loc":{"start":{"line":206,"column":8},"end":{"line":206,"column":null}},"type":"if","locations":[{"start":{"line":206,"column":8},"end":{"line":206,"column":null}},{"start":{},"end":{}}],"line":206},"17":{"loc":{"start":{"line":237,"column":32},"end":{"line":237,"column":106}},"type":"binary-expr","locations":[{"start":{"line":237,"column":32},"end":{"line":237,"column":54}},{"start":{"line":237,"column":54},"end":{"line":237,"column":106}}],"line":237},"18":{"loc":{"start":{"line":244,"column":8},"end":{"line":244,"column":null}},"type":"if","locations":[{"start":{"line":244,"column":8},"end":{"line":244,"column":null}},{"start":{},"end":{}}],"line":244},"19":{"loc":{"start":{"line":263,"column":4},"end":{"line":267,"column":null}},"type":"if","locations":[{"start":{"line":263,"column":4},"end":{"line":267,"column":null}},{"start":{},"end":{}}],"line":263},"20":{"loc":{"start":{"line":277,"column":29},"end":{"line":277,"column":null}},"type":"cond-expr","locations":[{"start":{"line":277,"column":61},"end":{"line":277,"column":86}},{"start":{"line":277,"column":86},"end":{"line":277,"column":null}}],"line":277},"21":{"loc":{"start":{"line":280,"column":126},"end":{"line":280,"column":178}},"type":"binary-expr","locations":[{"start":{"line":280,"column":126},"end":{"line":280,"column":152}},{"start":{"line":280,"column":152},"end":{"line":280,"column":178}}],"line":280},"22":{"loc":{"start":{"line":291,"column":17},"end":{"line":823,"column":null}},"type":"cond-expr","locations":[{"start":{"line":293,"column":20},"end":{"line":533,"column":21}},{"start":{"line":533,"column":20},"end":{"line":823,"column":null}}],"line":291},"23":{"loc":{"start":{"line":345,"column":29},"end":{"line":418,"column":null}},"type":"binary-expr","locations":[{"start":{"line":345,"column":29},"end":{"line":345,"column":null}},{"start":{"line":346,"column":32},"end":{"line":418,"column":null}}],"line":345},"24":{"loc":{"start":{"line":396,"column":41},"end":{"line":399,"column":null}},"type":"binary-expr","locations":[{"start":{"line":396,"column":41},"end":{"line":396,"column":null}},{"start":{"line":397,"column":44},"end":{"line":399,"column":null}}],"line":396},"25":{"loc":{"start":{"line":417,"column":49},"end":{"line":417,"column":null}},"type":"cond-expr","locations":[{"start":{"line":417,"column":69},"end":{"line":417,"column":85}},{"start":{"line":417,"column":85},"end":{"line":417,"column":null}}],"line":417},"26":{"loc":{"start":{"line":436,"column":37},"end":{"line":524,"column":null}},"type":"cond-expr","locations":[{"start":{"line":444,"column":44},"end":{"line":456,"column":null}},{"start":{"line":456,"column":44},"end":{"line":524,"column":null}}],"line":436},"27":{"loc":{"start":{"line":439,"column":48},"end":{"line":440,"column":107}},"type":"binary-expr","locations":[{"start":{"line":439,"column":48},"end":{"line":439,"column":112}},{"start":{"line":440,"column":48},"end":{"line":440,"column":107}}],"line":439},"28":{"loc":{"start":{"line":441,"column":64},"end":{"line":441,"column":null}},"type":"binary-expr","locations":[{"start":{"line":441,"column":64},"end":{"line":441,"column":88}},{"start":{"line":441,"column":88},"end":{"line":441,"column":null}}],"line":441},"29":{"loc":{"start":{"line":442,"column":51},"end":{"line":442,"column":null}},"type":"binary-expr","locations":[{"start":{"line":442,"column":51},"end":{"line":442,"column":68}},{"start":{"line":442,"column":68},"end":{"line":442,"column":null}}],"line":442},"30":{"loc":{"start":{"line":459,"column":56},"end":{"line":460,"column":115}},"type":"binary-expr","locations":[{"start":{"line":459,"column":56},"end":{"line":459,"column":120}},{"start":{"line":460,"column":56},"end":{"line":460,"column":115}}],"line":459},"31":{"loc":{"start":{"line":461,"column":72},"end":{"line":461,"column":null}},"type":"binary-expr","locations":[{"start":{"line":461,"column":72},"end":{"line":461,"column":96}},{"start":{"line":461,"column":96},"end":{"line":461,"column":null}}],"line":461},"32":{"loc":{"start":{"line":462,"column":59},"end":{"line":462,"column":null}},"type":"binary-expr","locations":[{"start":{"line":462,"column":59},"end":{"line":462,"column":76}},{"start":{"line":462,"column":76},"end":{"line":462,"column":null}}],"line":462},"33":{"loc":{"start":{"line":468,"column":115},"end":{"line":468,"column":152}},"type":"binary-expr","locations":[{"start":{"line":468,"column":115},"end":{"line":468,"column":133}},{"start":{"line":468,"column":133},"end":{"line":468,"column":152}}],"line":468},"34":{"loc":{"start":{"line":474,"column":61},"end":{"line":476,"column":null}},"type":"cond-expr","locations":[{"start":{"line":475,"column":67},"end":{"line":475,"column":null}},{"start":{"line":476,"column":67},"end":{"line":476,"column":null}}],"line":474},"35":{"loc":{"start":{"line":486,"column":65},"end":{"line":488,"column":null}},"type":"cond-expr","locations":[{"start":{"line":487,"column":71},"end":{"line":487,"column":null}},{"start":{"line":488,"column":71},"end":{"line":488,"column":null}}],"line":486},"36":{"loc":{"start":{"line":490,"column":68},"end":{"line":490,"column":null}},"type":"cond-expr","locations":[{"start":{"line":490,"column":98},"end":{"line":490,"column":141}},{"start":{"line":490,"column":141},"end":{"line":490,"column":null}}],"line":490},"37":{"loc":{"start":{"line":490,"column":153},"end":{"line":490,"column":196}},"type":"cond-expr","locations":[{"start":{"line":490,"column":170},"end":{"line":490,"column":185}},{"start":{"line":490,"column":185},"end":{"line":490,"column":196}}],"line":490},"38":{"loc":{"start":{"line":493,"column":65},"end":{"line":495,"column":null}},"type":"cond-expr","locations":[{"start":{"line":494,"column":71},"end":{"line":494,"column":null}},{"start":{"line":495,"column":71},"end":{"line":495,"column":null}}],"line":493},"39":{"loc":{"start":{"line":498,"column":65},"end":{"line":498,"column":null}},"type":"cond-expr","locations":[{"start":{"line":498,"column":82},"end":{"line":498,"column":101}},{"start":{"line":498,"column":101},"end":{"line":498,"column":null}}],"line":498},"40":{"loc":{"start":{"line":500,"column":66},"end":{"line":500,"column":null}},"type":"cond-expr","locations":[{"start":{"line":500,"column":83},"end":{"line":500,"column":94}},{"start":{"line":500,"column":94},"end":{"line":500,"column":null}}],"line":500},"41":{"loc":{"start":{"line":502,"column":62},"end":{"line":505,"column":null}},"type":"binary-expr","locations":[{"start":{"line":502,"column":62},"end":{"line":502,"column":null}},{"start":{"line":503,"column":65},"end":{"line":505,"column":null}}],"line":502},"42":{"loc":{"start":{"line":510,"column":58},"end":{"line":510,"column":null}},"type":"cond-expr","locations":[{"start":{"line":510,"column":76},"end":{"line":510,"column":122}},{"start":{"line":510,"column":125},"end":{"line":510,"column":null}}],"line":510},"43":{"loc":{"start":{"line":515,"column":71},"end":{"line":515,"column":null}},"type":"binary-expr","locations":[{"start":{"line":515,"column":71},"end":{"line":515,"column":102}},{"start":{"line":515,"column":102},"end":{"line":515,"column":null}}],"line":515},"44":{"loc":{"start":{"line":517,"column":68},"end":{"line":517,"column":null}},"type":"cond-expr","locations":[{"start":{"line":517,"column":92},"end":{"line":517,"column":121}},{"start":{"line":517,"column":121},"end":{"line":517,"column":null}}],"line":517},"45":{"loc":{"start":{"line":615,"column":41},"end":{"line":615,"column":null}},"type":"cond-expr","locations":[{"start":{"line":615,"column":56},"end":{"line":615,"column":72}},{"start":{"line":615,"column":72},"end":{"line":615,"column":null}}],"line":615},"46":{"loc":{"start":{"line":637,"column":29},"end":{"line":823,"column":null}},"type":"cond-expr","locations":[{"start":{"line":641,"column":32},"end":{"line":655,"column":33}},{"start":{"line":655,"column":32},"end":{"line":823,"column":null}}],"line":637},"47":{"loc":{"start":{"line":638,"column":32},"end":{"line":639,"column":102}},"type":"binary-expr","locations":[{"start":{"line":638,"column":32},"end":{"line":638,"column":95}},{"start":{"line":639,"column":32},"end":{"line":639,"column":102}}],"line":638},"48":{"loc":{"start":{"line":648,"column":41},"end":{"line":648,"column":null}},"type":"cond-expr","locations":[{"start":{"line":648,"column":58},"end":{"line":648,"column":86}},{"start":{"line":648,"column":86},"end":{"line":648,"column":null}}],"line":648},"49":{"loc":{"start":{"line":651,"column":41},"end":{"line":651,"column":null}},"type":"cond-expr","locations":[{"start":{"line":651,"column":58},"end":{"line":651,"column":111}},{"start":{"line":651,"column":111},"end":{"line":651,"column":null}}],"line":651},"50":{"loc":{"start":{"line":658,"column":44},"end":{"line":659,"column":114}},"type":"binary-expr","locations":[{"start":{"line":658,"column":44},"end":{"line":658,"column":107}},{"start":{"line":659,"column":44},"end":{"line":659,"column":114}}],"line":658},"51":{"loc":{"start":{"line":664,"column":193},"end":{"line":664,"column":null}},"type":"cond-expr","locations":[{"start":{"line":664,"column":252},"end":{"line":664,"column":267}},{"start":{"line":664,"column":267},"end":{"line":664,"column":null}}],"line":664},"52":{"loc":{"start":{"line":664,"column":193},"end":{"line":664,"column":252}},"type":"binary-expr","locations":[{"start":{"line":664,"column":193},"end":{"line":664,"column":224}},{"start":{"line":664,"column":224},"end":{"line":664,"column":252}}],"line":664},"53":{"loc":{"start":{"line":666,"column":45},"end":{"line":815,"column":null}},"type":"cond-expr","locations":[{"start":{"line":667,"column":48},"end":{"line":749,"column":49}},{"start":{"line":749,"column":48},"end":{"line":815,"column":null}}],"line":666},"54":{"loc":{"start":{"line":734,"column":69},"end":{"line":734,"column":null}},"type":"cond-expr","locations":[{"start":{"line":734,"column":86},"end":{"line":734,"column":102}},{"start":{"line":734,"column":102},"end":{"line":734,"column":null}}],"line":734},"55":{"loc":{"start":{"line":753,"column":60},"end":{"line":755,"column":null}},"type":"cond-expr","locations":[{"start":{"line":754,"column":66},"end":{"line":754,"column":null}},{"start":{"line":755,"column":66},"end":{"line":755,"column":null}}],"line":753},"56":{"loc":{"start":{"line":758,"column":57},"end":{"line":761,"column":null}},"type":"binary-expr","locations":[{"start":{"line":758,"column":57},"end":{"line":758,"column":null}},{"start":{"line":759,"column":60},"end":{"line":761,"column":null}}],"line":758},"57":{"loc":{"start":{"line":768,"column":115},"end":{"line":768,"column":null}},"type":"cond-expr","locations":[{"start":{"line":768,"column":145},"end":{"line":768,"column":185}},{"start":{"line":768,"column":185},"end":{"line":768,"column":null}}],"line":768},"58":{"loc":{"start":{"line":773,"column":72},"end":{"line":775,"column":null}},"type":"cond-expr","locations":[{"start":{"line":773,"column":99},"end":{"line":773,"column":null}},{"start":{"line":774,"column":72},"end":{"line":775,"column":null}}],"line":773},"59":{"loc":{"start":{"line":774,"column":72},"end":{"line":775,"column":null}},"type":"cond-expr","locations":[{"start":{"line":774,"column":101},"end":{"line":774,"column":null}},{"start":{"line":775,"column":72},"end":{"line":775,"column":null}}],"line":774},"60":{"loc":{"start":{"line":805,"column":57},"end":{"line":808,"column":null}},"type":"binary-expr","locations":[{"start":{"line":805,"column":57},"end":{"line":805,"column":null}},{"start":{"line":806,"column":60},"end":{"line":808,"column":null}}],"line":805},"61":{"loc":{"start":{"line":806,"column":121},"end":{"line":806,"column":null}},"type":"cond-expr","locations":[{"start":{"line":806,"column":151},"end":{"line":806,"column":168}},{"start":{"line":806,"column":168},"end":{"line":806,"column":null}}],"line":806},"62":{"loc":{"start":{"line":810,"column":57},"end":{"line":815,"column":null}},"type":"binary-expr","locations":[{"start":{"line":810,"column":57},"end":{"line":810,"column":null}},{"start":{"line":811,"column":60},"end":{"line":815,"column":null}}],"line":810}},"s":{"0":2,"1":72,"2":72,"3":72,"4":72,"5":72,"6":72,"7":72,"8":72,"9":72,"10":72,"11":72,"12":72,"13":72,"14":72,"15":72,"16":72,"17":72,"18":72,"19":72,"20":72,"21":72,"22":72,"23":72,"24":72,"25":72,"26":72,"27":72,"28":15,"29":72,"30":15,"31":15,"32":15,"33":15,"34":15,"35":15,"36":5,"37":10,"38":0,"39":15,"40":72,"41":9,"42":9,"43":9,"44":9,"45":0,"46":72,"47":16,"48":16,"49":16,"50":16,"51":0,"52":72,"53":3,"54":3,"55":3,"56":3,"57":2,"58":2,"59":2,"60":2,"61":2,"62":2,"63":1,"64":3,"65":72,"66":1,"67":1,"68":1,"69":0,"70":72,"71":1,"72":1,"73":1,"74":1,"75":0,"76":72,"77":3,"78":3,"79":3,"80":3,"81":3,"82":3,"83":72,"84":1,"85":72,"86":2,"87":2,"88":0,"89":2,"90":2,"91":2,"92":2,"93":2,"94":0,"95":2,"96":72,"97":1,"98":0,"99":0,"100":1,"101":0,"102":0,"103":1,"104":0,"105":1,"106":1,"107":1,"108":0,"109":72,"110":2,"111":2,"112":2,"113":2,"114":2,"115":2,"116":2,"117":2,"118":2,"119":2,"120":0,"121":0,"122":2,"123":72,"124":1,"125":0,"126":1,"127":1,"128":1,"129":0,"130":72,"131":1,"132":1,"133":72,"134":15,"135":57,"136":3,"137":10,"138":0,"139":0,"140":0,"141":0,"142":1,"143":2,"144":2,"145":1,"146":1,"147":10,"148":10,"149":10,"150":10,"151":10,"152":10,"153":10,"154":1,"155":1,"156":3,"157":0,"158":0,"159":0,"160":1,"161":1,"162":25,"163":25,"164":24,"165":2,"166":1,"167":1,"168":1,"169":1,"170":1,"171":3,"172":1},"f":{"0":72,"1":15,"2":15,"3":9,"4":16,"5":3,"6":1,"7":1,"8":3,"9":1,"10":2,"11":1,"12":2,"13":1,"14":1,"15":3,"16":10,"17":0,"18":0,"19":0,"20":1,"21":2,"22":2,"23":1,"24":10,"25":10,"26":10,"27":1,"28":1,"29":3,"30":0,"31":0,"32":0,"33":1,"34":1,"35":25,"36":25,"37":24,"38":2,"39":1,"40":1,"41":1,"42":1,"43":1,"44":3,"45":1},"b":{"0":[15,0],"1":[5,10],"2":[9,0],"3":[9,9],"4":[16,0],"5":[16,16],"6":[3,2],"7":[0,1],"8":[3,1],"9":[3,0],"10":[3,0],"11":[0,3],"12":[0,2],"13":[2,1],"14":[0,1],"15":[0,1],"16":[0,1],"17":[0,0],"18":[0,1],"19":[15,57],"20":[20,37],"21":[72,0],"22":[20,37],"23":[20,10],"24":[10,0],"25":[2,8],"26":[10,10],"27":[10,10],"28":[10,0],"29":[10,10],"30":[10,10],"31":[10,0],"32":[10,10],"33":[10,10],"34":[0,10],"35":[0,10],"36":[0,10],"37":[10,0],"38":[10,0],"39":[10,0],"40":[10,0],"41":[10,10],"42":[0,10],"43":[10,10],"44":[0,10],"45":[3,34],"46":[14,23],"47":[25,1],"48":[0,14],"49":[0,14],"50":[25,1],"51":[0,24],"52":[24,0],"53":[11,13],"54":[2,9],"55":[0,13],"56":[13,0],"57":[0,13],"58":[0,13],"59":[13,0],"60":[13,9],"61":[0,9],"62":[13,0]},"meta":{"lastBranch":63,"lastFunction":46,"lastStatement":173,"seen":{"s:26:6:829:Infinity":0,"f:26:6:26:19":0,"s:27:24:27:75":1,"s:28:22:28:52":2,"s:31:18:31:60":3,"s:32:25:32:59":4,"s:35:28:35:65":5,"s:36:26:36:58":6,"s:37:29:37:64":7,"s:38:29:38:64":8,"s:39:30:39:69":9,"s:40:29:40:81":10,"s:41:25:41:56":11,"s:42:31:42:68":12,"s:43:27:43:60":13,"s:44:28:44:82":14,"s:45:26:45:77":15,"s:46:27:46:60":16,"s:49:26:49:75":17,"s:50:26:50:58":18,"s:51:32:51:70":19,"s:52:29:52:84":20,"s:53:27:53:79":21,"s:54:28:54:62":22,"s:55:27:55:63":23,"s:58:18:58:56":24,"s:59:23:59:52":25,"s:60:23:60:63":26,"s:62:4:64:Infinity":27,"f:62:4:62:20":1,"s:63:8:63:Infinity":28,"s:66:29:83:Infinity":29,"f:66:29:66:41":2,"s:67:8:83:Infinity":30,"s:68:12:68:Infinity":31,"s:69:33:69:79":32,"b:71:12:77:Infinity:undefined:undefined:undefined:undefined":0,"s:71:12:77:Infinity":33,"s:72:16:72:Infinity":34,"b:74:16:77:Infinity:76:23:77:Infinity":1,"s:74:16:77:Infinity":35,"s:75:20:75:Infinity":36,"s:77:20:77:Infinity":37,"s:81:12:81:Infinity":38,"s:83:12:83:Infinity":39,"s:87:23:94:Infinity":40,"f:87:23:87:35":3,"s:88:8:94:Infinity":41,"s:89:29:89:59":42,"b:90:12:91:Infinity:undefined:undefined:undefined:undefined":2,"s:90:12:91:Infinity":43,"b:90:16:90:33:90:33:90:53":3,"s:91:16:91:Infinity":44,"s:94:12:94:Infinity":45,"s:98:23:105:Infinity":46,"f:98:23:98:35":4,"s:99:8:105:Infinity":47,"s:100:29:100:59":48,"b:101:12:102:Infinity:undefined:undefined:undefined:undefined":4,"s:101:12:102:Infinity":49,"b:101:16:101:33:101:33:101:53":5,"s:102:16:102:Infinity":50,"s:105:12:105:Infinity":51,"s:110:26:132:Infinity":52,"f:110:26:110:33":5,"s:111:8:111:Infinity":53,"s:112:8:132:Infinity":54,"s:113:12:113:Infinity":55,"s:114:12:122:Infinity":56,"b:118:35:118:53:118:53:118:Infinity":6,"s:123:12:123:Infinity":57,"s:124:12:124:Infinity":58,"s:125:12:125:Infinity":59,"s:126:12:126:Infinity":60,"s:127:12:127:Infinity":61,"s:128:12:128:Infinity":62,"s:130:12:130:Infinity":63,"s:132:12:132:Infinity":64,"s:136:29:141:Infinity":65,"f:136:29:136:36":6,"s:137:8:141:Infinity":66,"s:138:12:138:Infinity":67,"s:139:12:139:Infinity":68,"s:141:12:141:Infinity":69,"s:145:35:154:Infinity":70,"f:145:35:145:42":7,"s:146:39:146:Infinity":71,"b:146:69:146:81:146:81:146:Infinity":7,"s:147:8:154:Infinity":72,"s:148:12:151:Infinity":73,"s:152:12:152:Infinity":74,"s:154:12:154:Infinity":75,"s:158:10:164:Infinity":76,"f:158:10:158:29":8,"s:159:8:159:Infinity":77,"s:160:8:160:Infinity":78,"s:161:8:161:Infinity":79,"b:161:31:161:51:161:51:161:54":8,"s:162:8:162:Infinity":80,"b:162:28:162:45:162:45:162:54":9,"s:163:8:163:Infinity":81,"b:163:26:163:41:163:41:163:51":10,"s:164:8:164:Infinity":82,"b:164:48:164:79:164:82:164:85":11,"s:167:10:168:Infinity":83,"f:167:10:167:35":9,"s:168:8:168:Infinity":84,"s:171:29:192:Infinity":85,"f:171:29:171:36":10,"s:172:8:172:Infinity":86,"b:173:8:173:Infinity:undefined:undefined:undefined:undefined":12,"s:173:8:173:Infinity":87,"s:173:28:173:Infinity":88,"s:175:8:192:Infinity":89,"s:176:12:176:Infinity":90,"s:177:12:186:Infinity":91,"b:184:35:184:54:184:54:184:Infinity":13,"s:187:12:187:Infinity":92,"s:188:12:188:Infinity":93,"s:190:12:190:Infinity":94,"s:192:12:192:Infinity":95,"s:197:29:212:Infinity":96,"f:197:29:197:36":11,"b:198:8:200:Infinity:undefined:undefined:undefined:undefined":14,"s:198:8:200:Infinity":97,"s:199:12:199:Infinity":98,"s:200:12:200:Infinity":99,"b:202:8:204:Infinity:undefined:undefined:undefined:undefined":15,"s:202:8:204:Infinity":100,"s:203:12:203:Infinity":101,"s:204:12:204:Infinity":102,"b:206:8:206:Infinity:undefined:undefined:undefined:undefined":16,"s:206:8:206:Infinity":103,"s:206:84:206:Infinity":104,"s:208:8:212:Infinity":105,"s:209:12:209:Infinity":106,"s:210:12:210:Infinity":107,"s:212:12:212:Infinity":108,"s:216:30:239:Infinity":109,"f:216:30:216:37":12,"s:217:8:217:Infinity":110,"s:218:8:218:Infinity":111,"s:219:8:239:Infinity":112,"s:220:12:220:Infinity":113,"s:221:12:229:Infinity":114,"s:230:12:230:Infinity":115,"s:231:12:231:Infinity":116,"s:232:12:232:Infinity":117,"s:233:12:233:Infinity":118,"s:234:12:234:Infinity":119,"s:236:12:236:Infinity":120,"s:237:12:237:Infinity":121,"b:237:32:237:54:237:54:237:106":17,"s:239:12:239:Infinity":122,"s:243:35:254:Infinity":123,"f:243:35:243:42":13,"b:244:8:244:Infinity:undefined:undefined:undefined:undefined":18,"s:244:8:244:Infinity":124,"s:244:41:244:Infinity":125,"s:246:8:254:Infinity":126,"s:247:12:251:Infinity":127,"s:252:12:252:Infinity":128,"s:254:12:254:Infinity":129,"s:258:10:260:Infinity":130,"f:258:10:258:36":14,"s:259:8:259:Infinity":131,"s:260:8:260:Infinity":132,"b:263:4:267:Infinity:undefined:undefined:undefined:undefined":19,"s:263:4:267:Infinity":133,"s:264:8:267:Infinity":134,"s:271:4:829:Infinity":135,"b:277:61:277:86:277:86:277:Infinity":20,"b:280:126:280:152:280:152:280:178":21,"b:293:20:533:21:533:20:823:Infinity":22,"f:299:40:299:55":15,"s:299:55:299:79":136,"f:310:47:310:54":16,"s:310:59:310:71":137,"f:328:40:328:51":17,"s:328:57:328:Infinity":138,"f:335:40:335:51":18,"s:335:57:335:86":139,"b:345:29:345:Infinity:346:32:418:Infinity":23,"f:350:44:350:59":19,"s:351:48:351:Infinity":140,"s:352:48:352:Infinity":141,"f:369:48:369:59":20,"s:369:65:369:Infinity":142,"f:380:48:380:59":21,"s:380:65:380:97":143,"f:392:48:392:59":22,"s:392:65:392:100":144,"b:396:41:396:Infinity:397:44:399:Infinity":24,"f:404:48:404:63":23,"s:405:52:405:Infinity":145,"s:406:52:406:Infinity":146,"b:417:69:417:85:417:85:417:Infinity":25,"b:444:44:456:Infinity:456:44:524:Infinity":26,"f:437:41:437:48":24,"s:439:48:440:107":147,"b:439:48:439:112:440:48:440:107":27,"s:441:64:441:Infinity":148,"b:441:64:441:88:441:88:441:Infinity":28,"s:442:44:442:Infinity":149,"b:442:51:442:68:442:68:442:Infinity":29,"f:457:49:457:56":25,"s:459:56:460:115":150,"b:459:56:459:120:460:56:460:115":30,"s:461:72:461:Infinity":151,"b:461:72:461:96:461:96:461:Infinity":31,"s:462:52:462:Infinity":152,"b:462:59:462:76:462:76:462:Infinity":32,"f:464:49:464:54":26,"s:465:49:524:Infinity":153,"b:468:115:468:133:468:133:468:152":33,"b:475:67:475:Infinity:476:67:476:Infinity":34,"f:483:61:483:76":27,"s:483:76:483:104":154,"b:487:71:487:Infinity:488:71:488:Infinity":35,"b:490:98:490:141:490:141:490:Infinity":36,"b:490:170:490:185:490:185:490:196":37,"b:494:71:494:Infinity:495:71:495:Infinity":38,"b:498:82:498:101:498:101:498:Infinity":39,"b:500:83:500:94:500:94:500:Infinity":40,"b:502:62:502:Infinity:503:65:505:Infinity":41,"b:510:76:510:122:510:125:510:Infinity":42,"f:514:61:514:76":28,"s:514:76:514:98":155,"b:515:71:515:102:515:102:515:Infinity":43,"b:517:92:517:121:517:121:517:Infinity":44,"f:555:44:555:55":29,"s:555:61:555:92":156,"f:567:44:567:55":30,"s:567:61:567:Infinity":157,"f:578:48:578:59":31,"s:578:65:578:115":158,"f:591:48:591:59":32,"s:591:65:591:111":159,"f:606:44:606:55":33,"s:606:61:606:Infinity":160,"b:615:56:615:72:615:72:615:Infinity":45,"f:633:36:633:47":34,"s:633:53:633:Infinity":161,"b:641:32:655:33:655:32:823:Infinity":46,"f:637:35:637:42":35,"s:638:32:639:102":162,"b:638:32:638:95:639:32:639:102":47,"b:648:58:648:86:648:86:648:Infinity":48,"b:651:58:651:111:651:111:651:Infinity":49,"f:657:41:657:48":36,"s:658:44:659:114":163,"b:658:44:658:107:659:44:659:114":50,"f:661:41:661:46":37,"s:662:40:821:Infinity":164,"b:664:252:664:267:664:267:664:Infinity":51,"b:664:193:664:224:664:224:664:252":52,"b:667:48:749:49:749:48:815:Infinity":53,"f:677:68:677:79":38,"s:677:85:677:117":165,"f:687:68:687:79":39,"s:687:85:687:Infinity":166,"f:697:72:697:83":40,"s:697:89:697:140":167,"f:710:72:710:83":41,"s:710:89:710:136":168,"f:724:72:724:83":42,"s:724:89:724:Infinity":169,"b:734:86:734:102:734:102:734:Infinity":54,"f:751:56:751:71":43,"s:751:71:751:99":170,"b:754:66:754:Infinity:755:66:755:Infinity":55,"b:758:57:758:Infinity:759:60:761:Infinity":56,"b:768:145:768:185:768:185:768:Infinity":57,"b:773:99:773:Infinity:774:72:775:Infinity":58,"b:774:101:774:Infinity:775:72:775:Infinity":59,"f:786:68:786:83":44,"s:786:83:786:104":171,"f:795:68:795:83":45,"s:795:83:795:108":172,"b:805:57:805:Infinity:806:60:808:Infinity":60,"b:806:151:806:168:806:168:806:Infinity":61,"b:810:57:810:Infinity:811:60:815:Infinity":62}}}
,"/Volumes/Sree/Learn/react/react-frontend-template/src/components/Login.tsx": {"path":"/Volumes/Sree/Learn/react/react-frontend-template/src/components/Login.tsx","statementMap":{"0":{"start":{"line":9,"column":6},"end":{"line":134,"column":null}},"1":{"start":{"line":10,"column":21},"end":{"line":10,"column":48}},"2":{"start":{"line":11,"column":21},"end":{"line":11,"column":48}},"3":{"start":{"line":12,"column":21},"end":{"line":12,"column":51}},"4":{"start":{"line":13,"column":18},"end":{"line":13,"column":59}},"5":{"start":{"line":14,"column":22},"end":{"line":14,"column":53}},"6":{"start":{"line":16,"column":25},"end":{"line":56,"column":null}},"7":{"start":{"line":17,"column":8},"end":{"line":17,"column":null}},"8":{"start":{"line":18,"column":8},"end":{"line":18,"column":null}},"9":{"start":{"line":19,"column":8},"end":{"line":19,"column":null}},"10":{"start":{"line":21,"column":8},"end":{"line":21,"column":null}},"11":{"start":{"line":23,"column":8},"end":{"line":56,"column":null}},"12":{"start":{"line":24,"column":12},"end":{"line":50,"column":null}},"13":{"start":{"line":25,"column":44},"end":{"line":27,"column":18}},"14":{"start":{"line":28,"column":16},"end":{"line":34,"column":null}},"15":{"start":{"line":29,"column":20},"end":{"line":29,"column":null}},"16":{"start":{"line":30,"column":36},"end":{"line":30,"column":null}},"17":{"start":{"line":31,"column":20},"end":{"line":31,"column":null}},"18":{"start":{"line":33,"column":20},"end":{"line":33,"column":null}},"19":{"start":{"line":34,"column":20},"end":{"line":34,"column":null}},"20":{"start":{"line":37,"column":50},"end":{"line":39,"column":18}},"21":{"start":{"line":41,"column":16},"end":{"line":50,"column":null}},"22":{"start":{"line":42,"column":36},"end":{"line":42,"column":null}},"23":{"start":{"line":43,"column":20},"end":{"line":46,"column":null}},"24":{"start":{"line":44,"column":24},"end":{"line":44,"column":null}},"25":{"start":{"line":46,"column":24},"end":{"line":46,"column":null}},"26":{"start":{"line":48,"column":27},"end":{"line":50,"column":null}},"27":{"start":{"line":49,"column":20},"end":{"line":49,"column":null}},"28":{"start":{"line":50,"column":20},"end":{"line":50,"column":null}},"29":{"start":{"line":54,"column":12},"end":{"line":54,"column":null}},"30":{"start":{"line":56,"column":12},"end":{"line":56,"column":null}},"31":{"start":{"line":60,"column":4},"end":{"line":134,"column":null}},"32":{"start":{"line":91,"column":49},"end":{"line":91,"column":null}},"33":{"start":{"line":101,"column":49},"end":{"line":101,"column":null}},"34":{"start":{"line":126,"column":43},"end":{"line":126,"column":65}}},"fnMap":{"0":{"name":"(anonymous_0)","decl":{"start":{"line":9,"column":6},"end":{"line":9,"column":37}},"loc":{"start":{"line":9,"column":60},"end":{"line":134,"column":null}},"line":9},"1":{"name":"(anonymous_1)","decl":{"start":{"line":16,"column":25},"end":{"line":16,"column":32}},"loc":{"start":{"line":16,"column":55},"end":{"line":56,"column":null}},"line":16},"2":{"name":"(anonymous_2)","decl":{"start":{"line":91,"column":32},"end":{"line":91,"column":43}},"loc":{"start":{"line":91,"column":49},"end":{"line":91,"column":null}},"line":91},"3":{"name":"(anonymous_3)","decl":{"start":{"line":101,"column":32},"end":{"line":101,"column":43}},"loc":{"start":{"line":101,"column":49},"end":{"line":101,"column":null}},"line":101},"4":{"name":"(anonymous_4)","decl":{"start":{"line":126,"column":28},"end":{"line":126,"column":43}},"loc":{"start":{"line":126,"column":43},"end":{"line":126,"column":65}},"line":126}},"branchMap":{"0":{"loc":{"start":{"line":24,"column":12},"end":{"line":50,"column":null}},"type":"if","locations":[{"start":{"line":24,"column":12},"end":{"line":50,"column":null}},{"start":{"line":36,"column":19},"end":{"line":50,"column":null}}],"line":24},"1":{"loc":{"start":{"line":28,"column":16},"end":{"line":34,"column":null}},"type":"if","locations":[{"start":{"line":28,"column":16},"end":{"line":34,"column":null}},{"start":{"line":32,"column":23},"end":{"line":34,"column":null}}],"line":28},"2":{"loc":{"start":{"line":31,"column":29},"end":{"line":31,"column":74}},"type":"binary-expr","locations":[{"start":{"line":31,"column":29},"end":{"line":31,"column":39}},{"start":{"line":31,"column":39},"end":{"line":31,"column":74}}],"line":31},"3":{"loc":{"start":{"line":41,"column":16},"end":{"line":50,"column":null}},"type":"if","locations":[{"start":{"line":41,"column":16},"end":{"line":50,"column":null}},{"start":{"line":48,"column":27},"end":{"line":50,"column":null}}],"line":41},"4":{"loc":{"start":{"line":43,"column":20},"end":{"line":46,"column":null}},"type":"if","locations":[{"start":{"line":43,"column":20},"end":{"line":46,"column":null}},{"start":{"line":45,"column":27},"end":{"line":46,"column":null}}],"line":43},"5":{"loc":{"start":{"line":46,"column":33},"end":{"line":46,"column":90}},"type":"binary-expr","locations":[{"start":{"line":46,"column":33},"end":{"line":46,"column":43}},{"start":{"line":46,"column":43},"end":{"line":46,"column":90}}],"line":46},"6":{"loc":{"start":{"line":48,"column":27},"end":{"line":50,"column":null}},"type":"if","locations":[{"start":{"line":48,"column":27},"end":{"line":50,"column":null}},{"start":{},"end":{}}],"line":48},"7":{"loc":{"start":{"line":65,"column":25},"end":{"line":65,"column":null}},"type":"cond-expr","locations":[{"start":{"line":65,"column":36},"end":{"line":65,"column":58}},{"start":{"line":65,"column":58},"end":{"line":65,"column":null}}],"line":65},"8":{"loc":{"start":{"line":69,"column":21},"end":{"line":81,"column":null}},"type":"binary-expr","locations":[{"start":{"line":69,"column":21},"end":{"line":69,"column":null}},{"start":{"line":70,"column":24},"end":{"line":81,"column":null}}],"line":69},"9":{"loc":{"start":{"line":110,"column":162},"end":{"line":110,"column":246}},"type":"cond-expr","locations":[{"start":{"line":110,"column":174},"end":{"line":110,"column":208}},{"start":{"line":110,"column":208},"end":{"line":110,"column":246}}],"line":110},"10":{"loc":{"start":{"line":112,"column":29},"end":{"line":118,"column":null}},"type":"cond-expr","locations":[{"start":{"line":113,"column":32},"end":{"line":118,"column":43}},{"start":{"line":118,"column":32},"end":{"line":118,"column":null}}],"line":112},"11":{"loc":{"start":{"line":118,"column":32},"end":{"line":118,"column":null}},"type":"cond-expr","locations":[{"start":{"line":118,"column":43},"end":{"line":118,"column":55}},{"start":{"line":118,"column":55},"end":{"line":118,"column":null}}],"line":118},"12":{"loc":{"start":{"line":129,"column":29},"end":{"line":129,"column":null}},"type":"cond-expr","locations":[{"start":{"line":129,"column":40},"end":{"line":129,"column":77}},{"start":{"line":129,"column":77},"end":{"line":129,"column":null}}],"line":129}},"s":{"0":1,"1":22,"2":22,"3":22,"4":22,"5":22,"6":22,"7":5,"8":5,"9":5,"10":5,"11":5,"12":5,"13":2,"14":2,"15":1,"16":1,"17":1,"18":1,"19":1,"20":3,"21":3,"22":2,"23":2,"24":1,"25":1,"26":1,"27":1,"28":1,"29":0,"30":5,"31":22,"32":4,"33":3,"34":2},"f":{"0":22,"1":5,"2":4,"3":3,"4":2},"b":{"0":[2,3],"1":[1,1],"2":[1,0],"3":[2,1],"4":[1,1],"5":[1,0],"6":[1,0],"7":[8,14],"8":[22,3],"9":[5,17],"10":[5,17],"11":[6,11],"12":[8,14]},"meta":{"lastBranch":13,"lastFunction":5,"lastStatement":35,"seen":{"s:9:6:134:Infinity":0,"f:9:6:9:37":0,"s:10:21:10:48":1,"s:11:21:11:48":2,"s:12:21:12:51":3,"s:13:18:13:59":4,"s:14:22:14:53":5,"s:16:25:56:Infinity":6,"f:16:25:16:32":1,"s:17:8:17:Infinity":7,"s:18:8:18:Infinity":8,"s:19:8:19:Infinity":9,"s:21:8:21:Infinity":10,"s:23:8:56:Infinity":11,"b:24:12:50:Infinity:36:19:50:Infinity":0,"s:24:12:50:Infinity":12,"s:25:44:27:18":13,"b:28:16:34:Infinity:32:23:34:Infinity":1,"s:28:16:34:Infinity":14,"s:29:20:29:Infinity":15,"s:30:36:30:Infinity":16,"s:31:20:31:Infinity":17,"b:31:29:31:39:31:39:31:74":2,"s:33:20:33:Infinity":18,"s:34:20:34:Infinity":19,"s:37:50:39:18":20,"b:41:16:50:Infinity:48:27:50:Infinity":3,"s:41:16:50:Infinity":21,"s:42:36:42:Infinity":22,"b:43:20:46:Infinity:45:27:46:Infinity":4,"s:43:20:46:Infinity":23,"s:44:24:44:Infinity":24,"s:46:24:46:Infinity":25,"b:46:33:46:43:46:43:46:90":5,"b:48:27:50:Infinity:undefined:undefined:undefined:undefined":6,"s:48:27:50:Infinity":26,"s:49:20:49:Infinity":27,"s:50:20:50:Infinity":28,"s:54:12:54:Infinity":29,"s:56:12:56:Infinity":30,"s:60:4:134:Infinity":31,"b:65:36:65:58:65:58:65:Infinity":7,"b:69:21:69:Infinity:70:24:81:Infinity":8,"f:91:32:91:43":2,"s:91:49:91:Infinity":32,"f:101:32:101:43":3,"s:101:49:101:Infinity":33,"b:110:174:110:208:110:208:110:246":9,"b:113:32:118:43:118:32:118:Infinity":10,"b:118:43:118:55:118:55:118:Infinity":11,"f:126:28:126:43":4,"s:126:43:126:65":34,"b:129:40:129:77:129:77:129:Infinity":12}}}
,"/Volumes/Sree/Learn/react/react-frontend-template/src/components/Profile.tsx": {"path":"/Volumes/Sree/Learn/react/react-frontend-template/src/components/Profile.tsx","statementMap":{"0":{"start":{"line":18,"column":6},"end":{"line":484,"column":null}},"1":{"start":{"line":19,"column":24},"end":{"line":19,"column":75}},"2":{"start":{"line":20,"column":22},"end":{"line":20,"column":52}},"3":{"start":{"line":23,"column":29},"end":{"line":23,"column":67}},"4":{"start":{"line":24,"column":25},"end":{"line":24,"column":56}},"5":{"start":{"line":25,"column":30},"end":{"line":25,"column":69}},"6":{"start":{"line":28,"column":31},"end":{"line":28,"column":71}},"7":{"start":{"line":29,"column":28},"end":{"line":29,"column":62}},"8":{"start":{"line":30,"column":24},"end":{"line":30,"column":54}},"9":{"start":{"line":31,"column":28},"end":{"line":31,"column":62}},"10":{"start":{"line":32,"column":31},"end":{"line":32,"column":71}},"11":{"start":{"line":33,"column":26},"end":{"line":33,"column":75}},"12":{"start":{"line":34,"column":28},"end":{"line":34,"column":65}},"13":{"start":{"line":37,"column":30},"end":{"line":37,"column":69}},"14":{"start":{"line":38,"column":30},"end":{"line":38,"column":69}},"15":{"start":{"line":39,"column":29},"end":{"line":39,"column":64}},"16":{"start":{"line":40,"column":32},"end":{"line":40,"column":73}},"17":{"start":{"line":41,"column":24},"end":{"line":41,"column":71}},"18":{"start":{"line":43,"column":4},"end":{"line":45,"column":null}},"19":{"start":{"line":44,"column":8},"end":{"line":44,"column":null}},"20":{"start":{"line":47,"column":22},"end":{"line":58,"column":null}},"21":{"start":{"line":48,"column":8},"end":{"line":58,"column":null}},"22":{"start":{"line":49,"column":12},"end":{"line":49,"column":null}},"23":{"start":{"line":50,"column":29},"end":{"line":50,"column":75}},"24":{"start":{"line":51,"column":12},"end":{"line":53,"column":null}},"25":{"start":{"line":52,"column":16},"end":{"line":52,"column":null}},"26":{"start":{"line":53,"column":16},"end":{"line":53,"column":null}},"27":{"start":{"line":56,"column":12},"end":{"line":56,"column":null}},"28":{"start":{"line":58,"column":12},"end":{"line":58,"column":null}},"29":{"start":{"line":62,"column":32},"end":{"line":79,"column":null}},"30":{"start":{"line":63,"column":8},"end":{"line":63,"column":null}},"31":{"start":{"line":64,"column":8},"end":{"line":64,"column":null}},"32":{"start":{"line":64,"column":26},"end":{"line":64,"column":null}},"33":{"start":{"line":66,"column":8},"end":{"line":79,"column":null}},"34":{"start":{"line":67,"column":12},"end":{"line":67,"column":null}},"35":{"start":{"line":68,"column":29},"end":{"line":71,"column":14}},"36":{"start":{"line":72,"column":12},"end":{"line":74,"column":null}},"37":{"start":{"line":73,"column":16},"end":{"line":73,"column":null}},"38":{"start":{"line":74,"column":16},"end":{"line":74,"column":null}},"39":{"start":{"line":77,"column":12},"end":{"line":77,"column":null}},"40":{"start":{"line":79,"column":12},"end":{"line":79,"column":null}},"41":{"start":{"line":83,"column":33},"end":{"line":113,"column":null}},"42":{"start":{"line":84,"column":8},"end":{"line":84,"column":null}},"43":{"start":{"line":85,"column":8},"end":{"line":85,"column":null}},"44":{"start":{"line":86,"column":8},"end":{"line":86,"column":null}},"45":{"start":{"line":88,"column":8},"end":{"line":90,"column":null}},"46":{"start":{"line":89,"column":12},"end":{"line":89,"column":null}},"47":{"start":{"line":90,"column":12},"end":{"line":90,"column":null}},"48":{"start":{"line":93,"column":8},"end":{"line":113,"column":null}},"49":{"start":{"line":94,"column":12},"end":{"line":94,"column":null}},"50":{"start":{"line":95,"column":12},"end":{"line":100,"column":null}},"51":{"start":{"line":101,"column":12},"end":{"line":101,"column":null}},"52":{"start":{"line":102,"column":12},"end":{"line":102,"column":null}},"53":{"start":{"line":103,"column":12},"end":{"line":103,"column":null}},"54":{"start":{"line":104,"column":12},"end":{"line":104,"column":null}},"55":{"start":{"line":105,"column":12},"end":{"line":108,"column":null}},"56":{"start":{"line":106,"column":16},"end":{"line":106,"column":null}},"57":{"start":{"line":107,"column":16},"end":{"line":107,"column":null}},"58":{"start":{"line":110,"column":12},"end":{"line":110,"column":null}},"59":{"start":{"line":111,"column":12},"end":{"line":111,"column":null}},"60":{"start":{"line":113,"column":12},"end":{"line":113,"column":null}},"61":{"start":{"line":117,"column":32},"end":{"line":145,"column":null}},"62":{"start":{"line":118,"column":8},"end":{"line":118,"column":null}},"63":{"start":{"line":118,"column":26},"end":{"line":118,"column":null}},"64":{"start":{"line":120,"column":8},"end":{"line":121,"column":null}},"65":{"start":{"line":121,"column":12},"end":{"line":121,"column":null}},"66":{"start":{"line":124,"column":8},"end":{"line":145,"column":null}},"67":{"start":{"line":125,"column":12},"end":{"line":125,"column":null}},"68":{"start":{"line":128,"column":34},"end":{"line":128,"column":64}},"69":{"start":{"line":129,"column":12},"end":{"line":133,"column":null}},"70":{"start":{"line":131,"column":16},"end":{"line":133,"column":null}},"71":{"start":{"line":131,"column":62},"end":{"line":132,"column":75}},"72":{"start":{"line":137,"column":12},"end":{"line":137,"column":null}},"73":{"start":{"line":140,"column":12},"end":{"line":140,"column":null}},"74":{"start":{"line":142,"column":12},"end":{"line":142,"column":null}},"75":{"start":{"line":143,"column":12},"end":{"line":143,"column":null}},"76":{"start":{"line":145,"column":12},"end":{"line":145,"column":null}},"77":{"start":{"line":149,"column":43},"end":{"line":173,"column":null}},"78":{"start":{"line":150,"column":8},"end":{"line":150,"column":null}},"79":{"start":{"line":151,"column":8},"end":{"line":151,"column":null}},"80":{"start":{"line":151,"column":26},"end":{"line":151,"column":null}},"81":{"start":{"line":152,"column":8},"end":{"line":152,"column":null}},"82":{"start":{"line":154,"column":8},"end":{"line":173,"column":null}},"83":{"start":{"line":155,"column":12},"end":{"line":155,"column":null}},"84":{"start":{"line":157,"column":29},"end":{"line":162,"column":14}},"85":{"start":{"line":164,"column":12},"end":{"line":168,"column":null}},"86":{"start":{"line":166,"column":16},"end":{"line":166,"column":null}},"87":{"start":{"line":168,"column":16},"end":{"line":168,"column":null}},"88":{"start":{"line":171,"column":12},"end":{"line":171,"column":null}},"89":{"start":{"line":173,"column":12},"end":{"line":173,"column":null}},"90":{"start":{"line":177,"column":4},"end":{"line":181,"column":null}},"91":{"start":{"line":178,"column":8},"end":{"line":181,"column":null}},"92":{"start":{"line":185,"column":4},"end":{"line":484,"column":null}},"93":{"start":{"line":221,"column":51},"end":{"line":221,"column":76}},"94":{"start":{"line":238,"column":61},"end":{"line":238,"column":92}},"95":{"start":{"line":254,"column":48},"end":{"line":254,"column":null}},"96":{"start":{"line":255,"column":48},"end":{"line":255,"column":null}},"97":{"start":{"line":303,"column":51},"end":{"line":303,"column":78}},"98":{"start":{"line":320,"column":61},"end":{"line":320,"column":95}},"99":{"start":{"line":332,"column":65},"end":{"line":332,"column":95}},"100":{"start":{"line":343,"column":65},"end":{"line":343,"column":99}},"101":{"start":{"line":381,"column":48},"end":{"line":381,"column":null}},"102":{"start":{"line":382,"column":48},"end":{"line":382,"column":null}},"103":{"start":{"line":383,"column":48},"end":{"line":383,"column":null}},"104":{"start":{"line":384,"column":48},"end":{"line":384,"column":null}},"105":{"start":{"line":385,"column":48},"end":{"line":385,"column":null}},"106":{"start":{"line":386,"column":48},"end":{"line":386,"column":null}},"107":{"start":{"line":404,"column":55},"end":{"line":404,"column":82}},"108":{"start":{"line":437,"column":55},"end":{"line":437,"column":81}},"109":{"start":{"line":452,"column":65},"end":{"line":452,"column":100}},"110":{"start":{"line":468,"column":52},"end":{"line":468,"column":null}},"111":{"start":{"line":469,"column":52},"end":{"line":469,"column":null}},"112":{"start":{"line":470,"column":52},"end":{"line":470,"column":null}}},"fnMap":{"0":{"name":"(anonymous_0)","decl":{"start":{"line":18,"column":6},"end":{"line":18,"column":17}},"loc":{"start":{"line":18,"column":48},"end":{"line":484,"column":null}},"line":18},"1":{"name":"(anonymous_1)","decl":{"start":{"line":43,"column":4},"end":{"line":43,"column":20}},"loc":{"start":{"line":43,"column":20},"end":{"line":45,"column":9}},"line":43},"2":{"name":"(anonymous_2)","decl":{"start":{"line":47,"column":22},"end":{"line":47,"column":34}},"loc":{"start":{"line":47,"column":34},"end":{"line":58,"column":null}},"line":47},"3":{"name":"(anonymous_3)","decl":{"start":{"line":62,"column":32},"end":{"line":62,"column":39}},"loc":{"start":{"line":62,"column":62},"end":{"line":79,"column":null}},"line":62},"4":{"name":"(anonymous_4)","decl":{"start":{"line":83,"column":33},"end":{"line":83,"column":40}},"loc":{"start":{"line":83,"column":63},"end":{"line":113,"column":null}},"line":83},"5":{"name":"(anonymous_5)","decl":{"start":{"line":105,"column":12},"end":{"line":105,"column":29}},"loc":{"start":{"line":105,"column":29},"end":{"line":108,"column":20}},"line":105},"6":{"name":"(anonymous_6)","decl":{"start":{"line":117,"column":32},"end":{"line":117,"column":44}},"loc":{"start":{"line":117,"column":44},"end":{"line":145,"column":null}},"line":117},"7":{"name":"(anonymous_7)","decl":{"start":{"line":131,"column":58},"end":{"line":131,"column":62}},"loc":{"start":{"line":131,"column":62},"end":{"line":132,"column":75}},"line":131},"8":{"name":"(anonymous_8)","decl":{"start":{"line":149,"column":43},"end":{"line":149,"column":50}},"loc":{"start":{"line":149,"column":73},"end":{"line":173,"column":null}},"line":149},"9":{"name":"(anonymous_9)","decl":{"start":{"line":221,"column":36},"end":{"line":221,"column":51}},"loc":{"start":{"line":221,"column":51},"end":{"line":221,"column":76}},"line":221},"10":{"name":"(anonymous_10)","decl":{"start":{"line":238,"column":44},"end":{"line":238,"column":55}},"loc":{"start":{"line":238,"column":61},"end":{"line":238,"column":92}},"line":238},"11":{"name":"(anonymous_11)","decl":{"start":{"line":253,"column":44},"end":{"line":253,"column":59}},"loc":{"start":{"line":253,"column":59},"end":{"line":255,"column":null}},"line":253},"12":{"name":"(anonymous_12)","decl":{"start":{"line":303,"column":36},"end":{"line":303,"column":51}},"loc":{"start":{"line":303,"column":51},"end":{"line":303,"column":78}},"line":303},"13":{"name":"(anonymous_13)","decl":{"start":{"line":320,"column":44},"end":{"line":320,"column":55}},"loc":{"start":{"line":320,"column":61},"end":{"line":320,"column":95}},"line":320},"14":{"name":"(anonymous_14)","decl":{"start":{"line":332,"column":48},"end":{"line":332,"column":59}},"loc":{"start":{"line":332,"column":65},"end":{"line":332,"column":95}},"line":332},"15":{"name":"(anonymous_15)","decl":{"start":{"line":343,"column":48},"end":{"line":343,"column":59}},"loc":{"start":{"line":343,"column":65},"end":{"line":343,"column":99}},"line":343},"16":{"name":"(anonymous_16)","decl":{"start":{"line":380,"column":44},"end":{"line":380,"column":59}},"loc":{"start":{"line":380,"column":59},"end":{"line":386,"column":null}},"line":380},"17":{"name":"(anonymous_17)","decl":{"start":{"line":404,"column":40},"end":{"line":404,"column":55}},"loc":{"start":{"line":404,"column":55},"end":{"line":404,"column":82}},"line":404},"18":{"name":"(anonymous_18)","decl":{"start":{"line":437,"column":40},"end":{"line":437,"column":55}},"loc":{"start":{"line":437,"column":55},"end":{"line":437,"column":81}},"line":437},"19":{"name":"(anonymous_19)","decl":{"start":{"line":452,"column":48},"end":{"line":452,"column":59}},"loc":{"start":{"line":452,"column":65},"end":{"line":452,"column":100}},"line":452},"20":{"name":"(anonymous_20)","decl":{"start":{"line":467,"column":48},"end":{"line":467,"column":63}},"loc":{"start":{"line":467,"column":63},"end":{"line":470,"column":null}},"line":467}},"branchMap":{"0":{"loc":{"start":{"line":51,"column":12},"end":{"line":53,"column":null}},"type":"if","locations":[{"start":{"line":51,"column":12},"end":{"line":53,"column":null}},{"start":{},"end":{}}],"line":51},"1":{"loc":{"start":{"line":53,"column":32},"end":{"line":53,"column":62}},"type":"binary-expr","locations":[{"start":{"line":53,"column":32},"end":{"line":53,"column":59}},{"start":{"line":53,"column":59},"end":{"line":53,"column":62}}],"line":53},"2":{"loc":{"start":{"line":64,"column":8},"end":{"line":64,"column":null}},"type":"if","locations":[{"start":{"line":64,"column":8},"end":{"line":64,"column":null}},{"start":{},"end":{}}],"line":64},"3":{"loc":{"start":{"line":72,"column":12},"end":{"line":74,"column":null}},"type":"if","locations":[{"start":{"line":72,"column":12},"end":{"line":74,"column":null}},{"start":{},"end":{}}],"line":72},"4":{"loc":{"start":{"line":88,"column":8},"end":{"line":90,"column":null}},"type":"if","locations":[{"start":{"line":88,"column":8},"end":{"line":90,"column":null}},{"start":{},"end":{}}],"line":88},"5":{"loc":{"start":{"line":111,"column":29},"end":{"line":111,"column":116}},"type":"binary-expr","locations":[{"start":{"line":111,"column":29},"end":{"line":111,"column":51}},{"start":{"line":111,"column":51},"end":{"line":111,"column":116}}],"line":111},"6":{"loc":{"start":{"line":118,"column":8},"end":{"line":118,"column":null}},"type":"if","locations":[{"start":{"line":118,"column":8},"end":{"line":118,"column":null}},{"start":{},"end":{}}],"line":118},"7":{"loc":{"start":{"line":120,"column":8},"end":{"line":121,"column":null}},"type":"if","locations":[{"start":{"line":120,"column":8},"end":{"line":121,"column":null}},{"start":{},"end":{}}],"line":120},"8":{"loc":{"start":{"line":129,"column":12},"end":{"line":133,"column":null}},"type":"if","locations":[{"start":{"line":129,"column":12},"end":{"line":133,"column":null}},{"start":{},"end":{}}],"line":129},"9":{"loc":{"start":{"line":129,"column":16},"end":{"line":129,"column":63}},"type":"binary-expr","locations":[{"start":{"line":129,"column":16},"end":{"line":129,"column":38}},{"start":{"line":129,"column":38},"end":{"line":129,"column":63}}],"line":129},"10":{"loc":{"start":{"line":151,"column":8},"end":{"line":151,"column":null}},"type":"if","locations":[{"start":{"line":151,"column":8},"end":{"line":151,"column":null}},{"start":{},"end":{}}],"line":151},"11":{"loc":{"start":{"line":164,"column":12},"end":{"line":168,"column":null}},"type":"if","locations":[{"start":{"line":164,"column":12},"end":{"line":168,"column":null}},{"start":{"line":167,"column":19},"end":{"line":168,"column":null}}],"line":164},"12":{"loc":{"start":{"line":177,"column":4},"end":{"line":181,"column":null}},"type":"if","locations":[{"start":{"line":177,"column":4},"end":{"line":181,"column":null}},{"start":{},"end":{}}],"line":177},"13":{"loc":{"start":{"line":219,"column":29},"end":{"line":225,"column":null}},"type":"binary-expr","locations":[{"start":{"line":219,"column":29},"end":{"line":219,"column":null}},{"start":{"line":220,"column":32},"end":{"line":225,"column":null}}],"line":219},"14":{"loc":{"start":{"line":229,"column":29},"end":{"line":284,"column":null}},"type":"cond-expr","locations":[{"start":{"line":230,"column":32},"end":{"line":265,"column":33}},{"start":{"line":265,"column":32},"end":{"line":284,"column":null}}],"line":229},"15":{"loc":{"start":{"line":249,"column":45},"end":{"line":249,"column":null}},"type":"cond-expr","locations":[{"start":{"line":249,"column":65},"end":{"line":249,"column":87}},{"start":{"line":249,"column":87},"end":{"line":249,"column":null}}],"line":249},"16":{"loc":{"start":{"line":255,"column":64},"end":{"line":255,"column":93}},"type":"binary-expr","locations":[{"start":{"line":255,"column":64},"end":{"line":255,"column":90}},{"start":{"line":255,"column":90},"end":{"line":255,"column":93}}],"line":255},"17":{"loc":{"start":{"line":272,"column":97},"end":{"line":272,"column":137}},"type":"binary-expr","locations":[{"start":{"line":272,"column":97},"end":{"line":272,"column":123}},{"start":{"line":272,"column":123},"end":{"line":272,"column":137}}],"line":272},"18":{"loc":{"start":{"line":301,"column":29},"end":{"line":307,"column":null}},"type":"binary-expr","locations":[{"start":{"line":301,"column":29},"end":{"line":301,"column":null}},{"start":{"line":302,"column":32},"end":{"line":307,"column":null}}],"line":301},"19":{"loc":{"start":{"line":311,"column":29},"end":{"line":409,"column":null}},"type":"cond-expr","locations":[{"start":{"line":312,"column":32},"end":{"line":396,"column":33}},{"start":{"line":396,"column":32},"end":{"line":409,"column":null}}],"line":311},"20":{"loc":{"start":{"line":349,"column":37},"end":{"line":357,"column":null}},"type":"binary-expr","locations":[{"start":{"line":349,"column":37},"end":{"line":349,"column":null}},{"start":{"line":350,"column":40},"end":{"line":357,"column":null}}],"line":349},"21":{"loc":{"start":{"line":359,"column":37},"end":{"line":367,"column":null}},"type":"binary-expr","locations":[{"start":{"line":359,"column":37},"end":{"line":359,"column":null}},{"start":{"line":360,"column":40},"end":{"line":367,"column":null}}],"line":359},"22":{"loc":{"start":{"line":376,"column":45},"end":{"line":376,"column":null}},"type":"cond-expr","locations":[{"start":{"line":376,"column":66},"end":{"line":376,"column":82}},{"start":{"line":376,"column":82},"end":{"line":376,"column":null}}],"line":376},"23":{"loc":{"start":{"line":435,"column":33},"end":{"line":475,"column":null}},"type":"cond-expr","locations":[{"start":{"line":436,"column":36},"end":{"line":443,"column":37}},{"start":{"line":443,"column":36},"end":{"line":475,"column":null}}],"line":435},"24":{"loc":{"start":{"line":456,"column":41},"end":{"line":456,"column":null}},"type":"binary-expr","locations":[{"start":{"line":456,"column":41},"end":{"line":456,"column":56}},{"start":{"line":456,"column":56},"end":{"line":456,"column":null}}],"line":456},"25":{"loc":{"start":{"line":460,"column":58},"end":{"line":460,"column":null}},"type":"binary-expr","locations":[{"start":{"line":460,"column":58},"end":{"line":460,"column":81}},{"start":{"line":460,"column":81},"end":{"line":460,"column":null}}],"line":460},"26":{"loc":{"start":{"line":463,"column":49},"end":{"line":463,"column":null}},"type":"cond-expr","locations":[{"start":{"line":463,"column":92},"end":{"line":463,"column":110}},{"start":{"line":463,"column":110},"end":{"line":463,"column":null}}],"line":463},"27":{"loc":{"start":{"line":463,"column":49},"end":{"line":463,"column":92}},"type":"binary-expr","locations":[{"start":{"line":463,"column":49},"end":{"line":463,"column":72}},{"start":{"line":463,"column":72},"end":{"line":463,"column":92}}],"line":463}},"s":{"0":1,"1":55,"2":55,"3":55,"4":55,"5":55,"6":55,"7":55,"8":55,"9":55,"10":55,"11":55,"12":55,"13":55,"14":55,"15":55,"16":55,"17":55,"18":55,"19":9,"20":55,"21":9,"22":9,"23":9,"24":9,"25":9,"26":9,"27":0,"28":9,"29":55,"30":1,"31":1,"32":0,"33":1,"34":1,"35":1,"36":1,"37":1,"38":1,"39":0,"40":1,"41":55,"42":3,"43":3,"44":3,"45":3,"46":1,"47":1,"48":2,"49":2,"50":2,"51":1,"52":1,"53":1,"54":1,"55":1,"56":0,"57":0,"58":1,"59":1,"60":2,"61":55,"62":2,"63":0,"64":2,"65":0,"66":2,"67":2,"68":2,"69":2,"70":2,"71":0,"72":2,"73":1,"74":1,"75":1,"76":2,"77":55,"78":3,"79":3,"80":0,"81":3,"82":3,"83":3,"84":3,"85":2,"86":2,"87":0,"88":1,"89":3,"90":55,"91":9,"92":46,"93":2,"94":1,"95":1,"96":1,"97":4,"98":3,"99":3,"100":3,"101":1,"102":1,"103":1,"104":1,"105":1,"106":1,"107":0,"108":3,"109":3,"110":0,"111":0,"112":0},"f":{"0":55,"1":9,"2":9,"3":1,"4":3,"5":0,"6":2,"7":0,"8":3,"9":2,"10":1,"11":1,"12":4,"13":3,"14":3,"15":3,"16":1,"17":0,"18":3,"19":3,"20":0},"b":{"0":[9,0],"1":[9,0],"2":[0,1],"3":[1,0],"4":[1,2],"5":[1,0],"6":[0,2],"7":[0,2],"8":[2,0],"9":[2,2],"10":[0,3],"11":[2,0],"12":[9,46],"13":[46,42],"14":[4,42],"15":[1,3],"16":[1,0],"17":[42,0],"18":[55,28],"19":[18,28],"20":[18,2],"21":[18,1],"22":[2,16],"23":[34,12],"24":[12,1],"25":[12,9],"26":[3,9],"27":[12,9]},"meta":{"lastBranch":28,"lastFunction":21,"lastStatement":113,"seen":{"s:18:6:484:Infinity":0,"f:18:6:18:17":0,"s:19:24:19:75":1,"s:20:22:20:52":2,"s:23:29:23:67":3,"s:24:25:24:56":4,"s:25:30:25:69":5,"s:28:31:28:71":6,"s:29:28:29:62":7,"s:30:24:30:54":8,"s:31:28:31:62":9,"s:32:31:32:71":10,"s:33:26:33:75":11,"s:34:28:34:65":12,"s:37:30:37:69":13,"s:38:30:38:69":14,"s:39:29:39:64":15,"s:40:32:40:73":16,"s:41:24:41:71":17,"s:43:4:45:Infinity":18,"f:43:4:43:20":1,"s:44:8:44:Infinity":19,"s:47:22:58:Infinity":20,"f:47:22:47:34":2,"s:48:8:58:Infinity":21,"s:49:12:49:Infinity":22,"s:50:29:50:75":23,"b:51:12:53:Infinity:undefined:undefined:undefined:undefined":0,"s:51:12:53:Infinity":24,"s:52:16:52:Infinity":25,"s:53:16:53:Infinity":26,"b:53:32:53:59:53:59:53:62":1,"s:56:12:56:Infinity":27,"s:58:12:58:Infinity":28,"s:62:32:79:Infinity":29,"f:62:32:62:39":3,"s:63:8:63:Infinity":30,"b:64:8:64:Infinity:undefined:undefined:undefined:undefined":2,"s:64:8:64:Infinity":31,"s:64:26:64:Infinity":32,"s:66:8:79:Infinity":33,"s:67:12:67:Infinity":34,"s:68:29:71:14":35,"b:72:12:74:Infinity:undefined:undefined:undefined:undefined":3,"s:72:12:74:Infinity":36,"s:73:16:73:Infinity":37,"s:74:16:74:Infinity":38,"s:77:12:77:Infinity":39,"s:79:12:79:Infinity":40,"s:83:33:113:Infinity":41,"f:83:33:83:40":4,"s:84:8:84:Infinity":42,"s:85:8:85:Infinity":43,"s:86:8:86:Infinity":44,"b:88:8:90:Infinity:undefined:undefined:undefined:undefined":4,"s:88:8:90:Infinity":45,"s:89:12:89:Infinity":46,"s:90:12:90:Infinity":47,"s:93:8:113:Infinity":48,"s:94:12:94:Infinity":49,"s:95:12:100:Infinity":50,"s:101:12:101:Infinity":51,"s:102:12:102:Infinity":52,"s:103:12:103:Infinity":53,"s:104:12:104:Infinity":54,"s:105:12:108:Infinity":55,"f:105:12:105:29":5,"s:106:16:106:Infinity":56,"s:107:16:107:Infinity":57,"s:110:12:110:Infinity":58,"s:111:12:111:Infinity":59,"b:111:29:111:51:111:51:111:116":5,"s:113:12:113:Infinity":60,"s:117:32:145:Infinity":61,"f:117:32:117:44":6,"b:118:8:118:Infinity:undefined:undefined:undefined:undefined":6,"s:118:8:118:Infinity":62,"s:118:26:118:Infinity":63,"b:120:8:121:Infinity:undefined:undefined:undefined:undefined":7,"s:120:8:121:Infinity":64,"s:121:12:121:Infinity":65,"s:124:8:145:Infinity":66,"s:125:12:125:Infinity":67,"s:128:34:128:64":68,"b:129:12:133:Infinity:undefined:undefined:undefined:undefined":8,"s:129:12:133:Infinity":69,"b:129:16:129:38:129:38:129:63":9,"s:131:16:133:Infinity":70,"f:131:58:131:62":7,"s:131:62:132:75":71,"s:137:12:137:Infinity":72,"s:140:12:140:Infinity":73,"s:142:12:142:Infinity":74,"s:143:12:143:Infinity":75,"s:145:12:145:Infinity":76,"s:149:43:173:Infinity":77,"f:149:43:149:50":8,"s:150:8:150:Infinity":78,"b:151:8:151:Infinity:undefined:undefined:undefined:undefined":10,"s:151:8:151:Infinity":79,"s:151:26:151:Infinity":80,"s:152:8:152:Infinity":81,"s:154:8:173:Infinity":82,"s:155:12:155:Infinity":83,"s:157:29:162:14":84,"b:164:12:168:Infinity:167:19:168:Infinity":11,"s:164:12:168:Infinity":85,"s:166:16:166:Infinity":86,"s:168:16:168:Infinity":87,"s:171:12:171:Infinity":88,"s:173:12:173:Infinity":89,"b:177:4:181:Infinity:undefined:undefined:undefined:undefined":12,"s:177:4:181:Infinity":90,"s:178:8:181:Infinity":91,"s:185:4:484:Infinity":92,"b:219:29:219:Infinity:220:32:225:Infinity":13,"f:221:36:221:51":9,"s:221:51:221:76":93,"b:230:32:265:33:265:32:284:Infinity":14,"f:238:44:238:55":10,"s:238:61:238:92":94,"b:249:65:249:87:249:87:249:Infinity":15,"f:253:44:253:59":11,"s:254:48:254:Infinity":95,"s:255:48:255:Infinity":96,"b:255:64:255:90:255:90:255:93":16,"b:272:97:272:123:272:123:272:137":17,"b:301:29:301:Infinity:302:32:307:Infinity":18,"f:303:36:303:51":12,"s:303:51:303:78":97,"b:312:32:396:33:396:32:409:Infinity":19,"f:320:44:320:55":13,"s:320:61:320:95":98,"f:332:48:332:59":14,"s:332:65:332:95":99,"f:343:48:343:59":15,"s:343:65:343:99":100,"b:349:37:349:Infinity:350:40:357:Infinity":20,"b:359:37:359:Infinity:360:40:367:Infinity":21,"b:376:66:376:82:376:82:376:Infinity":22,"f:380:44:380:59":16,"s:381:48:381:Infinity":101,"s:382:48:382:Infinity":102,"s:383:48:383:Infinity":103,"s:384:48:384:Infinity":104,"s:385:48:385:Infinity":105,"s:386:48:386:Infinity":106,"f:404:40:404:55":17,"s:404:55:404:82":107,"b:436:36:443:37:443:36:475:Infinity":23,"f:437:40:437:55":18,"s:437:55:437:81":108,"f:452:48:452:59":19,"s:452:65:452:100":109,"b:456:41:456:56:456:56:456:Infinity":24,"b:460:58:460:81:460:81:460:Infinity":25,"b:463:92:463:110:463:110:463:Infinity":26,"b:463:49:463:72:463:72:463:92":27,"f:467:48:467:63":20,"s:468:52:468:Infinity":110,"s:469:52:469:Infinity":111,"s:470:52:470:Infinity":112}}}
,"/Volumes/Sree/Learn/react/react-frontend-template/src/lib/auth.ts": {"path":"/Volumes/Sree/Learn/react/react-frontend-template/src/lib/auth.ts","statementMap":{"0":{"start":{"line":3,"column":18},"end":{"line":3,"column":null}},"1":{"start":{"line":5,"column":20},"end":{"line":38,"column":null}},"2":{"start":{"line":7,"column":8},"end":{"line":7,"column":null}},"3":{"start":{"line":8,"column":8},"end":{"line":12,"column":null}},"4":{"start":{"line":15,"column":8},"end":{"line":15,"column":null}},"5":{"start":{"line":18,"column":8},"end":{"line":18,"column":null}},"6":{"start":{"line":19,"column":8},"end":{"line":23,"column":null}},"7":{"start":{"line":26,"column":8},"end":{"line":26,"column":null}},"8":{"start":{"line":29,"column":22},"end":{"line":29,"column":53}},"9":{"start":{"line":30,"column":8},"end":{"line":35,"column":null}},"10":{"start":{"line":31,"column":12},"end":{"line":35,"column":null}}},"fnMap":{"0":{"name":"(anonymous_0)","decl":{"start":{"line":6,"column":4},"end":{"line":6,"column":15}},"loc":{"start":{"line":6,"column":33},"end":{"line":12,"column":null}},"line":6},"1":{"name":"(anonymous_1)","decl":{"start":{"line":14,"column":4},"end":{"line":14,"column":20}},"loc":{"start":{"line":14,"column":20},"end":{"line":15,"column":null}},"line":14},"2":{"name":"(anonymous_2)","decl":{"start":{"line":17,"column":4},"end":{"line":17,"column":22}},"loc":{"start":{"line":17,"column":22},"end":{"line":23,"column":null}},"line":17},"3":{"name":"(anonymous_3)","decl":{"start":{"line":25,"column":4},"end":{"line":25,"column":27}},"loc":{"start":{"line":25,"column":27},"end":{"line":26,"column":null}},"line":25},"4":{"name":"(anonymous_4)","decl":{"start":{"line":28,"column":4},"end":{"line":28,"column":22}},"loc":{"start":{"line":28,"column":22},"end":{"line":35,"column":null}},"line":28}},"branchMap":{"0":{"loc":{"start":{"line":30,"column":8},"end":{"line":35,"column":null}},"type":"if","locations":[{"start":{"line":30,"column":8},"end":{"line":35,"column":null}},{"start":{},"end":{}}],"line":30}},"s":{"0":2,"1":2,"2":1,"3":1,"4":0,"5":1,"6":1,"7":2,"8":1,"9":1,"10":1},"f":{"0":1,"1":0,"2":1,"3":2,"4":1},"b":{"0":[1,0]},"meta":{"lastBranch":1,"lastFunction":5,"lastStatement":11,"seen":{"s:3:18:3:Infinity":0,"s:5:20:38:Infinity":1,"f:6:4:6:15":0,"s:7:8:7:Infinity":2,"s:8:8:12:Infinity":3,"f:14:4:14:20":1,"s:15:8:15:Infinity":4,"f:17:4:17:22":2,"s:18:8:18:Infinity":5,"s:19:8:23:Infinity":6,"f:25:4:25:27":3,"s:26:8:26:Infinity":7,"f:28:4:28:22":4,"s:29:22:29:53":8,"b:30:8:35:Infinity:undefined:undefined:undefined:undefined":0,"s:30:8:35:Infinity":9,"s:31:12:35:Infinity":10}}}
}
