{"total": {"lines":{"total":339,"covered":307,"skipped":0,"pct":90.56},"statements":{"total":346,"covered":307,"skipped":0,"pct":88.72},"functions":{"total":81,"covered":71,"skipped":0,"pct":87.65},"branches":{"total":218,"covered":164,"skipped":0,"pct":75.22},"branchesTrue":{"total":0,"covered":0,"skipped":0,"pct":100}}
,"/Volumes/Sree/Learn/react/react-frontend-template/src/App.tsx": {"lines":{"total":14,"covered":14,"skipped":0,"pct":100},"functions":{"total":4,"covered":4,"skipped":0,"pct":100},"statements":{"total":14,"covered":14,"skipped":0,"pct":100},"branches":{"total":8,"covered":8,"skipped":0,"pct":100}}
,"/Volumes/Sree/Learn/react/react-frontend-template/src/components/Dashboard.tsx": {"lines":{"total":170,"covered":150,"skipped":0,"pct":88.23},"functions":{"total":46,"covered":41,"skipped":0,"pct":89.13},"statements":{"total":173,"covered":150,"skipped":0,"pct":86.7},"branches":{"total":126,"covered":88,"skipped":0,"pct":69.84}}
,"/Volumes/Sree/Learn/react/react-frontend-template/src/components/Login.tsx": {"lines":{"total":35,"covered":34,"skipped":0,"pct":97.14},"functions":{"total":5,"covered":5,"skipped":0,"pct":100},"statements":{"total":35,"covered":34,"skipped":0,"pct":97.14},"branches":{"total":26,"covered":23,"skipped":0,"pct":88.46}}
,"/Volumes/Sree/Learn/react/react-frontend-template/src/components/Profile.tsx": {"lines":{"total":109,"covered":99,"skipped":0,"pct":90.82},"functions":{"total":21,"covered":17,"skipped":0,"pct":80.95},"statements":{"total":113,"covered":99,"skipped":0,"pct":87.61},"branches":{"total":56,"covered":44,"skipped":0,"pct":78.57}}
,"/Volumes/Sree/Learn/react/react-frontend-template/src/lib/auth.ts": {"lines":{"total":11,"covered":10,"skipped":0,"pct":90.9},"functions":{"total":5,"covered":4,"skipped":0,"pct":80},"statements":{"total":11,"covered":10,"skipped":0,"pct":90.9},"branches":{"total":2,"covered":1,"skipped":0,"pct":50}}
}
